<inh f='boost-1.85.0/libs/iostreams/include/boost/iostreams/categories.hpp' l='22' c='boost::iostreams::any_tag'/>
<def f='boost-1.85.0/libs/iostreams/include/boost/iostreams/categories.hpp' l='28'/>
<ovr f='boost-1.85.0/libs/iostreams/include/boost/iostreams/categories.hpp' l='29' c='boost::iostreams::bidirectional'/>
<use f='boost-1.85.0/libs/iostreams/include/boost/iostreams/categories.hpp' l='29'/>
<ovr f='boost-1.85.0/libs/iostreams/include/boost/iostreams/categories.hpp' l='30' c='boost::iostreams::dual_use'/>
<use f='boost-1.85.0/libs/iostreams/include/boost/iostreams/categories.hpp' l='30'/>
<ovr f='boost-1.85.0/libs/iostreams/include/boost/iostreams/categories.hpp' l='32' c='boost::iostreams::output_seekable'/>
<use f='boost-1.85.0/libs/iostreams/include/boost/iostreams/categories.hpp' l='32'/>
<ovr f='boost-1.85.0/libs/iostreams/include/boost/iostreams/categories.hpp' l='66' c='boost::iostreams::sink_tag'/>
<use f='boost-1.85.0/libs/iostreams/include/boost/iostreams/categories.hpp' l='66'/>
<ovr f='boost-1.85.0/libs/iostreams/include/boost/iostreams/categories.hpp' l='71' c='boost::iostreams::output_filter_tag'/>
<use f='boost-1.85.0/libs/iostreams/include/boost/iostreams/categories.hpp' l='71'/>
<size>8</size>
<use f='boost-1.85.0/libs/iostreams/include/boost/iostreams/traits.hpp' l='295' c='_ZN5boost9iostreams6detail19io_mode_impl_helperENS0_6outputE'/>
<use f='boost-1.85.0/libs/iostreams/include/boost/iostreams/traits.hpp' l='295'/>
<use f='boost-1.85.0/libs/iostreams/include/boost/iostreams/write.hpp' l='109'/>
<use f='boost-1.85.0/libs/iostreams/include/boost/iostreams/checked_operations.hpp' l='109'/>
<use f='boost-1.85.0/libs/iostreams/include/boost/iostreams/filter/symmetric.hpp' l='221' c='_ZN5boost9iostreams16symmetric_filter5flushERTL0__'/>
<use f='boost-1.85.0/libs/iostreams/include/boost/iostreams/filter/gzip.hpp' l='295' c='_ZN5boost9iostreams21basic_gzip_compressor10write_longElRTL0__'/>
<size>8</size>
<use f='boost-1.85.0/libs/iostreams/include/boost/iostreams/concepts.hpp' l='59'/>
<use f='boost-1.85.0/libs/iostreams/include/boost/iostreams/concepts.hpp' l='60'/>
<use f='boost-1.85.0/libs/iostreams/include/boost/iostreams/concepts.hpp' l='101'/>
<use f='boost-1.85.0/libs/iostreams/include/boost/iostreams/concepts.hpp' l='102'/>
<use f='boost-1.85.0/libs/iostreams/include/boost/iostreams/concepts.hpp' l='120'/>
<use f='boost-1.85.0/libs/iostreams/include/boost/iostreams/concepts.hpp' l='121'/>
<size>8</size>
