<dec f='include/c++/9/bits/ios_base.h' l='446' type='const std::ios_base::openmode'/>
<use f='include/c++/9/streambuf' l='259' u='r' c='_ZNSt15basic_streambuf10pubseekoffENT0_8off_typeESt12_Ios_SeekdirSt13_Ios_Openmode'/>
<use f='include/c++/9/streambuf' l='271' u='r' c='_ZNSt15basic_streambuf10pubseekposENT0_8pos_typeESt13_Ios_Openmode'/>
<use f='include/c++/9/streambuf' l='610' u='r' c='_ZNSt15basic_streambuf7seekoffENT0_8off_typeESt12_Ios_SeekdirSt13_Ios_Openmode'/>
<use f='include/c++/9/streambuf' l='622' u='r' c='_ZNSt15basic_streambuf7seekposENT0_8pos_typeESt13_Ios_Openmode'/>
<use f='include/c++/9/bits/ostream.tcc' l='243' c='_ZNSt13basic_ostream5tellpEv'/>
<use f='include/c++/9/bits/ostream.tcc' l='268' c='_ZNSt13basic_ostream5seekpENT0_8pos_typeE'/>
<use f='include/c++/9/bits/ostream.tcc' l='300' c='_ZNSt13basic_ostream5seekpENT0_8off_typeESt12_Ios_Seekdir'/>
<doc f='include/c++/9/bits/ios_base.h' l='445'>/// Open for output.  Default for @c ofstream and fstream.</doc>
<use f='include/c++/9/sstream' l='100' u='r' c='_ZNSt7__cxx1115basic_stringbufC1Ev'/>
<use f='include/c++/9/sstream' l='125' u='r' c='_ZNSt7__cxx1115basic_stringbufC1ERKNS_12basic_stringIT_T0_T1_EESt13_Ios_Openmode'/>
<use f='include/c++/9/sstream' l='275' u='r' c='_ZNSt7__cxx1115basic_stringbuf7seekoffENT0_8off_typeESt12_Ios_SeekdirSt13_Ios_Openmode'/>
<use f='include/c++/9/sstream' l='279' u='r' c='_ZNSt7__cxx1115basic_stringbuf7seekposENT0_8pos_typeESt13_Ios_Openmode'/>
<use f='include/c++/9/sstream' l='584' u='r' c='_ZNSt7__cxx1119basic_ostringstreamC1Ev'/>
<use f='include/c++/9/sstream' l='601' u='r' c='_ZNSt7__cxx1119basic_ostringstreamC1ESt13_Ios_Openmode'/>
<use f='include/c++/9/sstream' l='619' u='r' c='_ZNSt7__cxx1119basic_ostringstreamC1ERKNS_12basic_stringIT_T0_T1_EESt13_Ios_Openmode'/>
<use f='include/c++/9/sstream' l='620' u='r' c='_ZNSt7__cxx1119basic_ostringstreamC1ERKNS_12basic_stringIT_T0_T1_EESt13_Ios_Openmode'/>
<use f='include/c++/9/sstream' l='742' u='r' c='_ZNSt7__cxx1118basic_stringstreamC1Ev'/>
<use f='include/c++/9/sstream' l='773' u='r' c='_ZNSt7__cxx1118basic_stringstreamC1ERKNS_12basic_stringIT_T0_T1_EESt13_Ios_Openmode'/>
<use f='include/c++/9/bits/sstream.tcc' l='59' c='_ZNSt7__cxx1115basic_stringbuf9pbackfailENT0_8int_typeE'/>
<use f='include/c++/9/bits/sstream.tcc' l='82' c='_ZNSt7__cxx1115basic_stringbuf8overflowENT0_8int_typeE'/>
<use f='include/c++/9/sstream' l='275' u='r' c='_ZNSt7__cxx1115basic_stringbuf7seekoffENT0_8off_typeESt12_Ios_SeekdirSt13_Ios_Openmode'/>
<use f='include/c++/9/bits/sstream.tcc' l='172' c='_ZNSt7__cxx1115basic_stringbuf7seekoffENT0_8off_typeESt12_Ios_SeekdirSt13_Ios_Openmode'/>
<use f='include/c++/9/bits/sstream.tcc' l='174' u='r' c='_ZNSt7__cxx1115basic_stringbuf7seekoffENT0_8off_typeESt12_Ios_SeekdirSt13_Ios_Openmode'/>
<use f='include/c++/9/sstream' l='279' u='r' c='_ZNSt7__cxx1115basic_stringbuf7seekposENT0_8pos_typeESt13_Ios_Openmode'/>
<use f='include/c++/9/bits/sstream.tcc' l='220' c='_ZNSt7__cxx1115basic_stringbuf7seekposENT0_8pos_typeESt13_Ios_Openmode'/>
<use f='include/c++/9/bits/sstream.tcc' l='249' u='r' c='_ZNSt7__cxx1115basic_stringbuf7_M_syncEPT_NS_12basic_stringIS1_T0_T1_E9size_typeES7_'/>
<use f='include/c++/9/fstream' l='417' u='r' c='_ZNSt13basic_filebuf7seekoffENT0_8off_typeESt12_Ios_SeekdirSt13_Ios_Openmode'/>
<use f='include/c++/9/fstream' l='421' u='r' c='_ZNSt13basic_filebuf7seekposENT0_8pos_typeESt13_Ios_Openmode'/>
<use f='include/c++/9/fstream' l='462' u='r' c='_ZNSt13basic_filebuf13_M_set_bufferEl'/>
<use f='include/c++/9/fstream' l='791' u='r' c='_ZNSt14basic_ofstreamC1EPKcSt13_Ios_Openmode'/>
<use f='include/c++/9/fstream' l='826' u='r' c='_ZNSt14basic_ofstreamC1ERKNSt7__cxx1112basic_stringIcSt11char_traitsIcESaIcEEESt13_Ios_Openmode'/>
<use f='include/c++/9/fstream' l='921' u='r' c='_ZNSt14basic_ofstream4openEPKcSt13_Ios_Openmode'/>
<use f='include/c++/9/fstream' l='923' u='r' c='_ZNSt14basic_ofstream4openEPKcSt13_Ios_Openmode'/>
<use f='include/c++/9/fstream' l='960' u='r' c='_ZNSt14basic_ofstream4openERKNSt7__cxx1112basic_stringIcSt11char_traitsIcESaIcEEESt13_Ios_Openmode'/>
<use f='include/c++/9/fstream' l='962' u='r' c='_ZNSt14basic_ofstream4openERKNSt7__cxx1112basic_stringIcSt11char_traitsIcESaIcEEESt13_Ios_Openmode'/>
<use f='include/c++/9/fstream' l='1054' u='r' c='_ZNSt13basic_fstreamC1EPKcSt13_Ios_Openmode'/>
<use f='include/c++/9/fstream' l='1084' u='r' c='_ZNSt13basic_fstreamC1ERKNSt7__cxx1112basic_stringIcSt11char_traitsIcESaIcEEESt13_Ios_Openmode'/>
<use f='include/c++/9/fstream' l='1178' u='r' c='_ZNSt13basic_fstream4openEPKcSt13_Ios_Openmode'/>
<use f='include/c++/9/fstream' l='1219' u='r' c='_ZNSt13basic_fstream4openERKNSt7__cxx1112basic_stringIcSt11char_traitsIcESaIcEEESt13_Ios_Openmode'/>
<use f='include/c++/9/bits/fstream.tcc' l='546' u='r' c='_ZNSt13basic_filebuf8overflowENT0_8int_typeE'/>
<use f='include/c++/9/bits/fstream.tcc' l='762' u='r' c='_ZNSt13basic_filebuf6xsputnEPKT_l'/>
<use f='include/c++/9/fstream' l='417' u='r' c='_ZNSt13basic_filebuf7seekoffENT0_8off_typeESt12_Ios_SeekdirSt13_Ios_Openmode'/>
<use f='include/c++/9/fstream' l='421' u='r' c='_ZNSt13basic_filebuf7seekposENT0_8pos_typeESt13_Ios_Openmode'/>
<use f='boost-1.85.0/libs/filesystem/include/boost/filesystem/fstream.hpp' l='154' u='r' c='_ZN5boost10filesystem14basic_ofstreamC1ERKNS0_4pathE'/>
<use f='boost-1.85.0/libs/filesystem/include/boost/filesystem/fstream.hpp' l='176' c='_ZN5boost10filesystem14basic_ofstream4openERKNS0_4pathE'/>
<use f='boost-1.85.0/libs/filesystem/include/boost/filesystem/fstream.hpp' l='203' u='r' c='_ZN5boost10filesystem13basic_fstreamC1ERKNS0_4pathE'/>
<use f='boost-1.85.0/libs/filesystem/include/boost/filesystem/fstream.hpp' l='225' u='r' c='_ZN5boost10filesystem13basic_fstream4openERKNS0_4pathE'/>
<use f='boost-1.85.0/libs/format/include/boost/format/alt_sstream.hpp' l='59' u='r' c='_ZN5boost2io18basic_altstringbufC1ESt13_Ios_Openmode'/>
<use f='boost-1.85.0/libs/format/include/boost/format/alt_sstream.hpp' l='64' u='r' c='_ZN5boost2io18basic_altstringbufC1ERKNSt7__cxx1112basic_stringIT_T0_T1_EESt13_Ios_Openmode'/>
<use f='boost-1.85.0/libs/format/include/boost/format/alt_sstream.hpp' l='96' u='r' c='_ZN5boost2io18basic_altstringbufC1EPNS0_18basic_altstringbufIT_T0_T1_EESt13_Ios_Openmode'/>
<use f='boost-1.85.0/libs/format/include/boost/format/alt_sstream.hpp' l='102' u='r' c='_ZN5boost2io18basic_altstringbuf7seekoffENS0_12CompatTraitsIT0_E15compatible_type8off_typeESt12_Ios_SeekdirSt13_Ios_Openmode'/>
<use f='boost-1.85.0/libs/format/include/boost/format/alt_sstream.hpp' l='105' u='r' c='_ZN5boost2io18basic_altstringbuf7seekposENS0_12CompatTraitsIT0_E15compatible_type8pos_typeESt13_Ios_Openmode'/>
<use f='boost-1.85.0/libs/format/include/boost/format/alt_sstream_impl.hpp' l='26' u='r' c='_ZN5boost2io18basic_altstringbuf12clear_bufferEv'/>
<use f='boost-1.85.0/libs/format/include/boost/format/alt_sstream_impl.hpp' l='39' u='r' c='_ZN5boost2io18basic_altstringbuf3strERKNSt7__cxx1112basic_stringIT_T0_T1_EE'/>
<use f='boost-1.85.0/libs/format/include/boost/format/alt_sstream_impl.hpp' l='52' u='r' c='_ZN5boost2io18basic_altstringbuf3strERKNSt7__cxx1112basic_stringIT_T0_T1_EE'/>
<use f='boost-1.85.0/libs/format/include/boost/format/alt_sstream_impl.hpp' l='67' u='r' c='_ZNK5boost2io18basic_altstringbuf5beginEv'/>
<use f='boost-1.85.0/libs/format/include/boost/format/alt_sstream_impl.hpp' l='78' u='r' c='_ZNK5boost2io18basic_altstringbuf4sizeB5cxx11Ev'/>
<use f='boost-1.85.0/libs/format/include/boost/format/alt_sstream_impl.hpp' l='90' u='r' c='_ZNK5boost2io18basic_altstringbuf8cur_sizeB5cxx11Ev'/>
<use f='boost-1.85.0/libs/format/include/boost/format/alt_sstream.hpp' l='102' u='r' c='_ZN5boost2io18basic_altstringbuf7seekoffENS0_12CompatTraitsIT0_E15compatible_type8off_typeESt12_Ios_SeekdirSt13_Ios_Openmode'/>
<use f='boost-1.85.0/libs/format/include/boost/format/alt_sstream_impl.hpp' l='110' u='r' c='_ZN5boost2io18basic_altstringbuf7seekoffENS0_12CompatTraitsIT0_E15compatible_type8off_typeESt12_Ios_SeekdirSt13_Ios_Openmode'/>
<use f='boost-1.85.0/libs/format/include/boost/format/alt_sstream_impl.hpp' l='116' u='r' c='_ZN5boost2io18basic_altstringbuf7seekoffENS0_12CompatTraitsIT0_E15compatible_type8off_typeESt12_Ios_SeekdirSt13_Ios_Openmode'/>
<use f='boost-1.85.0/libs/format/include/boost/format/alt_sstream_impl.hpp' l='123' u='r' c='_ZN5boost2io18basic_altstringbuf7seekoffENS0_12CompatTraitsIT0_E15compatible_type8off_typeESt12_Ios_SeekdirSt13_Ios_Openmode'/>
<use f='boost-1.85.0/libs/format/include/boost/format/alt_sstream.hpp' l='105' u='r' c='_ZN5boost2io18basic_altstringbuf7seekposENS0_12CompatTraitsIT0_E15compatible_type8pos_typeESt13_Ios_Openmode'/>
<use f='boost-1.85.0/libs/format/include/boost/format/alt_sstream_impl.hpp' l='156' u='r' c='_ZN5boost2io18basic_altstringbuf7seekposENS0_12CompatTraitsIT0_E15compatible_type8pos_typeESt13_Ios_Openmode'/>
<use f='boost-1.85.0/libs/format/include/boost/format/alt_sstream_impl.hpp' l='164' u='r' c='_ZN5boost2io18basic_altstringbuf7seekposENS0_12CompatTraitsIT0_E15compatible_type8pos_typeESt13_Ios_Openmode'/>
<use f='boost-1.85.0/libs/format/include/boost/format/alt_sstream_impl.hpp' l='210' u='r' c='_ZN5boost2io18basic_altstringbuf9pbackfailENS0_12CompatTraitsIT0_E15compatible_type8int_typeE'/>
<use f='boost-1.85.0/libs/format/include/boost/format/alt_sstream_impl.hpp' l='239' u='r' c='_ZN5boost2io18basic_altstringbuf8overflowENS0_12CompatTraitsIT0_E15compatible_type8int_typeE'/>
<use f='boost-1.85.0/libs/lexical_cast/include/boost/detail/basic_pointerbuf.hpp' l='78' u='r' c='_ZN5boost6detail16basic_pointerbuf7seekoffENT0_8off_typeESt12_Ios_SeekdirSt13_Ios_Openmode'/>
<use f='boost-1.85.0/libs/lexical_cast/include/boost/detail/basic_pointerbuf.hpp' l='122' u='r' c='_ZN5boost6detail16basic_pointerbuf7seekposENT0_8pos_typeESt13_Ios_Openmode'/>
<use f='boost-1.85.0/libs/regex/include/boost/regex/v5/cpp_regex_traits.hpp' l='93' u='r' c='_ZN5boost13re_detail_50010parser_buf7seekoffENSt15basic_streambufIT_T0_E8off_typeESt12_Ios_SeekdirSt13_Ios_Openmode'/>
<use f='boost-1.85.0/libs/regex/include/boost/regex/v5/cpp_regex_traits.hpp' l='137' u='r' c='_ZN5boost13re_detail_50010parser_buf7seekposENSt15basic_streambufIT_T0_E8pos_typeESt13_Ios_Openmode'/>
<use f='boost-1.85.0/libs/iostreams/include/boost/iostreams/device/file_descriptor.hpp' l='81' u='r' c='_ZN5boost9iostreams15file_descriptorC1ERKNSt7__cxx1112basic_stringIcSt11char_traitsIcESaIcEEESt13_Ios_Openmode'/>
<use f='boost-1.85.0/libs/iostreams/include/boost/iostreams/device/file_descriptor.hpp' l='86' u='r' c='_ZN5boost9iostreams15file_descriptorC1EPKcSt13_Ios_Openmode'/>
<use f='boost-1.85.0/libs/iostreams/include/boost/iostreams/device/file_descriptor.hpp' l='92' u='r' c='_ZN5boost9iostreams15file_descriptorC1ERKT_St13_Ios_Openmode'/>
<use f='boost-1.85.0/libs/iostreams/include/boost/iostreams/device/file_descriptor.hpp' l='118' u='r' c='_ZN5boost9iostreams15file_descriptor4openERKNSt7__cxx1112basic_stringIcSt11char_traitsIcESaIcEEESt13_Ios_Openmode'/>
<use f='boost-1.85.0/libs/iostreams/include/boost/iostreams/device/file_descriptor.hpp' l='123' u='r' c='_ZN5boost9iostreams15file_descriptor4openEPKcSt13_Ios_Openmode'/>
<use f='boost-1.85.0/libs/iostreams/include/boost/iostreams/device/file_descriptor.hpp' l='129' u='r' c='_ZN5boost9iostreams15file_descriptor4openERKT_St13_Ios_Openmode'/>
<use f='boost-1.85.0/libs/iostreams/include/boost/iostreams/device/file_descriptor.hpp' l='270' u='r' c='_ZN5boost9iostreams20file_descriptor_sinkC1ERKNSt7__cxx1112basic_stringIcSt11char_traitsIcESaIcEEESt13_Ios_Openmode'/>
<use f='boost-1.85.0/libs/iostreams/include/boost/iostreams/device/file_descriptor.hpp' l='274' u='r' c='_ZN5boost9iostreams20file_descriptor_sinkC1EPKcSt13_Ios_Openmode'/>
<use f='boost-1.85.0/libs/iostreams/include/boost/iostreams/device/file_descriptor.hpp' l='279' u='r' c='_ZN5boost9iostreams20file_descriptor_sinkC1ERKT_St13_Ios_Openmode'/>
<use f='boost-1.85.0/libs/iostreams/include/boost/iostreams/device/file_descriptor.hpp' l='301' u='r' c='_ZN5boost9iostreams20file_descriptor_sink4openERKNSt7__cxx1112basic_stringIcSt11char_traitsIcESaIcEEESt13_Ios_Openmode'/>
<use f='boost-1.85.0/libs/iostreams/include/boost/iostreams/device/file_descriptor.hpp' l='305' u='r' c='_ZN5boost9iostreams20file_descriptor_sink4openEPKcSt13_Ios_Openmode'/>
<use f='boost-1.85.0/libs/iostreams/include/boost/iostreams/device/file_descriptor.hpp' l='310' u='r' c='_ZN5boost9iostreams20file_descriptor_sink4openERKT_St13_Ios_Openmode'/>
<use f='boost-1.85.0/libs/iostreams/src/file_descriptor.cpp' l='203' u='r' c='_ZN5boost9iostreams6detail20file_descriptor_impl4openERKNS1_4pathESt13_Ios_Openmode'/>
<use f='boost-1.85.0/libs/iostreams/src/file_descriptor.cpp' l='205' u='r' c='_ZN5boost9iostreams6detail20file_descriptor_impl4openERKNS1_4pathESt13_Ios_Openmode'/>
<use f='boost-1.85.0/libs/iostreams/src/file_descriptor.cpp' l='213' u='r' c='_ZN5boost9iostreams6detail20file_descriptor_impl4openERKNS1_4pathESt13_Ios_Openmode'/>
<use f='boost-1.85.0/libs/iostreams/include/boost/iostreams/device/file_descriptor.hpp' l='81' u='r' c='_ZN5boost9iostreams15file_descriptorC1ERKNSt7__cxx1112basic_stringIcSt11char_traitsIcESaIcEEESt13_Ios_Openmode'/>
<use f='boost-1.85.0/libs/iostreams/include/boost/iostreams/device/file_descriptor.hpp' l='86' u='r' c='_ZN5boost9iostreams15file_descriptorC1EPKcSt13_Ios_Openmode'/>
<use f='boost-1.85.0/libs/iostreams/include/boost/iostreams/device/file_descriptor.hpp' l='118' u='r' c='_ZN5boost9iostreams15file_descriptor4openERKNSt7__cxx1112basic_stringIcSt11char_traitsIcESaIcEEESt13_Ios_Openmode'/>
<use f='boost-1.85.0/libs/iostreams/include/boost/iostreams/device/file_descriptor.hpp' l='123' u='r' c='_ZN5boost9iostreams15file_descriptor4openEPKcSt13_Ios_Openmode'/>
<use f='boost-1.85.0/libs/iostreams/src/file_descriptor.cpp' l='542' u='r' c='_ZN5boost9iostreams22file_descriptor_source4openERKNS0_6detail4pathESt13_Ios_Openmode'/>
<use f='boost-1.85.0/libs/iostreams/include/boost/iostreams/device/file_descriptor.hpp' l='270' u='r' c='_ZN5boost9iostreams20file_descriptor_sinkC1ERKNSt7__cxx1112basic_stringIcSt11char_traitsIcESaIcEEESt13_Ios_Openmode'/>
<use f='boost-1.85.0/libs/iostreams/include/boost/iostreams/device/file_descriptor.hpp' l='274' u='r' c='_ZN5boost9iostreams20file_descriptor_sinkC1EPKcSt13_Ios_Openmode'/>
<use f='boost-1.85.0/libs/iostreams/include/boost/iostreams/device/file_descriptor.hpp' l='301' u='r' c='_ZN5boost9iostreams20file_descriptor_sink4openERKNSt7__cxx1112basic_stringIcSt11char_traitsIcESaIcEEESt13_Ios_Openmode'/>
<use f='boost-1.85.0/libs/iostreams/include/boost/iostreams/device/file_descriptor.hpp' l='305' u='r' c='_ZN5boost9iostreams20file_descriptor_sink4openEPKcSt13_Ios_Openmode'/>
<use f='boost-1.85.0/libs/iostreams/src/file_descriptor.cpp' l='616' u='r' c='_ZN5boost9iostreams20file_descriptor_sink4openERKNS0_6detail4pathESt13_Ios_Openmode'/>
<use f='boost-1.85.0/libs/iostreams/include/boost/iostreams/seek.hpp' l='44' u='r' c='_ZN5boost9iostreams4seekERT_lSt12_Ios_SeekdirSt13_Ios_Openmode'/>
<use f='boost-1.85.0/libs/iostreams/include/boost/iostreams/seek.hpp' l='53' u='r' c='_ZN5boost9iostreams4seekERT_RT0_lSt12_Ios_SeekdirSt13_Ios_Openmode'/>
<use f='boost-1.85.0/libs/iostreams/include/boost/iostreams/checked_operations.hpp' l='74' u='r' c='_ZN5boost9iostreams7seek_ifERT_lSt12_Ios_SeekdirSt13_Ios_Openmode'/>
<use f='boost-1.85.0/libs/iostreams/include/boost/iostreams/detail/adapter/non_blocking_adapter.hpp' l='53' u='r' c='_ZN5boost9iostreams20non_blocking_adapter4seekElSt12_Ios_SeekdirSt13_Ios_Openmode'/>
<use f='boost-1.85.0/libs/iostreams/include/boost/iostreams/close.hpp' l='55' c='_ZN5boost9iostreams6detail9close_allERT_'/>
<use f='boost-1.85.0/libs/iostreams/include/boost/iostreams/close.hpp' l='59' c='_ZN5boost9iostreams6detail9close_allERT_'/>
<use f='boost-1.85.0/libs/iostreams/include/boost/iostreams/close.hpp' l='69' c='_ZN5boost9iostreams6detail9close_allERT_RT0_'/>
<use f='boost-1.85.0/libs/iostreams/include/boost/iostreams/close.hpp' l='73' c='_ZN5boost9iostreams6detail9close_allERT_RT0_'/>
<use f='boost-1.85.0/libs/iostreams/include/boost/iostreams/close.hpp' l='98' u='r' c='_ZN5boost9iostreams5closeERT_St13_Ios_Openmode'/>
<use f='boost-1.85.0/libs/iostreams/include/boost/iostreams/close.hpp' l='112' u='r' c='_ZN5boost9iostreams5closeERT_RT0_St13_Ios_Openmode'/>
<use f='boost-1.85.0/libs/iostreams/include/boost/iostreams/close.hpp' l='169' u='r' c='_ZN5boost9iostreams6detail10close_implINS0_7any_tagEE5closeERT_St13_Ios_Openmode'/>
<use f='boost-1.85.0/libs/iostreams/include/boost/iostreams/close.hpp' l='176' u='r' c='_ZN5boost9iostreams6detail10close_implINS0_7any_tagEE5closeERT_RT0_St13_Ios_Openmode'/>
<use f='boost-1.85.0/libs/iostreams/include/boost/iostreams/close.hpp' l='193' u='r' c='_ZN5boost9iostreams6detail10close_implINS1_18close_boost_streamEE5closeERT_St13_Ios_Openmode'/>
<use f='boost-1.85.0/libs/iostreams/include/boost/iostreams/filter/symmetric.hpp' l='162' u='r' c='_ZN5boost9iostreams16symmetric_filter5closeERTL0__St13_Ios_Openmode'/>
<use f='boost-1.85.0/libs/iostreams/include/boost/iostreams/filter/gzip.hpp' l='254' u='r' c='_ZN5boost9iostreams21basic_gzip_compressor5closeERTL0__St13_Ios_Openmode'/>
<use f='boost-1.85.0/libs/iostreams/include/boost/iostreams/filter/gzip.hpp' l='260' u='r' c='_ZN5boost9iostreams21basic_gzip_compressor5closeERTL0__St13_Ios_Openmode'/>
<use f='boost-1.85.0/libs/iostreams/include/boost/iostreams/filter/gzip.hpp' l='449' c='_ZN5boost9iostreams23basic_gzip_decompressor5writeERTL0__PKcl'/>
<use f='boost-1.85.0/libs/iostreams/include/boost/iostreams/filter/gzip.hpp' l='540' u='r' c='_ZN5boost9iostreams23basic_gzip_decompressor5closeERTL0__St13_Ios_Openmode'/>
<use f='boost-1.85.0/libs/iostreams/include/boost/iostreams/device/mapped_file.hpp' l='265' u='r' c='_ZN5boost9iostreams11mapped_fileC1ERKT_St13_Ios_Openmodeml'/>
<use f='boost-1.85.0/libs/iostreams/include/boost/iostreams/device/mapped_file.hpp' l='295' u='r' c='_ZN5boost9iostreams11mapped_file4openERKT_St13_Ios_Openmodeml'/>
<use f='boost-1.85.0/libs/iostreams/include/boost/iostreams/device/mapped_file.hpp' l='406' u='r' c='_ZN5boost9iostreams18mapped_file_source4openERKNS0_24basic_mapped_file_paramsIT_EE'/>
<use f='boost-1.85.0/libs/iostreams/include/boost/iostreams/device/mapped_file.hpp' l='265' u='r' c='_ZN5boost9iostreams11mapped_fileC1ERKT_St13_Ios_Openmodeml'/>
<use f='boost-1.85.0/libs/iostreams/include/boost/iostreams/device/mapped_file.hpp' l='295' u='r' c='_ZN5boost9iostreams11mapped_file4openERKT_St13_Ios_Openmodeml'/>
<use f='boost-1.85.0/libs/iostreams/include/boost/iostreams/device/mapped_file.hpp' l='497' u='r' c='_ZN5boost9iostreams16mapped_file_sink4openERKNS0_24basic_mapped_file_paramsIT_EE'/>
<use f='boost-1.85.0/libs/iostreams/src/mapped_file.cpp' l='426' u='r' c='_ZN5boost9iostreams6detail23mapped_file_params_base9normalizeEv'/>
<use f='boost-1.85.0/libs/log/include/boost/log/sinks/text_file_backend.hpp' l='602' u='r' c='_ZN5boost3log12v2s_mt_posix5sinks17text_file_backend9constructERKT_'/>
<use f='boost-1.85.0/libs/log/src/setup/init_from_settings.cpp' l='515' u='r' c='_ZN5boost3log12v2s_mt_posix9anonymous30default_text_file_sink_factory11create_sinkERKNS2_26basic_default_sink_factoryIT_E16settings_sectionE'/>
<use f='boost-1.85.0/libs/log/src/text_file_backend.cpp' l='1321' u='r' c='_ZN5boost3log12v2s_mt_posix5sinks17text_file_backend14implementationC1EmNS2_17auto_newline_modeEbb'/>
<use f='boost-1.85.0/libs/log/src/text_file_backend.cpp' l='1655' u='r' c='_ZN5boost3log12v2s_mt_posix5sinks17text_file_backend13set_open_modeESt13_Ios_Openmode'/>
<use f='boost-1.85.0/libs/log/src/text_multifile_backend.cpp' l='94' u='r' c='_ZN5boost3log12v2s_mt_posix5sinks22text_multifile_backend7consumeERKNS1_11record_viewERKNSt7__cxx1112basic_stringIcSt11char_traitsIcESaIcEEE'/>
<use f='boost-1.85.0/libs/test/include/boost/test/impl/test_tools.ipp' l='559' u='r' c='_ZN5boost10test_tools18output_test_streamC1ENS_9unit_test13basic_cstringIKcEEbb'/>
