<dec f='fmt-8.1.0/include/fmt/chrono.h' l='1566' type='OutputIt'/>
<use f='fmt-8.1.0/include/fmt/chrono.h' l='1585' u='w' c='_ZN3fmt2v86detail16chrono_formatterC1ERT_T0_NSt6chrono8durationIT1_T2_EE'/>
<use f='fmt-8.1.0/include/fmt/chrono.h' l='1643' u='w' c='_ZN3fmt2v86detail16chrono_formatter10write_signEv'/>
<use f='fmt-8.1.0/include/fmt/chrono.h' l='1654' u='w' c='_ZN3fmt2v86detail16chrono_formatter5writeET1_i'/>
<use f='fmt-8.1.0/include/fmt/chrono.h' l='1654' c='_ZN3fmt2v86detail16chrono_formatter5writeET1_i'/>
<use f='fmt-8.1.0/include/fmt/chrono.h' l='1655' u='w' c='_ZN3fmt2v86detail16chrono_formatter5writeET1_i'/>
<use f='fmt-8.1.0/include/fmt/chrono.h' l='1655' c='_ZN3fmt2v86detail16chrono_formatter5writeET1_i'/>
<use f='fmt-8.1.0/include/fmt/chrono.h' l='1668' u='w' c='_ZN3fmt2v86detail16chrono_formatter24write_fractional_secondsETL0__'/>
<use f='fmt-8.1.0/include/fmt/chrono.h' l='1684' u='w' c='_ZN3fmt2v86detail16chrono_formatter24write_fractional_secondsETL0__'/>
<use f='fmt-8.1.0/include/fmt/chrono.h' l='1684' c='_ZN3fmt2v86detail16chrono_formatter24write_fractional_secondsETL0__'/>
<use f='fmt-8.1.0/include/fmt/chrono.h' l='1685' u='w' c='_ZN3fmt2v86detail16chrono_formatter24write_fractional_secondsETL0__'/>
<use f='fmt-8.1.0/include/fmt/chrono.h' l='1685' c='_ZN3fmt2v86detail16chrono_formatter24write_fractional_secondsETL0__'/>
<use f='fmt-8.1.0/include/fmt/chrono.h' l='1689' c='_ZN3fmt2v86detail16chrono_formatter9write_nanEv'/>
<use f='fmt-8.1.0/include/fmt/chrono.h' l='1690' c='_ZN3fmt2v86detail16chrono_formatter10write_pinfEv'/>
<use f='fmt-8.1.0/include/fmt/chrono.h' l='1691' c='_ZN3fmt2v86detail16chrono_formatter10write_ninfEv'/>
<use f='fmt-8.1.0/include/fmt/chrono.h' l='1697' u='r' c='_ZN3fmt2v86detail16chrono_formatter9format_tmERK2tmTL0__DpTL0_0_'/>
<use f='fmt-8.1.0/include/fmt/chrono.h' l='1699' u='w' c='_ZN3fmt2v86detail16chrono_formatter9format_tmERK2tmTL0__DpTL0_0_'/>
<use f='fmt-8.1.0/include/fmt/chrono.h' l='1703' c='_ZN3fmt2v86detail16chrono_formatter7on_textEPKNT_9char_typeES6_'/>
<use f='fmt-8.1.0/include/fmt/chrono.h' l='1781' u='w' c='_ZN3fmt2v86detail16chrono_formatter15on_24_hour_timeEv'/>
<use f='fmt-8.1.0/include/fmt/chrono.h' l='1787' u='w' c='_ZN3fmt2v86detail16chrono_formatter15on_24_hour_timeEv'/>
<use f='fmt-8.1.0/include/fmt/chrono.h' l='1793' u='w' c='_ZN3fmt2v86detail16chrono_formatter11on_iso_timeEv'/>
<use f='fmt-8.1.0/include/fmt/chrono.h' l='1806' u='w' c='_ZN3fmt2v86detail16chrono_formatter17on_duration_valueEv'/>
<use f='fmt-8.1.0/include/fmt/chrono.h' l='1806' c='_ZN3fmt2v86detail16chrono_formatter17on_duration_valueEv'/>
<use f='fmt-8.1.0/include/fmt/chrono.h' l='1810' u='w' c='_ZN3fmt2v86detail16chrono_formatter16on_duration_unitEv'/>
<use f='fmt-8.1.0/include/fmt/chrono.h' l='1810' c='_ZN3fmt2v86detail16chrono_formatter16on_duration_unitEv'/>
