<dec f='include/c++/9/bits/ios_base.h' l='446' type='const std::ios_base::openmode'/>
<use f='include/c++/9/streambuf' l='259' u='r' c='_ZNSt15basic_streambuf10pubseekoffENT0_8off_typeESt12_Ios_SeekdirSt13_Ios_Openmode'/>
<use f='include/c++/9/streambuf' l='271' u='r' c='_ZNSt15basic_streambuf10pubseekposENT0_8pos_typeESt13_Ios_Openmode'/>
<use f='include/c++/9/streambuf' l='610' u='r' c='_ZNSt15basic_streambuf7seekoffENT0_8off_typeESt12_Ios_SeekdirSt13_Ios_Openmode'/>
<use f='include/c++/9/streambuf' l='622' u='r' c='_ZNSt15basic_streambuf7seekposENT0_8pos_typeESt13_Ios_Openmode'/>
<use f='include/c++/9/bits/ostream.tcc' l='243' c='_ZNSt13basic_ostream5tellpEv'/>
<use f='include/c++/9/bits/ostream.tcc' l='268' c='_ZNSt13basic_ostream5seekpENT0_8pos_typeE'/>
<use f='include/c++/9/bits/ostream.tcc' l='300' c='_ZNSt13basic_ostream5seekpENT0_8off_typeESt12_Ios_Seekdir'/>
<doc f='include/c++/9/bits/ios_base.h' l='445'>/// Open for output.  Default for @c ofstream and fstream.</doc>
<use f='include/c++/9/sstream' l='100' u='r' c='_ZNSt7__cxx1115basic_stringbufC1Ev'/>
<use f='include/c++/9/sstream' l='125' u='r' c='_ZNSt7__cxx1115basic_stringbufC1ERKNS_12basic_stringIT_T0_T1_EESt13_Ios_Openmode'/>
<use f='include/c++/9/sstream' l='275' u='r' c='_ZNSt7__cxx1115basic_stringbuf7seekoffENT0_8off_typeESt12_Ios_SeekdirSt13_Ios_Openmode'/>
<use f='include/c++/9/sstream' l='279' u='r' c='_ZNSt7__cxx1115basic_stringbuf7seekposENT0_8pos_typeESt13_Ios_Openmode'/>
<use f='include/c++/9/sstream' l='584' u='r' c='_ZNSt7__cxx1119basic_ostringstreamC1Ev'/>
<use f='include/c++/9/sstream' l='601' u='r' c='_ZNSt7__cxx1119basic_ostringstreamC1ESt13_Ios_Openmode'/>
<use f='include/c++/9/sstream' l='619' u='r' c='_ZNSt7__cxx1119basic_ostringstreamC1ERKNS_12basic_stringIT_T0_T1_EESt13_Ios_Openmode'/>
<use f='include/c++/9/sstream' l='620' u='r' c='_ZNSt7__cxx1119basic_ostringstreamC1ERKNS_12basic_stringIT_T0_T1_EESt13_Ios_Openmode'/>
<use f='include/c++/9/sstream' l='742' u='r' c='_ZNSt7__cxx1118basic_stringstreamC1Ev'/>
<use f='include/c++/9/sstream' l='773' u='r' c='_ZNSt7__cxx1118basic_stringstreamC1ERKNS_12basic_stringIT_T0_T1_EESt13_Ios_Openmode'/>
<use f='include/c++/9/bits/sstream.tcc' l='59' c='_ZNSt7__cxx1115basic_stringbuf9pbackfailENT0_8int_typeE'/>
<use f='include/c++/9/bits/sstream.tcc' l='82' c='_ZNSt7__cxx1115basic_stringbuf8overflowENT0_8int_typeE'/>
<use f='include/c++/9/sstream' l='275' u='r' c='_ZNSt7__cxx1115basic_stringbuf7seekoffENT0_8off_typeESt12_Ios_SeekdirSt13_Ios_Openmode'/>
<use f='include/c++/9/bits/sstream.tcc' l='172' c='_ZNSt7__cxx1115basic_stringbuf7seekoffENT0_8off_typeESt12_Ios_SeekdirSt13_Ios_Openmode'/>
<use f='include/c++/9/bits/sstream.tcc' l='174' u='r' c='_ZNSt7__cxx1115basic_stringbuf7seekoffENT0_8off_typeESt12_Ios_SeekdirSt13_Ios_Openmode'/>
<use f='include/c++/9/sstream' l='279' u='r' c='_ZNSt7__cxx1115basic_stringbuf7seekposENT0_8pos_typeESt13_Ios_Openmode'/>
<use f='include/c++/9/bits/sstream.tcc' l='220' c='_ZNSt7__cxx1115basic_stringbuf7seekposENT0_8pos_typeESt13_Ios_Openmode'/>
<use f='include/c++/9/bits/sstream.tcc' l='249' u='r' c='_ZNSt7__cxx1115basic_stringbuf7_M_syncEPT_NS_12basic_stringIS1_T0_T1_E9size_typeES7_'/>
<use f='include/c++/9/fstream' l='417' u='r' c='_ZNSt13basic_filebuf7seekoffENT0_8off_typeESt12_Ios_SeekdirSt13_Ios_Openmode'/>
<use f='include/c++/9/fstream' l='421' u='r' c='_ZNSt13basic_filebuf7seekposENT0_8pos_typeESt13_Ios_Openmode'/>
<use f='include/c++/9/fstream' l='462' u='r' c='_ZNSt13basic_filebuf13_M_set_bufferEl'/>
<use f='include/c++/9/fstream' l='791' u='r' c='_ZNSt14basic_ofstreamC1EPKcSt13_Ios_Openmode'/>
<use f='include/c++/9/fstream' l='826' u='r' c='_ZNSt14basic_ofstreamC1ERKNSt7__cxx1112basic_stringIcSt11char_traitsIcESaIcEEESt13_Ios_Openmode'/>
<use f='include/c++/9/fstream' l='921' u='r' c='_ZNSt14basic_ofstream4openEPKcSt13_Ios_Openmode'/>
<use f='include/c++/9/fstream' l='923' u='r' c='_ZNSt14basic_ofstream4openEPKcSt13_Ios_Openmode'/>
<use f='include/c++/9/fstream' l='960' u='r' c='_ZNSt14basic_ofstream4openERKNSt7__cxx1112basic_stringIcSt11char_traitsIcESaIcEEESt13_Ios_Openmode'/>
<use f='include/c++/9/fstream' l='962' u='r' c='_ZNSt14basic_ofstream4openERKNSt7__cxx1112basic_stringIcSt11char_traitsIcESaIcEEESt13_Ios_Openmode'/>
<use f='include/c++/9/fstream' l='1054' u='r' c='_ZNSt13basic_fstreamC1EPKcSt13_Ios_Openmode'/>
<use f='include/c++/9/fstream' l='1084' u='r' c='_ZNSt13basic_fstreamC1ERKNSt7__cxx1112basic_stringIcSt11char_traitsIcESaIcEEESt13_Ios_Openmode'/>
<use f='include/c++/9/fstream' l='1178' u='r' c='_ZNSt13basic_fstream4openEPKcSt13_Ios_Openmode'/>
<use f='include/c++/9/fstream' l='1219' u='r' c='_ZNSt13basic_fstream4openERKNSt7__cxx1112basic_stringIcSt11char_traitsIcESaIcEEESt13_Ios_Openmode'/>
<use f='include/c++/9/bits/fstream.tcc' l='546' u='r' c='_ZNSt13basic_filebuf8overflowENT0_8int_typeE'/>
<use f='include/c++/9/bits/fstream.tcc' l='762' u='r' c='_ZNSt13basic_filebuf6xsputnEPKT_l'/>
<use f='include/c++/9/fstream' l='417' u='r' c='_ZNSt13basic_filebuf7seekoffENT0_8off_typeESt12_Ios_SeekdirSt13_Ios_Openmode'/>
<use f='include/c++/9/fstream' l='421' u='r' c='_ZNSt13basic_filebuf7seekposENT0_8pos_typeESt13_Ios_Openmode'/>
