<dec f='qtbase-6.5.0/src/tools/moc/generator.h' l='13' type='FILE *'/>
<use f='qtbase-6.5.0/src/tools/moc/generator.cpp' l='62' u='w' c='_ZN9GeneratorC1EP8ClassDefRK5QListI10QByteArrayERK5QHashIS3_S3_ESA_P8_IO_FILEb'/>
<use f='qtbase-6.5.0/src/tools/moc/generator.cpp' l='272' u='r' c='_ZN9Generator12generateCodeEv'/>
<use f='qtbase-6.5.0/src/tools/moc/generator.cpp' l='278' u='r' c='_ZN9Generator12generateCodeEv'/>
<use f='qtbase-6.5.0/src/tools/moc/generator.cpp' l='286' u='r' c='_ZN9Generator12generateCodeEv'/>
<use f='qtbase-6.5.0/src/tools/moc/generator.cpp' l='287' u='r' c='_ZN9Generator12generateCodeEv'/>
<use f='qtbase-6.5.0/src/tools/moc/generator.cpp' l='291' u='r' c='_ZN9Generator12generateCodeEv'/>
<use f='qtbase-6.5.0/src/tools/moc/generator.cpp' l='301' u='r' c='_ZN9Generator12generateCodeEv'/>
<use f='qtbase-6.5.0/src/tools/moc/generator.cpp' l='302' u='r' c='_ZN9Generator12generateCodeEv'/>
<use f='qtbase-6.5.0/src/tools/moc/generator.cpp' l='305' u='r' c='_ZN9Generator12generateCodeEv'/>
<use f='qtbase-6.5.0/src/tools/moc/generator.cpp' l='307' u='r' c='_ZN9Generator12generateCodeEv'/>
<use f='qtbase-6.5.0/src/tools/moc/generator.cpp' l='311' u='r' c='_ZN9Generator12generateCodeEv'/>
<use f='qtbase-6.5.0/src/tools/moc/generator.cpp' l='315' u='r' c='_ZN9Generator12generateCodeEv'/>
<use f='qtbase-6.5.0/src/tools/moc/generator.cpp' l='317' u='r' c='_ZN9Generator12generateCodeEv'/>
<use f='qtbase-6.5.0/src/tools/moc/generator.cpp' l='325' u='r' c='_ZN9Generator12generateCodeEv'/>
<use f='qtbase-6.5.0/src/tools/moc/generator.cpp' l='330' u='r' c='_ZN9Generator12generateCodeEv'/>
<use f='qtbase-6.5.0/src/tools/moc/generator.cpp' l='337' u='r' c='_ZN9Generator12generateCodeEv'/>
<use f='qtbase-6.5.0/src/tools/moc/generator.cpp' l='338' u='r' c='_ZN9Generator12generateCodeEv'/>
<use f='qtbase-6.5.0/src/tools/moc/generator.cpp' l='342' u='r' c='_ZN9Generator12generateCodeEv'/>
<use f='qtbase-6.5.0/src/tools/moc/generator.cpp' l='343' u='r' c='_ZN9Generator12generateCodeEv'/>
<use f='qtbase-6.5.0/src/tools/moc/generator.cpp' l='346' u='r' c='_ZN9Generator12generateCodeEv'/>
<use f='qtbase-6.5.0/src/tools/moc/generator.cpp' l='347' u='r' c='_ZN9Generator12generateCodeEv'/>
<use f='qtbase-6.5.0/src/tools/moc/generator.cpp' l='354' u='r' c='_ZN9Generator12generateCodeEv'/>
<use f='qtbase-6.5.0/src/tools/moc/generator.cpp' l='355' u='r' c='_ZN9Generator12generateCodeEv'/>
<use f='qtbase-6.5.0/src/tools/moc/generator.cpp' l='356' u='r' c='_ZN9Generator12generateCodeEv'/>
<use f='qtbase-6.5.0/src/tools/moc/generator.cpp' l='357' u='r' c='_ZN9Generator12generateCodeEv'/>
<use f='qtbase-6.5.0/src/tools/moc/generator.cpp' l='358' u='r' c='_ZN9Generator12generateCodeEv'/>
<use f='qtbase-6.5.0/src/tools/moc/generator.cpp' l='362' u='r' c='_ZN9Generator12generateCodeEv'/>
<use f='qtbase-6.5.0/src/tools/moc/generator.cpp' l='375' u='r' c='_ZN9Generator12generateCodeEv'/>
<use f='qtbase-6.5.0/src/tools/moc/generator.cpp' l='377' u='r' c='_ZN9Generator12generateCodeEv'/>
<use f='qtbase-6.5.0/src/tools/moc/generator.cpp' l='382' u='r' c='_ZN9Generator12generateCodeEv'/>
<use f='qtbase-6.5.0/src/tools/moc/generator.cpp' l='391' u='r' c='_ZN9Generator12generateCodeEv'/>
<use f='qtbase-6.5.0/src/tools/moc/generator.cpp' l='392' u='r' c='_ZN9Generator12generateCodeEv'/>
<use f='qtbase-6.5.0/src/tools/moc/generator.cpp' l='455' u='r' c='_ZN9Generator12generateCodeEv'/>
<use f='qtbase-6.5.0/src/tools/moc/generator.cpp' l='522' u='r' c='_ZN9Generator12generateCodeEv'/>
<use f='qtbase-6.5.0/src/tools/moc/generator.cpp' l='525' u='r' c='_ZN9Generator12generateCodeEv'/>
<use f='qtbase-6.5.0/src/tools/moc/generator.cpp' l='527' u='r' c='_ZN9Generator12generateCodeEv'/>
<use f='qtbase-6.5.0/src/tools/moc/generator.cpp' l='533' u='r' c='_ZN9Generator12generateCodeEv'/>
<use f='qtbase-6.5.0/src/tools/moc/generator.cpp' l='537' u='r' c='_ZN9Generator12generateCodeEv'/>
<use f='qtbase-6.5.0/src/tools/moc/generator.cpp' l='539' u='r' c='_ZN9Generator12generateCodeEv'/>
<use f='qtbase-6.5.0/src/tools/moc/generator.cpp' l='541' u='r' c='_ZN9Generator12generateCodeEv'/>
<use f='qtbase-6.5.0/src/tools/moc/generator.cpp' l='543' u='r' c='_ZN9Generator12generateCodeEv'/>
<use f='qtbase-6.5.0/src/tools/moc/generator.cpp' l='544' u='r' c='_ZN9Generator12generateCodeEv'/>
<use f='qtbase-6.5.0/src/tools/moc/generator.cpp' l='548' u='r' c='_ZN9Generator12generateCodeEv'/>
<use f='qtbase-6.5.0/src/tools/moc/generator.cpp' l='550' u='r' c='_ZN9Generator12generateCodeEv'/>
<use f='qtbase-6.5.0/src/tools/moc/generator.cpp' l='553' u='r' c='_ZN9Generator12generateCodeEv'/>
<use f='qtbase-6.5.0/src/tools/moc/generator.cpp' l='555' u='r' c='_ZN9Generator12generateCodeEv'/>
<use f='qtbase-6.5.0/src/tools/moc/generator.cpp' l='566' u='r' c='_ZN9Generator12generateCodeEv'/>
<use f='qtbase-6.5.0/src/tools/moc/generator.cpp' l='569' u='r' c='_ZN9Generator12generateCodeEv'/>
<use f='qtbase-6.5.0/src/tools/moc/generator.cpp' l='574' u='r' c='_ZN9Generator12generateCodeEv'/>
<use f='qtbase-6.5.0/src/tools/moc/generator.cpp' l='581' u='r' c='_ZN9Generator12generateCodeEv'/>
<use f='qtbase-6.5.0/src/tools/moc/generator.cpp' l='591' u='r' c='_ZN9Generator12generateCodeEv'/>
<use f='qtbase-6.5.0/src/tools/moc/generator.cpp' l='594' u='r' c='_ZN9Generator12generateCodeEv'/>
<use f='qtbase-6.5.0/src/tools/moc/generator.cpp' l='604' u='r' c='_ZN9Generator12generateCodeEv'/>
<use f='qtbase-6.5.0/src/tools/moc/generator.cpp' l='607' u='r' c='_ZN9Generator12generateCodeEv'/>
<use f='qtbase-6.5.0/src/tools/moc/generator.cpp' l='612' u='r' c='_ZN9Generator12generateCodeEv'/>
<use f='qtbase-6.5.0/src/tools/moc/generator.cpp' l='614' u='r' c='_ZN9Generator12generateCodeEv'/>
<use f='qtbase-6.5.0/src/tools/moc/generator.cpp' l='625' u='r' c='_ZN9Generator12generateCodeEv'/>
<use f='qtbase-6.5.0/src/tools/moc/generator.cpp' l='632' u='r' c='_ZN9Generator12generateCodeEv'/>
<use f='qtbase-6.5.0/src/tools/moc/generator.cpp' l='633' u='r' c='_ZN9Generator12generateCodeEv'/>
<use f='qtbase-6.5.0/src/tools/moc/generator.cpp' l='634' u='r' c='_ZN9Generator12generateCodeEv'/>
<use f='qtbase-6.5.0/src/tools/moc/generator.cpp' l='641' u='r' c='_ZN9Generator12generateCodeEv'/>
<use f='qtbase-6.5.0/src/tools/moc/generator.cpp' l='647' u='r' c='_ZN9Generator12generateCodeEv'/>
<use f='qtbase-6.5.0/src/tools/moc/generator.cpp' l='649' u='r' c='_ZN9Generator12generateCodeEv'/>
<use f='qtbase-6.5.0/src/tools/moc/generator.cpp' l='650' u='r' c='_ZN9Generator12generateCodeEv'/>
<use f='qtbase-6.5.0/src/tools/moc/generator.cpp' l='655' u='r' c='_ZN9Generator12generateCodeEv'/>
<use f='qtbase-6.5.0/src/tools/moc/generator.cpp' l='657' u='r' c='_ZN9Generator12generateCodeEv'/>
<use f='qtbase-6.5.0/src/tools/moc/generator.cpp' l='659' u='r' c='_ZN9Generator12generateCodeEv'/>
<use f='qtbase-6.5.0/src/tools/moc/generator.cpp' l='681' u='r' c='_ZN9Generator12generateCodeEv'/>
<use f='qtbase-6.5.0/src/tools/moc/generator.cpp' l='682' u='r' c='_ZN9Generator12generateCodeEv'/>
<use f='qtbase-6.5.0/src/tools/moc/generator.cpp' l='683' u='r' c='_ZN9Generator12generateCodeEv'/>
<use f='qtbase-6.5.0/src/tools/moc/generator.cpp' l='684' u='r' c='_ZN9Generator12generateCodeEv'/>
<use f='qtbase-6.5.0/src/tools/moc/generator.cpp' l='686' u='r' c='_ZN9Generator12generateCodeEv'/>
<use f='qtbase-6.5.0/src/tools/moc/generator.cpp' l='687' u='r' c='_ZN9Generator12generateCodeEv'/>
<use f='qtbase-6.5.0/src/tools/moc/generator.cpp' l='706' u='r' c='_ZN9Generator18generateClassInfosEv'/>
<use f='qtbase-6.5.0/src/tools/moc/generator.cpp' l='710' u='r' c='_ZN9Generator18generateClassInfosEv'/>
<use f='qtbase-6.5.0/src/tools/moc/generator.cpp' l='745' u='r' c='_ZN9Generator17generateFunctionsERK5QListI11FunctionDefEPKciRiS7_'/>
<use f='qtbase-6.5.0/src/tools/moc/generator.cpp' l='785' u='r' c='_ZN9Generator17generateFunctionsERK5QListI11FunctionDefEPKciRiS7_'/>
<use f='qtbase-6.5.0/src/tools/moc/generator.cpp' l='797' u='r' c='_ZN9Generator25generateFunctionRevisionsERK5QListI11FunctionDefEPKc'/>
<use f='qtbase-6.5.0/src/tools/moc/generator.cpp' l='800' u='r' c='_ZN9Generator25generateFunctionRevisionsERK5QListI11FunctionDefEPKc'/>
<use f='qtbase-6.5.0/src/tools/moc/generator.cpp' l='808' u='r' c='_ZN9Generator26generateFunctionParametersERK5QListI11FunctionDefEPKc'/>
<use f='qtbase-6.5.0/src/tools/moc/generator.cpp' l='811' u='r' c='_ZN9Generator26generateFunctionParametersERK5QListI11FunctionDefEPKc'/>
<use f='qtbase-6.5.0/src/tools/moc/generator.cpp' l='817' u='r' c='_ZN9Generator26generateFunctionParametersERK5QListI11FunctionDefEPKc'/>
<use f='qtbase-6.5.0/src/tools/moc/generator.cpp' l='820' u='r' c='_ZN9Generator26generateFunctionParametersERK5QListI11FunctionDefEPKc'/>
<use f='qtbase-6.5.0/src/tools/moc/generator.cpp' l='826' u='r' c='_ZN9Generator26generateFunctionParametersERK5QListI11FunctionDefEPKc'/>
<use f='qtbase-6.5.0/src/tools/moc/generator.cpp' l='829' u='r' c='_ZN9Generator26generateFunctionParametersERK5QListI11FunctionDefEPKc'/>
<use f='qtbase-6.5.0/src/tools/moc/generator.cpp' l='847' u='r' c='_ZN9Generator16generateTypeInfoERK10QByteArrayb'/>
<use f='qtbase-6.5.0/src/tools/moc/generator.cpp' l='850' u='r' c='_ZN9Generator16generateTypeInfoERK10QByteArrayb'/>
<use f='qtbase-6.5.0/src/tools/moc/generator.cpp' l='854' u='r' c='_ZN9Generator16generateTypeInfoERK10QByteArrayb'/>
<use f='qtbase-6.5.0/src/tools/moc/generator.cpp' l='875' u='r' c='_ZN9Generator18generatePropertiesEv'/>
<use f='qtbase-6.5.0/src/tools/moc/generator.cpp' l='916' u='r' c='_ZN9Generator18generatePropertiesEv'/>
<use f='qtbase-6.5.0/src/tools/moc/generator.cpp' l='924' u='r' c='_ZN9Generator18generatePropertiesEv'/>
<use f='qtbase-6.5.0/src/tools/moc/generator.cpp' l='945' u='r' c='_ZN9Generator13generateEnumsEi'/>
<use f='qtbase-6.5.0/src/tools/moc/generator.cpp' l='955' u='r' c='_ZN9Generator13generateEnumsEi'/>
<use f='qtbase-6.5.0/src/tools/moc/generator.cpp' l='964' u='r' c='_ZN9Generator13generateEnumsEi'/>
<use f='qtbase-6.5.0/src/tools/moc/generator.cpp' l='973' u='r' c='_ZN9Generator13generateEnumsEi'/>
<use f='qtbase-6.5.0/src/tools/moc/generator.cpp' l='983' u='r' c='_ZN9Generator16generateMetacallEv'/>
<use f='qtbase-6.5.0/src/tools/moc/generator.cpp' l='988' u='r' c='_ZN9Generator16generateMetacallEv'/>
<use f='qtbase-6.5.0/src/tools/moc/generator.cpp' l='1002' u='r' c='_ZN9Generator16generateMetacallEv'/>
<use f='qtbase-6.5.0/src/tools/moc/generator.cpp' l='1005' u='r' c='_ZN9Generator16generateMetacallEv'/>
<use f='qtbase-6.5.0/src/tools/moc/generator.cpp' l='1009' u='r' c='_ZN9Generator16generateMetacallEv'/>
<use f='qtbase-6.5.0/src/tools/moc/generator.cpp' l='1010' u='r' c='_ZN9Generator16generateMetacallEv'/>
<use f='qtbase-6.5.0/src/tools/moc/generator.cpp' l='1011' u='r' c='_ZN9Generator16generateMetacallEv'/>
<use f='qtbase-6.5.0/src/tools/moc/generator.cpp' l='1012' u='r' c='_ZN9Generator16generateMetacallEv'/>
<use f='qtbase-6.5.0/src/tools/moc/generator.cpp' l='1014' u='r' c='_ZN9Generator16generateMetacallEv'/>
<use f='qtbase-6.5.0/src/tools/moc/generator.cpp' l='1015' u='r' c='_ZN9Generator16generateMetacallEv'/>
<use f='qtbase-6.5.0/src/tools/moc/generator.cpp' l='1018' u='r' c='_ZN9Generator16generateMetacallEv'/>
<use f='qtbase-6.5.0/src/tools/moc/generator.cpp' l='1020' u='r' c='_ZN9Generator16generateMetacallEv'/>
<use f='qtbase-6.5.0/src/tools/moc/generator.cpp' l='1021' u='r' c='_ZN9Generator16generateMetacallEv'/>
<use f='qtbase-6.5.0/src/tools/moc/generator.cpp' l='1027' u='r' c='_ZN9Generator16generateMetacallEv'/>
<use f='qtbase-6.5.0/src/tools/moc/generator.cpp' l='1028' u='r' c='_ZN9Generator16generateMetacallEv'/>
<use f='qtbase-6.5.0/src/tools/moc/generator.cpp' l='1036' u='r' c='_ZN9Generator16generateMetacallEv'/>
<use f='qtbase-6.5.0/src/tools/moc/generator.cpp' l='1037' u='r' c='_ZN9Generator16generateMetacallEv'/>
<use f='qtbase-6.5.0/src/tools/moc/generator.cpp' l='1070' u='r' c='_ZN9Generator22generateStaticMetacallEv'/>
<use f='qtbase-6.5.0/src/tools/moc/generator.cpp' l='1077' u='r' c='_ZN9Generator22generateStaticMetacallEv'/>
<use f='qtbase-6.5.0/src/tools/moc/generator.cpp' l='1078' u='r' c='_ZN9Generator22generateStaticMetacallEv'/>
<use f='qtbase-6.5.0/src/tools/moc/generator.cpp' l='1080' u='r' c='_ZN9Generator22generateStaticMetacallEv'/>
<use f='qtbase-6.5.0/src/tools/moc/generator.cpp' l='1089' u='r' c='_ZN9Generator22generateStaticMetacallEv'/>
<use f='qtbase-6.5.0/src/tools/moc/generator.cpp' l='1090' u='r' c='_ZN9Generator22generateStaticMetacallEv'/>
<use f='qtbase-6.5.0/src/tools/moc/generator.cpp' l='1094' u='r' c='_ZN9Generator22generateStaticMetacallEv'/>
<use f='qtbase-6.5.0/src/tools/moc/generator.cpp' l='1095' u='r' c='_ZN9Generator22generateStaticMetacallEv'/>
<use f='qtbase-6.5.0/src/tools/moc/generator.cpp' l='1097' u='r' c='_ZN9Generator22generateStaticMetacallEv'/>
<use f='qtbase-6.5.0/src/tools/moc/generator.cpp' l='1098' u='r' c='_ZN9Generator22generateStaticMetacallEv'/>
<use f='qtbase-6.5.0/src/tools/moc/generator.cpp' l='1101' u='r' c='_ZN9Generator22generateStaticMetacallEv'/>
<use f='qtbase-6.5.0/src/tools/moc/generator.cpp' l='1102' u='r' c='_ZN9Generator22generateStaticMetacallEv'/>
<use f='qtbase-6.5.0/src/tools/moc/generator.cpp' l='1103' u='r' c='_ZN9Generator22generateStaticMetacallEv'/>
<use f='qtbase-6.5.0/src/tools/moc/generator.cpp' l='1115' u='r' c='_ZN9Generator22generateStaticMetacallEv'/>
<use f='qtbase-6.5.0/src/tools/moc/generator.cpp' l='1117' u='r' c='_ZN9Generator22generateStaticMetacallEv'/>
<use f='qtbase-6.5.0/src/tools/moc/generator.cpp' l='1118' u='r' c='_ZN9Generator22generateStaticMetacallEv'/>
<use f='qtbase-6.5.0/src/tools/moc/generator.cpp' l='1123' u='r' c='_ZN9Generator22generateStaticMetacallEv'/>
<use f='qtbase-6.5.0/src/tools/moc/generator.cpp' l='1125' u='r' c='_ZN9Generator22generateStaticMetacallEv'/>
<use f='qtbase-6.5.0/src/tools/moc/generator.cpp' l='1127' u='r' c='_ZN9Generator22generateStaticMetacallEv'/>
<use f='qtbase-6.5.0/src/tools/moc/generator.cpp' l='1128' u='r' c='_ZN9Generator22generateStaticMetacallEv'/>
<use f='qtbase-6.5.0/src/tools/moc/generator.cpp' l='1132' u='r' c='_ZN9Generator22generateStaticMetacallEv'/>
<use f='qtbase-6.5.0/src/tools/moc/generator.cpp' l='1134' u='r' c='_ZN9Generator22generateStaticMetacallEv'/>
<use f='qtbase-6.5.0/src/tools/moc/generator.cpp' l='1135' u='r' c='_ZN9Generator22generateStaticMetacallEv'/>
<use f='qtbase-6.5.0/src/tools/moc/generator.cpp' l='1137' u='r' c='_ZN9Generator22generateStaticMetacallEv'/>
<use f='qtbase-6.5.0/src/tools/moc/generator.cpp' l='1138' u='r' c='_ZN9Generator22generateStaticMetacallEv'/>
<use f='qtbase-6.5.0/src/tools/moc/generator.cpp' l='1142' u='r' c='_ZN9Generator22generateStaticMetacallEv'/>
<use f='qtbase-6.5.0/src/tools/moc/generator.cpp' l='1148' u='r' c='_ZN9Generator22generateStaticMetacallEv'/>
<use f='qtbase-6.5.0/src/tools/moc/generator.cpp' l='1149' u='r' c='_ZN9Generator22generateStaticMetacallEv'/>
<use f='qtbase-6.5.0/src/tools/moc/generator.cpp' l='1154' u='r' c='_ZN9Generator22generateStaticMetacallEv'/>
<use f='qtbase-6.5.0/src/tools/moc/generator.cpp' l='1155' u='r' c='_ZN9Generator22generateStaticMetacallEv'/>
<use f='qtbase-6.5.0/src/tools/moc/generator.cpp' l='1158' u='r' c='_ZN9Generator22generateStaticMetacallEv'/>
<use f='qtbase-6.5.0/src/tools/moc/generator.cpp' l='1160' u='r' c='_ZN9Generator22generateStaticMetacallEv'/>
<use f='qtbase-6.5.0/src/tools/moc/generator.cpp' l='1164' u='r' c='_ZN9Generator22generateStaticMetacallEv'/>
<use f='qtbase-6.5.0/src/tools/moc/generator.cpp' l='1166' u='r' c='_ZN9Generator22generateStaticMetacallEv'/>
<use f='qtbase-6.5.0/src/tools/moc/generator.cpp' l='1167' u='r' c='_ZN9Generator22generateStaticMetacallEv'/>
<use f='qtbase-6.5.0/src/tools/moc/generator.cpp' l='1168' u='r' c='_ZN9Generator22generateStaticMetacallEv'/>
<use f='qtbase-6.5.0/src/tools/moc/generator.cpp' l='1174' u='r' c='_ZN9Generator22generateStaticMetacallEv'/>
<use f='qtbase-6.5.0/src/tools/moc/generator.cpp' l='1175' u='r' c='_ZN9Generator22generateStaticMetacallEv'/>
<use f='qtbase-6.5.0/src/tools/moc/generator.cpp' l='1176' u='r' c='_ZN9Generator22generateStaticMetacallEv'/>
<use f='qtbase-6.5.0/src/tools/moc/generator.cpp' l='1180' u='r' c='_ZN9Generator22generateStaticMetacallEv'/>
<use f='qtbase-6.5.0/src/tools/moc/generator.cpp' l='1181' u='r' c='_ZN9Generator22generateStaticMetacallEv'/>
<use f='qtbase-6.5.0/src/tools/moc/generator.cpp' l='1182' u='r' c='_ZN9Generator22generateStaticMetacallEv'/>
<use f='qtbase-6.5.0/src/tools/moc/generator.cpp' l='1186' u='r' c='_ZN9Generator22generateStaticMetacallEv'/>
<use f='qtbase-6.5.0/src/tools/moc/generator.cpp' l='1190' u='r' c='_ZN9Generator22generateStaticMetacallEv'/>
<use f='qtbase-6.5.0/src/tools/moc/generator.cpp' l='1192' u='r' c='_ZN9Generator22generateStaticMetacallEv'/>
<use f='qtbase-6.5.0/src/tools/moc/generator.cpp' l='1193' u='r' c='_ZN9Generator22generateStaticMetacallEv'/>
<use f='qtbase-6.5.0/src/tools/moc/generator.cpp' l='1195' u='r' c='_ZN9Generator22generateStaticMetacallEv'/>
<use f='qtbase-6.5.0/src/tools/moc/generator.cpp' l='1196' u='r' c='_ZN9Generator22generateStaticMetacallEv'/>
<use f='qtbase-6.5.0/src/tools/moc/generator.cpp' l='1203' u='r' c='_ZN9Generator22generateStaticMetacallEv'/>
<use f='qtbase-6.5.0/src/tools/moc/generator.cpp' l='1204' u='r' c='_ZN9Generator22generateStaticMetacallEv'/>
<use f='qtbase-6.5.0/src/tools/moc/generator.cpp' l='1211' u='r' c='_ZN9Generator22generateStaticMetacallEv'/>
<use f='qtbase-6.5.0/src/tools/moc/generator.cpp' l='1212' u='r' c='_ZN9Generator22generateStaticMetacallEv'/>
<use f='qtbase-6.5.0/src/tools/moc/generator.cpp' l='1218' u='r' c='_ZN9Generator22generateStaticMetacallEv'/>
<use f='qtbase-6.5.0/src/tools/moc/generator.cpp' l='1219' u='r' c='_ZN9Generator22generateStaticMetacallEv'/>
<use f='qtbase-6.5.0/src/tools/moc/generator.cpp' l='1223' u='r' c='_ZN9Generator22generateStaticMetacallEv'/>
<use f='qtbase-6.5.0/src/tools/moc/generator.cpp' l='1224' u='r' c='_ZN9Generator22generateStaticMetacallEv'/>
<use f='qtbase-6.5.0/src/tools/moc/generator.cpp' l='1227' u='r' c='_ZN9Generator22generateStaticMetacallEv'/>
<use f='qtbase-6.5.0/src/tools/moc/generator.cpp' l='1229' u='r' c='_ZN9Generator22generateStaticMetacallEv'/>
<use f='qtbase-6.5.0/src/tools/moc/generator.cpp' l='1230' u='r' c='_ZN9Generator22generateStaticMetacallEv'/>
<use f='qtbase-6.5.0/src/tools/moc/generator.cpp' l='1232' u='r' c='_ZN9Generator22generateStaticMetacallEv'/>
<use f='qtbase-6.5.0/src/tools/moc/generator.cpp' l='1233' u='r' c='_ZN9Generator22generateStaticMetacallEv'/>
<use f='qtbase-6.5.0/src/tools/moc/generator.cpp' l='1234' u='r' c='_ZN9Generator22generateStaticMetacallEv'/>
<use f='qtbase-6.5.0/src/tools/moc/generator.cpp' l='1237' u='r' c='_ZN9Generator22generateStaticMetacallEv'/>
<use f='qtbase-6.5.0/src/tools/moc/generator.cpp' l='1238' u='r' c='_ZN9Generator22generateStaticMetacallEv'/>
<use f='qtbase-6.5.0/src/tools/moc/generator.cpp' l='1246' u='r' c='_ZN9Generator22generateStaticMetacallEv'/>
<use f='qtbase-6.5.0/src/tools/moc/generator.cpp' l='1248' u='r' c='_ZN9Generator22generateStaticMetacallEv'/>
<use f='qtbase-6.5.0/src/tools/moc/generator.cpp' l='1249' u='r' c='_ZN9Generator22generateStaticMetacallEv'/>
<use f='qtbase-6.5.0/src/tools/moc/generator.cpp' l='1250' u='r' c='_ZN9Generator22generateStaticMetacallEv'/>
<use f='qtbase-6.5.0/src/tools/moc/generator.cpp' l='1251' u='r' c='_ZN9Generator22generateStaticMetacallEv'/>
<use f='qtbase-6.5.0/src/tools/moc/generator.cpp' l='1255' u='r' c='_ZN9Generator22generateStaticMetacallEv'/>
<use f='qtbase-6.5.0/src/tools/moc/generator.cpp' l='1259' u='r' c='_ZN9Generator22generateStaticMetacallEv'/>
<use f='qtbase-6.5.0/src/tools/moc/generator.cpp' l='1261' u='r' c='_ZN9Generator22generateStaticMetacallEv'/>
<use f='qtbase-6.5.0/src/tools/moc/generator.cpp' l='1262' u='r' c='_ZN9Generator22generateStaticMetacallEv'/>
<use f='qtbase-6.5.0/src/tools/moc/generator.cpp' l='1285' u='r' c='_ZN9Generator22generateStaticMetacallEv'/>
<use f='qtbase-6.5.0/src/tools/moc/generator.cpp' l='1286' u='r' c='_ZN9Generator22generateStaticMetacallEv'/>
<use f='qtbase-6.5.0/src/tools/moc/generator.cpp' l='1293' u='r' c='_ZN9Generator22generateStaticMetacallEv'/>
<use f='qtbase-6.5.0/src/tools/moc/generator.cpp' l='1295' u='r' c='_ZN9Generator22generateStaticMetacallEv'/>
<use f='qtbase-6.5.0/src/tools/moc/generator.cpp' l='1297' u='r' c='_ZN9Generator22generateStaticMetacallEv'/>
<use f='qtbase-6.5.0/src/tools/moc/generator.cpp' l='1303' u='r' c='_ZN9Generator22generateStaticMetacallEv'/>
<use f='qtbase-6.5.0/src/tools/moc/generator.cpp' l='1304' u='r' c='_ZN9Generator22generateStaticMetacallEv'/>
<use f='qtbase-6.5.0/src/tools/moc/generator.cpp' l='1315' u='r' c='_ZN9Generator22generateStaticMetacallEv'/>
<use f='qtbase-6.5.0/src/tools/moc/generator.cpp' l='1318' u='r' c='_ZN9Generator22generateStaticMetacallEv'/>
<use f='qtbase-6.5.0/src/tools/moc/generator.cpp' l='1321' u='r' c='_ZN9Generator22generateStaticMetacallEv'/>
<use f='qtbase-6.5.0/src/tools/moc/generator.cpp' l='1324' u='r' c='_ZN9Generator22generateStaticMetacallEv'/>
<use f='qtbase-6.5.0/src/tools/moc/generator.cpp' l='1327' u='r' c='_ZN9Generator22generateStaticMetacallEv'/>
<use f='qtbase-6.5.0/src/tools/moc/generator.cpp' l='1330' u='r' c='_ZN9Generator22generateStaticMetacallEv'/>
<use f='qtbase-6.5.0/src/tools/moc/generator.cpp' l='1333' u='r' c='_ZN9Generator22generateStaticMetacallEv'/>
<use f='qtbase-6.5.0/src/tools/moc/generator.cpp' l='1334' u='r' c='_ZN9Generator22generateStaticMetacallEv'/>
<use f='qtbase-6.5.0/src/tools/moc/generator.cpp' l='1337' u='r' c='_ZN9Generator22generateStaticMetacallEv'/>
<use f='qtbase-6.5.0/src/tools/moc/generator.cpp' l='1339' u='r' c='_ZN9Generator22generateStaticMetacallEv'/>
<use f='qtbase-6.5.0/src/tools/moc/generator.cpp' l='1340' u='r' c='_ZN9Generator22generateStaticMetacallEv'/>
<use f='qtbase-6.5.0/src/tools/moc/generator.cpp' l='1344' u='r' c='_ZN9Generator22generateStaticMetacallEv'/>
<use f='qtbase-6.5.0/src/tools/moc/generator.cpp' l='1345' u='r' c='_ZN9Generator22generateStaticMetacallEv'/>
<use f='qtbase-6.5.0/src/tools/moc/generator.cpp' l='1357' u='r' c='_ZN9Generator22generateStaticMetacallEv'/>
<use f='qtbase-6.5.0/src/tools/moc/generator.cpp' l='1360' u='r' c='_ZN9Generator22generateStaticMetacallEv'/>
<use f='qtbase-6.5.0/src/tools/moc/generator.cpp' l='1361' u='r' c='_ZN9Generator22generateStaticMetacallEv'/>
<use f='qtbase-6.5.0/src/tools/moc/generator.cpp' l='1363' u='r' c='_ZN9Generator22generateStaticMetacallEv'/>
<use f='qtbase-6.5.0/src/tools/moc/generator.cpp' l='1364' u='r' c='_ZN9Generator22generateStaticMetacallEv'/>
<use f='qtbase-6.5.0/src/tools/moc/generator.cpp' l='1366' u='r' c='_ZN9Generator22generateStaticMetacallEv'/>
<use f='qtbase-6.5.0/src/tools/moc/generator.cpp' l='1369' u='r' c='_ZN9Generator22generateStaticMetacallEv'/>
<use f='qtbase-6.5.0/src/tools/moc/generator.cpp' l='1370' u='r' c='_ZN9Generator22generateStaticMetacallEv'/>
<use f='qtbase-6.5.0/src/tools/moc/generator.cpp' l='1372' u='r' c='_ZN9Generator22generateStaticMetacallEv'/>
<use f='qtbase-6.5.0/src/tools/moc/generator.cpp' l='1377' u='r' c='_ZN9Generator22generateStaticMetacallEv'/>
<use f='qtbase-6.5.0/src/tools/moc/generator.cpp' l='1379' u='r' c='_ZN9Generator22generateStaticMetacallEv'/>
<use f='qtbase-6.5.0/src/tools/moc/generator.cpp' l='1382' u='r' c='_ZN9Generator22generateStaticMetacallEv'/>
<use f='qtbase-6.5.0/src/tools/moc/generator.cpp' l='1384' u='r' c='_ZN9Generator22generateStaticMetacallEv'/>
<use f='qtbase-6.5.0/src/tools/moc/generator.cpp' l='1385' u='r' c='_ZN9Generator22generateStaticMetacallEv'/>
<use f='qtbase-6.5.0/src/tools/moc/generator.cpp' l='1388' u='r' c='_ZN9Generator22generateStaticMetacallEv'/>
<use f='qtbase-6.5.0/src/tools/moc/generator.cpp' l='1389' u='r' c='_ZN9Generator22generateStaticMetacallEv'/>
<use f='qtbase-6.5.0/src/tools/moc/generator.cpp' l='1392' u='r' c='_ZN9Generator22generateStaticMetacallEv'/>
<use f='qtbase-6.5.0/src/tools/moc/generator.cpp' l='1394' u='r' c='_ZN9Generator22generateStaticMetacallEv'/>
<use f='qtbase-6.5.0/src/tools/moc/generator.cpp' l='1395' u='r' c='_ZN9Generator22generateStaticMetacallEv'/>
<use f='qtbase-6.5.0/src/tools/moc/generator.cpp' l='1398' u='r' c='_ZN9Generator22generateStaticMetacallEv'/>
<use f='qtbase-6.5.0/src/tools/moc/generator.cpp' l='1407' u='r' c='_ZN9Generator22generateStaticMetacallEv'/>
<use f='qtbase-6.5.0/src/tools/moc/generator.cpp' l='1410' u='r' c='_ZN9Generator22generateStaticMetacallEv'/>
<use f='qtbase-6.5.0/src/tools/moc/generator.cpp' l='1411' u='r' c='_ZN9Generator22generateStaticMetacallEv'/>
<use f='qtbase-6.5.0/src/tools/moc/generator.cpp' l='1413' u='r' c='_ZN9Generator22generateStaticMetacallEv'/>
<use f='qtbase-6.5.0/src/tools/moc/generator.cpp' l='1415' u='r' c='_ZN9Generator22generateStaticMetacallEv'/>
<use f='qtbase-6.5.0/src/tools/moc/generator.cpp' l='1416' u='r' c='_ZN9Generator22generateStaticMetacallEv'/>
<use f='qtbase-6.5.0/src/tools/moc/generator.cpp' l='1419' u='r' c='_ZN9Generator22generateStaticMetacallEv'/>
<use f='qtbase-6.5.0/src/tools/moc/generator.cpp' l='1428' u='r' c='_ZN9Generator22generateStaticMetacallEv'/>
<use f='qtbase-6.5.0/src/tools/moc/generator.cpp' l='1433' u='r' c='_ZN9Generator22generateStaticMetacallEv'/>
<use f='qtbase-6.5.0/src/tools/moc/generator.cpp' l='1434' u='r' c='_ZN9Generator22generateStaticMetacallEv'/>
<use f='qtbase-6.5.0/src/tools/moc/generator.cpp' l='1436' u='r' c='_ZN9Generator22generateStaticMetacallEv'/>
<use f='qtbase-6.5.0/src/tools/moc/generator.cpp' l='1441' u='r' c='_ZN9Generator22generateStaticMetacallEv'/>
<use f='qtbase-6.5.0/src/tools/moc/generator.cpp' l='1444' u='r' c='_ZN9Generator22generateStaticMetacallEv'/>
<use f='qtbase-6.5.0/src/tools/moc/generator.cpp' l='1446' u='r' c='_ZN9Generator22generateStaticMetacallEv'/>
<use f='qtbase-6.5.0/src/tools/moc/generator.cpp' l='1447' u='r' c='_ZN9Generator22generateStaticMetacallEv'/>
<use f='qtbase-6.5.0/src/tools/moc/generator.cpp' l='1451' u='r' c='_ZN9Generator22generateStaticMetacallEv'/>
<use f='qtbase-6.5.0/src/tools/moc/generator.cpp' l='1453' u='r' c='_ZN9Generator22generateStaticMetacallEv'/>
<use f='qtbase-6.5.0/src/tools/moc/generator.cpp' l='1460' u='r' c='_ZN9Generator14generateSignalEP11FunctionDefi'/>
<use f='qtbase-6.5.0/src/tools/moc/generator.cpp' l='1473' u='r' c='_ZN9Generator14generateSignalEP11FunctionDefi'/>
<use f='qtbase-6.5.0/src/tools/moc/generator.cpp' l='1483' u='r' c='_ZN9Generator14generateSignalEP11FunctionDefi'/>
<use f='qtbase-6.5.0/src/tools/moc/generator.cpp' l='1485' u='r' c='_ZN9Generator14generateSignalEP11FunctionDefi'/>
<use f='qtbase-6.5.0/src/tools/moc/generator.cpp' l='1486' u='r' c='_ZN9Generator14generateSignalEP11FunctionDefi'/>
<use f='qtbase-6.5.0/src/tools/moc/generator.cpp' l='1488' u='r' c='_ZN9Generator14generateSignalEP11FunctionDefi'/>
<use f='qtbase-6.5.0/src/tools/moc/generator.cpp' l='1492' u='r' c='_ZN9Generator14generateSignalEP11FunctionDefi'/>
<use f='qtbase-6.5.0/src/tools/moc/generator.cpp' l='1493' u='r' c='_ZN9Generator14generateSignalEP11FunctionDefi'/>
<use f='qtbase-6.5.0/src/tools/moc/generator.cpp' l='1496' u='r' c='_ZN9Generator14generateSignalEP11FunctionDefi'/>
<use f='qtbase-6.5.0/src/tools/moc/generator.cpp' l='1499' u='r' c='_ZN9Generator14generateSignalEP11FunctionDefi'/>
<use f='qtbase-6.5.0/src/tools/moc/generator.cpp' l='1502' u='r' c='_ZN9Generator14generateSignalEP11FunctionDefi'/>
<use f='qtbase-6.5.0/src/tools/moc/generator.cpp' l='1504' u='r' c='_ZN9Generator14generateSignalEP11FunctionDefi'/>
<use f='qtbase-6.5.0/src/tools/moc/generator.cpp' l='1507' u='r' c='_ZN9Generator14generateSignalEP11FunctionDefi'/>
<use f='qtbase-6.5.0/src/tools/moc/generator.cpp' l='1509' u='r' c='_ZN9Generator14generateSignalEP11FunctionDefi'/>
<use f='qtbase-6.5.0/src/tools/moc/generator.cpp' l='1514' u='r' c='_ZN9Generator14generateSignalEP11FunctionDefi'/>
<use f='qtbase-6.5.0/src/tools/moc/generator.cpp' l='1516' u='r' c='_ZN9Generator14generateSignalEP11FunctionDefi'/>
<use f='qtbase-6.5.0/src/tools/moc/generator.cpp' l='1517' u='r' c='_ZN9Generator14generateSignalEP11FunctionDefi'/>
<use f='qtbase-6.5.0/src/tools/moc/generator.cpp' l='1518' u='r' c='_ZN9Generator14generateSignalEP11FunctionDefi'/>
<use f='qtbase-6.5.0/src/tools/moc/generator.cpp' l='1520' u='r' c='_ZN9Generator14generateSignalEP11FunctionDefi'/>
<use f='qtbase-6.5.0/src/tools/moc/generator.cpp' l='1521' u='r' c='_ZN9Generator14generateSignalEP11FunctionDefi'/>
<use f='qtbase-6.5.0/src/tools/moc/generator.cpp' l='1581' u='r' c='_ZN9Generator22generatePluginMetaDataEv'/>
<use f='qtbase-6.5.0/src/tools/moc/generator.cpp' l='1626' u='r' c='_ZN9Generator22generatePluginMetaDataEv'/>
<use f='qtbase-6.5.0/src/tools/moc/generator.cpp' l='1628' u='r' c='_ZN9Generator22generatePluginMetaDataEv'/>
<use f='qtbase-6.5.0/src/tools/moc/generator.cpp' l='1631' u='r' c='_ZN9Generator22generatePluginMetaDataEv'/>
<use f='qtbase-6.5.0/src/tools/moc/generator.cpp' l='1634' u='r' c='_ZN9Generator22generatePluginMetaDataEv'/>
<use f='qtbase-6.5.0/src/tools/moc/generator.cpp' l='1638' u='r' c='_ZN9Generator22generatePluginMetaDataEv'/>
<use f='qtbase-6.5.0/src/tools/moc/generator.cpp' l='1645' u='r' c='_ZN9Generator22generatePluginMetaDataEv'/>
<use f='qtbase-6.5.0/src/tools/moc/generator.cpp' l='1649' u='r' c='_ZN9Generator22generatePluginMetaDataEv'/>
<offset>0</offset>
