<dec f='qtbase-6.5.0/src/3rdparty/libjpeg/src/jpeglib.h' l='271' type='struct jpeg_error_mgr *'/>
<offset>0</offset>
<use f='qtbase-6.5.0/src/3rdparty/libjpeg/src/jstdhuff.c' l='42' macro='1' u='r' c='add_huff_table'/>
<use f='qtbase-6.5.0/src/3rdparty/libjpeg/src/jstdhuff.c' l='42' macro='1' u='r' c='add_huff_table'/>
<use f='qtbase-6.5.0/src/3rdparty/libjpeg/src/jerror.c' l='72' u='r' c='error_exit'/>
<use f='qtbase-6.5.0/src/3rdparty/libjpeg/src/jerror.c' l='102' u='r' c='output_message'/>
<use f='qtbase-6.5.0/src/3rdparty/libjpeg/src/jerror.c' l='129' u='r' c='emit_message'/>
<use f='qtbase-6.5.0/src/3rdparty/libjpeg/src/jerror.c' l='158' u='r' c='format_message'/>
<use f='qtbase-6.5.0/src/3rdparty/libjpeg/src/jerror.c' l='213' u='r' c='reset_error_mgr'/>
<use f='qtbase-6.5.0/src/3rdparty/libjpeg/src/jerror.c' l='215' u='r' c='reset_error_mgr'/>
<use f='qtbase-6.5.0/src/3rdparty/libjpeg/src/jmemmgr.c' l='229' macro='1' u='r' c='out_of_memory'/>
<use f='qtbase-6.5.0/src/3rdparty/libjpeg/src/jmemmgr.c' l='229' macro='1' u='r' c='out_of_memory'/>
<use f='qtbase-6.5.0/src/3rdparty/libjpeg/src/jmemmgr.c' l='229' macro='1' u='r' c='out_of_memory'/>
<use f='qtbase-6.5.0/src/3rdparty/libjpeg/src/jmemmgr.c' l='292' macro='1' u='r' c='alloc_small'/>
<use f='qtbase-6.5.0/src/3rdparty/libjpeg/src/jmemmgr.c' l='292' macro='1' u='r' c='alloc_small'/>
<use f='qtbase-6.5.0/src/3rdparty/libjpeg/src/jmemmgr.c' l='292' macro='1' u='r' c='alloc_small'/>
<use f='qtbase-6.5.0/src/3rdparty/libjpeg/src/jmemmgr.c' l='386' macro='1' u='r' c='alloc_large'/>
<use f='qtbase-6.5.0/src/3rdparty/libjpeg/src/jmemmgr.c' l='386' macro='1' u='r' c='alloc_large'/>
<use f='qtbase-6.5.0/src/3rdparty/libjpeg/src/jmemmgr.c' l='386' macro='1' u='r' c='alloc_large'/>
<use f='qtbase-6.5.0/src/3rdparty/libjpeg/src/jmemmgr.c' l='457' macro='1' u='r' c='alloc_sarray'/>
<use f='qtbase-6.5.0/src/3rdparty/libjpeg/src/jmemmgr.c' l='457' macro='1' u='r' c='alloc_sarray'/>
<use f='qtbase-6.5.0/src/3rdparty/libjpeg/src/jmemmgr.c' l='509' macro='1' u='r' c='alloc_barray'/>
<use f='qtbase-6.5.0/src/3rdparty/libjpeg/src/jmemmgr.c' l='509' macro='1' u='r' c='alloc_barray'/>
<use f='qtbase-6.5.0/src/3rdparty/libjpeg/src/jmemmgr.c' l='585' macro='1' u='r' c='request_virt_sarray'/>
<use f='qtbase-6.5.0/src/3rdparty/libjpeg/src/jmemmgr.c' l='585' macro='1' u='r' c='request_virt_sarray'/>
<use f='qtbase-6.5.0/src/3rdparty/libjpeg/src/jmemmgr.c' l='585' macro='1' u='r' c='request_virt_sarray'/>
<use f='qtbase-6.5.0/src/3rdparty/libjpeg/src/jmemmgr.c' l='615' macro='1' u='r' c='request_virt_barray'/>
<use f='qtbase-6.5.0/src/3rdparty/libjpeg/src/jmemmgr.c' l='615' macro='1' u='r' c='request_virt_barray'/>
<use f='qtbase-6.5.0/src/3rdparty/libjpeg/src/jmemmgr.c' l='615' macro='1' u='r' c='request_virt_barray'/>
<use f='qtbase-6.5.0/src/3rdparty/libjpeg/src/jmemmgr.c' l='828' macro='1' u='r' c='access_virt_sarray'/>
<use f='qtbase-6.5.0/src/3rdparty/libjpeg/src/jmemmgr.c' l='828' macro='1' u='r' c='access_virt_sarray'/>
<use f='qtbase-6.5.0/src/3rdparty/libjpeg/src/jmemmgr.c' l='834' macro='1' u='r' c='access_virt_sarray'/>
<use f='qtbase-6.5.0/src/3rdparty/libjpeg/src/jmemmgr.c' l='834' macro='1' u='r' c='access_virt_sarray'/>
<use f='qtbase-6.5.0/src/3rdparty/libjpeg/src/jmemmgr.c' l='871' macro='1' u='r' c='access_virt_sarray'/>
<use f='qtbase-6.5.0/src/3rdparty/libjpeg/src/jmemmgr.c' l='871' macro='1' u='r' c='access_virt_sarray'/>
<use f='qtbase-6.5.0/src/3rdparty/libjpeg/src/jmemmgr.c' l='888' macro='1' u='r' c='access_virt_sarray'/>
<use f='qtbase-6.5.0/src/3rdparty/libjpeg/src/jmemmgr.c' l='888' macro='1' u='r' c='access_virt_sarray'/>
<use f='qtbase-6.5.0/src/3rdparty/libjpeg/src/jmemmgr.c' l='912' macro='1' u='r' c='access_virt_barray'/>
<use f='qtbase-6.5.0/src/3rdparty/libjpeg/src/jmemmgr.c' l='912' macro='1' u='r' c='access_virt_barray'/>
<use f='qtbase-6.5.0/src/3rdparty/libjpeg/src/jmemmgr.c' l='918' macro='1' u='r' c='access_virt_barray'/>
<use f='qtbase-6.5.0/src/3rdparty/libjpeg/src/jmemmgr.c' l='918' macro='1' u='r' c='access_virt_barray'/>
<use f='qtbase-6.5.0/src/3rdparty/libjpeg/src/jmemmgr.c' l='955' macro='1' u='r' c='access_virt_barray'/>
<use f='qtbase-6.5.0/src/3rdparty/libjpeg/src/jmemmgr.c' l='955' macro='1' u='r' c='access_virt_barray'/>
<use f='qtbase-6.5.0/src/3rdparty/libjpeg/src/jmemmgr.c' l='972' macro='1' u='r' c='access_virt_barray'/>
<use f='qtbase-6.5.0/src/3rdparty/libjpeg/src/jmemmgr.c' l='972' macro='1' u='r' c='access_virt_barray'/>
<use f='qtbase-6.5.0/src/3rdparty/libjpeg/src/jmemmgr.c' l='996' macro='1' u='r' c='free_pool'/>
<use f='qtbase-6.5.0/src/3rdparty/libjpeg/src/jmemmgr.c' l='996' macro='1' u='r' c='free_pool'/>
<use f='qtbase-6.5.0/src/3rdparty/libjpeg/src/jmemmgr.c' l='996' macro='1' u='r' c='free_pool'/>
<use f='qtbase-6.5.0/src/3rdparty/libjpeg/src/jmemmgr.c' l='1102' macro='1' u='r' c='jinit_memory_mgr'/>
<use f='qtbase-6.5.0/src/3rdparty/libjpeg/src/jmemmgr.c' l='1102' macro='1' u='r' c='jinit_memory_mgr'/>
<use f='qtbase-6.5.0/src/3rdparty/libjpeg/src/jmemmgr.c' l='1111' macro='1' u='r' c='jinit_memory_mgr'/>
<use f='qtbase-6.5.0/src/3rdparty/libjpeg/src/jmemmgr.c' l='1111' macro='1' u='r' c='jinit_memory_mgr'/>
<use f='qtbase-6.5.0/src/3rdparty/libjpeg/src/jmemmgr.c' l='1120' macro='1' u='r' c='jinit_memory_mgr'/>
<use f='qtbase-6.5.0/src/3rdparty/libjpeg/src/jmemmgr.c' l='1120' macro='1' u='r' c='jinit_memory_mgr'/>
<use f='qtbase-6.5.0/src/3rdparty/libjpeg/src/jmemmgr.c' l='1120' macro='1' u='r' c='jinit_memory_mgr'/>
<use f='qtbase-6.5.0/src/3rdparty/libjpeg/src/jmemnobs.c' l='91' macro='1' u='r' c='jpeg_open_backing_store'/>
<use f='qtbase-6.5.0/src/3rdparty/libjpeg/src/jmemnobs.c' l='91' macro='1' u='r' c='jpeg_open_backing_store'/>
<use f='qtbase-6.5.0/src/plugins/imageformats/jpeg/qjpeghandler.cpp' l='52' u='r' c='_ZL13my_error_exitP18jpeg_common_struct'/>
<use f='qtbase-6.5.0/src/plugins/imageformats/jpeg/qjpeghandler.cpp' l='53' u='r' c='_ZL13my_error_exitP18jpeg_common_struct'/>
<use f='qtbase-6.5.0/src/plugins/imageformats/jpeg/qjpeghandler.cpp' l='60' u='r' c='_ZL17my_output_messageP18jpeg_common_struct'/>
