<dec f='qtbase-6.5.0/src/3rdparty/libjpeg/src/jpeglib.h' l='271' type='struct jpeg_error_mgr *'/>
<offset>0</offset>
<use f='qtbase-6.5.0/src/3rdparty/libjpeg/src/jcapimin.c' l='41' macro='1' u='r' c='jpeg_CreateCompress'/>
<use f='qtbase-6.5.0/src/3rdparty/libjpeg/src/jcapimin.c' l='41' macro='1' u='r' c='jpeg_CreateCompress'/>
<use f='qtbase-6.5.0/src/3rdparty/libjpeg/src/jcapimin.c' l='41' macro='1' u='r' c='jpeg_CreateCompress'/>
<use f='qtbase-6.5.0/src/3rdparty/libjpeg/src/jcapimin.c' l='41' macro='1' u='r' c='jpeg_CreateCompress'/>
<use f='qtbase-6.5.0/src/3rdparty/libjpeg/src/jcapimin.c' l='43' macro='1' u='r' c='jpeg_CreateCompress'/>
<use f='qtbase-6.5.0/src/3rdparty/libjpeg/src/jcapimin.c' l='43' macro='1' u='r' c='jpeg_CreateCompress'/>
<use f='qtbase-6.5.0/src/3rdparty/libjpeg/src/jcapimin.c' l='43' macro='1' u='r' c='jpeg_CreateCompress'/>
<use f='qtbase-6.5.0/src/3rdparty/libjpeg/src/jcapimin.c' l='43' macro='1' u='r' c='jpeg_CreateCompress'/>
<use f='qtbase-6.5.0/src/3rdparty/libjpeg/src/jcapimin.c' l='53' u='r' c='jpeg_CreateCompress'/>
<use f='qtbase-6.5.0/src/3rdparty/libjpeg/src/jcapimin.c' l='56' u='w' c='jpeg_CreateCompress'/>
<use f='qtbase-6.5.0/src/3rdparty/libjpeg/src/jcapimin.c' l='170' macro='1' u='r' c='jpeg_finish_compress'/>
<use f='qtbase-6.5.0/src/3rdparty/libjpeg/src/jcapimin.c' l='170' macro='1' u='r' c='jpeg_finish_compress'/>
<use f='qtbase-6.5.0/src/3rdparty/libjpeg/src/jcapimin.c' l='173' macro='1' u='r' c='jpeg_finish_compress'/>
<use f='qtbase-6.5.0/src/3rdparty/libjpeg/src/jcapimin.c' l='173' macro='1' u='r' c='jpeg_finish_compress'/>
<use f='qtbase-6.5.0/src/3rdparty/libjpeg/src/jcapimin.c' l='173' macro='1' u='r' c='jpeg_finish_compress'/>
<use f='qtbase-6.5.0/src/3rdparty/libjpeg/src/jcapimin.c' l='187' macro='1' u='r' c='jpeg_finish_compress'/>
<use f='qtbase-6.5.0/src/3rdparty/libjpeg/src/jcapimin.c' l='187' macro='1' u='r' c='jpeg_finish_compress'/>
<use f='qtbase-6.5.0/src/3rdparty/libjpeg/src/jcapimin.c' l='216' macro='1' u='r' c='jpeg_write_marker'/>
<use f='qtbase-6.5.0/src/3rdparty/libjpeg/src/jcapimin.c' l='216' macro='1' u='r' c='jpeg_write_marker'/>
<use f='qtbase-6.5.0/src/3rdparty/libjpeg/src/jcapimin.c' l='216' macro='1' u='r' c='jpeg_write_marker'/>
<use f='qtbase-6.5.0/src/3rdparty/libjpeg/src/jcapimin.c' l='235' macro='1' u='r' c='jpeg_write_m_header'/>
<use f='qtbase-6.5.0/src/3rdparty/libjpeg/src/jcapimin.c' l='235' macro='1' u='r' c='jpeg_write_m_header'/>
<use f='qtbase-6.5.0/src/3rdparty/libjpeg/src/jcapimin.c' l='235' macro='1' u='r' c='jpeg_write_m_header'/>
<use f='qtbase-6.5.0/src/3rdparty/libjpeg/src/jcapimin.c' l='272' macro='1' u='r' c='jpeg_write_tables'/>
<use f='qtbase-6.5.0/src/3rdparty/libjpeg/src/jcapimin.c' l='272' macro='1' u='r' c='jpeg_write_tables'/>
<use f='qtbase-6.5.0/src/3rdparty/libjpeg/src/jcapimin.c' l='272' macro='1' u='r' c='jpeg_write_tables'/>
<use f='qtbase-6.5.0/src/3rdparty/libjpeg/src/jcapimin.c' l='275' u='r' c='jpeg_write_tables'/>
<use f='qtbase-6.5.0/src/3rdparty/libjpeg/src/jcapistd.c' l='42' macro='1' u='r' c='jpeg_start_compress'/>
<use f='qtbase-6.5.0/src/3rdparty/libjpeg/src/jcapistd.c' l='42' macro='1' u='r' c='jpeg_start_compress'/>
<use f='qtbase-6.5.0/src/3rdparty/libjpeg/src/jcapistd.c' l='42' macro='1' u='r' c='jpeg_start_compress'/>
<use f='qtbase-6.5.0/src/3rdparty/libjpeg/src/jcapistd.c' l='48' u='r' c='jpeg_start_compress'/>
<use f='qtbase-6.5.0/src/3rdparty/libjpeg/src/jcapistd.c' l='84' macro='1' u='r' c='jpeg_write_scanlines'/>
<use f='qtbase-6.5.0/src/3rdparty/libjpeg/src/jcapistd.c' l='84' macro='1' u='r' c='jpeg_write_scanlines'/>
<use f='qtbase-6.5.0/src/3rdparty/libjpeg/src/jcapistd.c' l='84' macro='1' u='r' c='jpeg_write_scanlines'/>
<use f='qtbase-6.5.0/src/3rdparty/libjpeg/src/jcapistd.c' l='86' macro='1' u='r' c='jpeg_write_scanlines'/>
<use f='qtbase-6.5.0/src/3rdparty/libjpeg/src/jcapistd.c' l='86' macro='1' u='r' c='jpeg_write_scanlines'/>
<use f='qtbase-6.5.0/src/3rdparty/libjpeg/src/jcapistd.c' l='127' macro='1' u='r' c='jpeg_write_raw_data'/>
<use f='qtbase-6.5.0/src/3rdparty/libjpeg/src/jcapistd.c' l='127' macro='1' u='r' c='jpeg_write_raw_data'/>
<use f='qtbase-6.5.0/src/3rdparty/libjpeg/src/jcapistd.c' l='127' macro='1' u='r' c='jpeg_write_raw_data'/>
<use f='qtbase-6.5.0/src/3rdparty/libjpeg/src/jcapistd.c' l='129' macro='1' u='r' c='jpeg_write_raw_data'/>
<use f='qtbase-6.5.0/src/3rdparty/libjpeg/src/jcapistd.c' l='129' macro='1' u='r' c='jpeg_write_raw_data'/>
<use f='qtbase-6.5.0/src/3rdparty/libjpeg/src/jcapistd.c' l='151' macro='1' u='r' c='jpeg_write_raw_data'/>
<use f='qtbase-6.5.0/src/3rdparty/libjpeg/src/jcapistd.c' l='151' macro='1' u='r' c='jpeg_write_raw_data'/>
<use f='qtbase-6.5.0/src/3rdparty/libjpeg/src/jcarith.c' l='130' macro='1' u='r' c='emit_byte'/>
<use f='qtbase-6.5.0/src/3rdparty/libjpeg/src/jcarith.c' l='130' macro='1' u='r' c='emit_byte'/>
<use f='qtbase-6.5.0/src/3rdparty/libjpeg/src/jcarith.c' l='839' macro='1' u='r' c='start_pass'/>
<use f='qtbase-6.5.0/src/3rdparty/libjpeg/src/jcarith.c' l='839' macro='1' u='r' c='start_pass'/>
<use f='qtbase-6.5.0/src/3rdparty/libjpeg/src/jcarith.c' l='866' macro='1' u='r' c='start_pass'/>
<use f='qtbase-6.5.0/src/3rdparty/libjpeg/src/jcarith.c' l='866' macro='1' u='r' c='start_pass'/>
<use f='qtbase-6.5.0/src/3rdparty/libjpeg/src/jcarith.c' l='866' macro='1' u='r' c='start_pass'/>
<use f='qtbase-6.5.0/src/3rdparty/libjpeg/src/jcarith.c' l='879' macro='1' u='r' c='start_pass'/>
<use f='qtbase-6.5.0/src/3rdparty/libjpeg/src/jcarith.c' l='879' macro='1' u='r' c='start_pass'/>
<use f='qtbase-6.5.0/src/3rdparty/libjpeg/src/jcarith.c' l='879' macro='1' u='r' c='start_pass'/>
<use f='qtbase-6.5.0/src/3rdparty/libjpeg/src/jccoefct.c' l='108' macro='1' u='r' c='start_pass_coef'/>
<use f='qtbase-6.5.0/src/3rdparty/libjpeg/src/jccoefct.c' l='108' macro='1' u='r' c='start_pass_coef'/>
<use f='qtbase-6.5.0/src/3rdparty/libjpeg/src/jccoefct.c' l='114' macro='1' u='r' c='start_pass_coef'/>
<use f='qtbase-6.5.0/src/3rdparty/libjpeg/src/jccoefct.c' l='114' macro='1' u='r' c='start_pass_coef'/>
<use f='qtbase-6.5.0/src/3rdparty/libjpeg/src/jccoefct.c' l='119' macro='1' u='r' c='start_pass_coef'/>
<use f='qtbase-6.5.0/src/3rdparty/libjpeg/src/jccoefct.c' l='119' macro='1' u='r' c='start_pass_coef'/>
<use f='qtbase-6.5.0/src/3rdparty/libjpeg/src/jccoefct.c' l='124' macro='1' u='r' c='start_pass_coef'/>
<use f='qtbase-6.5.0/src/3rdparty/libjpeg/src/jccoefct.c' l='124' macro='1' u='r' c='start_pass_coef'/>
<use f='qtbase-6.5.0/src/3rdparty/libjpeg/src/jccolor.c' l='553' macro='1' u='r' c='jinit_color_converter'/>
<use f='qtbase-6.5.0/src/3rdparty/libjpeg/src/jccolor.c' l='553' macro='1' u='r' c='jinit_color_converter'/>
<use f='qtbase-6.5.0/src/3rdparty/libjpeg/src/jccolor.c' l='568' macro='1' u='r' c='jinit_color_converter'/>
<use f='qtbase-6.5.0/src/3rdparty/libjpeg/src/jccolor.c' l='568' macro='1' u='r' c='jinit_color_converter'/>
<use f='qtbase-6.5.0/src/3rdparty/libjpeg/src/jccolor.c' l='573' macro='1' u='r' c='jinit_color_converter'/>
<use f='qtbase-6.5.0/src/3rdparty/libjpeg/src/jccolor.c' l='573' macro='1' u='r' c='jinit_color_converter'/>
<use f='qtbase-6.5.0/src/3rdparty/libjpeg/src/jccolor.c' l='579' macro='1' u='r' c='jinit_color_converter'/>
<use f='qtbase-6.5.0/src/3rdparty/libjpeg/src/jccolor.c' l='579' macro='1' u='r' c='jinit_color_converter'/>
<use f='qtbase-6.5.0/src/3rdparty/libjpeg/src/jccolor.c' l='584' macro='1' u='r' c='jinit_color_converter'/>
<use f='qtbase-6.5.0/src/3rdparty/libjpeg/src/jccolor.c' l='584' macro='1' u='r' c='jinit_color_converter'/>
<use f='qtbase-6.5.0/src/3rdparty/libjpeg/src/jccolor.c' l='592' macro='1' u='r' c='jinit_color_converter'/>
<use f='qtbase-6.5.0/src/3rdparty/libjpeg/src/jccolor.c' l='592' macro='1' u='r' c='jinit_color_converter'/>
<use f='qtbase-6.5.0/src/3rdparty/libjpeg/src/jccolor.c' l='615' macro='1' u='r' c='jinit_color_converter'/>
<use f='qtbase-6.5.0/src/3rdparty/libjpeg/src/jccolor.c' l='615' macro='1' u='r' c='jinit_color_converter'/>
<use f='qtbase-6.5.0/src/3rdparty/libjpeg/src/jccolor.c' l='620' macro='1' u='r' c='jinit_color_converter'/>
<use f='qtbase-6.5.0/src/3rdparty/libjpeg/src/jccolor.c' l='620' macro='1' u='r' c='jinit_color_converter'/>
<use f='qtbase-6.5.0/src/3rdparty/libjpeg/src/jccolor.c' l='644' macro='1' u='r' c='jinit_color_converter'/>
<use f='qtbase-6.5.0/src/3rdparty/libjpeg/src/jccolor.c' l='644' macro='1' u='r' c='jinit_color_converter'/>
<use f='qtbase-6.5.0/src/3rdparty/libjpeg/src/jccolor.c' l='649' macro='1' u='r' c='jinit_color_converter'/>
<use f='qtbase-6.5.0/src/3rdparty/libjpeg/src/jccolor.c' l='649' macro='1' u='r' c='jinit_color_converter'/>
<use f='qtbase-6.5.0/src/3rdparty/libjpeg/src/jccolor.c' l='675' macro='1' u='r' c='jinit_color_converter'/>
<use f='qtbase-6.5.0/src/3rdparty/libjpeg/src/jccolor.c' l='675' macro='1' u='r' c='jinit_color_converter'/>
<use f='qtbase-6.5.0/src/3rdparty/libjpeg/src/jccolor.c' l='680' macro='1' u='r' c='jinit_color_converter'/>
<use f='qtbase-6.5.0/src/3rdparty/libjpeg/src/jccolor.c' l='680' macro='1' u='r' c='jinit_color_converter'/>
<use f='qtbase-6.5.0/src/3rdparty/libjpeg/src/jccolor.c' l='689' macro='1' u='r' c='jinit_color_converter'/>
<use f='qtbase-6.5.0/src/3rdparty/libjpeg/src/jccolor.c' l='689' macro='1' u='r' c='jinit_color_converter'/>
<use f='qtbase-6.5.0/src/3rdparty/libjpeg/src/jccolor.c' l='694' macro='1' u='r' c='jinit_color_converter'/>
<use f='qtbase-6.5.0/src/3rdparty/libjpeg/src/jccolor.c' l='694' macro='1' u='r' c='jinit_color_converter'/>
<use f='qtbase-6.5.0/src/3rdparty/libjpeg/src/jccolor.c' l='706' macro='1' u='r' c='jinit_color_converter'/>
<use f='qtbase-6.5.0/src/3rdparty/libjpeg/src/jccolor.c' l='706' macro='1' u='r' c='jinit_color_converter'/>
<use f='qtbase-6.5.0/src/3rdparty/libjpeg/src/jccolor.c' l='712' macro='1' u='r' c='jinit_color_converter'/>
<use f='qtbase-6.5.0/src/3rdparty/libjpeg/src/jccolor.c' l='712' macro='1' u='r' c='jinit_color_converter'/>
<use f='qtbase-6.5.0/src/3rdparty/libjpeg/src/jcdctmgr.c' l='250' macro='1' u='r' c='start_pass_fdctmgr'/>
<use f='qtbase-6.5.0/src/3rdparty/libjpeg/src/jcdctmgr.c' l='250' macro='1' u='r' c='start_pass_fdctmgr'/>
<use f='qtbase-6.5.0/src/3rdparty/libjpeg/src/jcdctmgr.c' l='250' macro='1' u='r' c='start_pass_fdctmgr'/>
<use f='qtbase-6.5.0/src/3rdparty/libjpeg/src/jcdctmgr.c' l='361' macro='1' u='r' c='start_pass_fdctmgr'/>
<use f='qtbase-6.5.0/src/3rdparty/libjpeg/src/jcdctmgr.c' l='361' macro='1' u='r' c='start_pass_fdctmgr'/>
<use f='qtbase-6.5.0/src/3rdparty/libjpeg/src/jcdctmgr.c' l='661' macro='1' u='r' c='jinit_forward_dct'/>
<use f='qtbase-6.5.0/src/3rdparty/libjpeg/src/jcdctmgr.c' l='661' macro='1' u='r' c='jinit_forward_dct'/>
<use f='qtbase-6.5.0/src/3rdparty/libjpeg/src/jcdctmgr.c' l='697' macro='1' u='r' c='jinit_forward_dct'/>
<use f='qtbase-6.5.0/src/3rdparty/libjpeg/src/jcdctmgr.c' l='697' macro='1' u='r' c='jinit_forward_dct'/>
<use f='qtbase-6.5.0/src/3rdparty/libjpeg/src/jchuff.c' l='193' macro='1' u='r' c='start_pass_huff'/>
<use f='qtbase-6.5.0/src/3rdparty/libjpeg/src/jchuff.c' l='193' macro='1' u='r' c='start_pass_huff'/>
<use f='qtbase-6.5.0/src/3rdparty/libjpeg/src/jchuff.c' l='193' macro='1' u='r' c='start_pass_huff'/>
<use f='qtbase-6.5.0/src/3rdparty/libjpeg/src/jchuff.c' l='195' macro='1' u='r' c='start_pass_huff'/>
<use f='qtbase-6.5.0/src/3rdparty/libjpeg/src/jchuff.c' l='195' macro='1' u='r' c='start_pass_huff'/>
<use f='qtbase-6.5.0/src/3rdparty/libjpeg/src/jchuff.c' l='195' macro='1' u='r' c='start_pass_huff'/>
<use f='qtbase-6.5.0/src/3rdparty/libjpeg/src/jchuff.c' l='264' macro='1' u='r' c='jpeg_make_c_derived_tbl'/>
<use f='qtbase-6.5.0/src/3rdparty/libjpeg/src/jchuff.c' l='264' macro='1' u='r' c='jpeg_make_c_derived_tbl'/>
<use f='qtbase-6.5.0/src/3rdparty/libjpeg/src/jchuff.c' l='264' macro='1' u='r' c='jpeg_make_c_derived_tbl'/>
<use f='qtbase-6.5.0/src/3rdparty/libjpeg/src/jchuff.c' l='268' macro='1' u='r' c='jpeg_make_c_derived_tbl'/>
<use f='qtbase-6.5.0/src/3rdparty/libjpeg/src/jchuff.c' l='268' macro='1' u='r' c='jpeg_make_c_derived_tbl'/>
<use f='qtbase-6.5.0/src/3rdparty/libjpeg/src/jchuff.c' l='268' macro='1' u='r' c='jpeg_make_c_derived_tbl'/>
<use f='qtbase-6.5.0/src/3rdparty/libjpeg/src/jchuff.c' l='283' macro='1' u='r' c='jpeg_make_c_derived_tbl'/>
<use f='qtbase-6.5.0/src/3rdparty/libjpeg/src/jchuff.c' l='283' macro='1' u='r' c='jpeg_make_c_derived_tbl'/>
<use f='qtbase-6.5.0/src/3rdparty/libjpeg/src/jchuff.c' l='305' macro='1' u='r' c='jpeg_make_c_derived_tbl'/>
<use f='qtbase-6.5.0/src/3rdparty/libjpeg/src/jchuff.c' l='305' macro='1' u='r' c='jpeg_make_c_derived_tbl'/>
<use f='qtbase-6.5.0/src/3rdparty/libjpeg/src/jchuff.c' l='330' macro='1' u='r' c='jpeg_make_c_derived_tbl'/>
<use f='qtbase-6.5.0/src/3rdparty/libjpeg/src/jchuff.c' l='330' macro='1' u='r' c='jpeg_make_c_derived_tbl'/>
<use f='qtbase-6.5.0/src/3rdparty/libjpeg/src/jchuff.c' l='771' macro='1' u='r' c='finish_pass_huff'/>
<use f='qtbase-6.5.0/src/3rdparty/libjpeg/src/jchuff.c' l='771' macro='1' u='r' c='finish_pass_huff'/>
<use f='qtbase-6.5.0/src/3rdparty/libjpeg/src/jchuff.c' l='820' macro='1' u='r' c='htest_one_block'/>
<use f='qtbase-6.5.0/src/3rdparty/libjpeg/src/jchuff.c' l='820' macro='1' u='r' c='htest_one_block'/>
<use f='qtbase-6.5.0/src/3rdparty/libjpeg/src/jchuff.c' l='849' macro='1' u='r' c='htest_one_block'/>
<use f='qtbase-6.5.0/src/3rdparty/libjpeg/src/jchuff.c' l='849' macro='1' u='r' c='htest_one_block'/>
<use f='qtbase-6.5.0/src/3rdparty/libjpeg/src/jchuff.c' l='1010' macro='1' u='r' c='jpeg_gen_optimal_table'/>
<use f='qtbase-6.5.0/src/3rdparty/libjpeg/src/jchuff.c' l='1010' macro='1' u='r' c='jpeg_gen_optimal_table'/>
<use f='qtbase-6.5.0/src/3rdparty/libjpeg/src/jcmainct.c' l='62' macro='1' u='r' c='start_pass_main'/>
<use f='qtbase-6.5.0/src/3rdparty/libjpeg/src/jcmainct.c' l='62' macro='1' u='r' c='start_pass_main'/>
<use f='qtbase-6.5.0/src/3rdparty/libjpeg/src/jcmainct.c' l='151' macro='1' u='r' c='jinit_c_main_controller'/>
<use f='qtbase-6.5.0/src/3rdparty/libjpeg/src/jcmainct.c' l='151' macro='1' u='r' c='jinit_c_main_controller'/>
<use f='qtbase-6.5.0/src/3rdparty/libjpeg/src/jcmarker.c' l='121' macro='1' u='r' c='emit_byte'/>
<use f='qtbase-6.5.0/src/3rdparty/libjpeg/src/jcmarker.c' l='121' macro='1' u='r' c='emit_byte'/>
<use f='qtbase-6.5.0/src/3rdparty/libjpeg/src/jcmarker.c' l='158' macro='1' u='r' c='emit_dqt'/>
<use f='qtbase-6.5.0/src/3rdparty/libjpeg/src/jcmarker.c' l='158' macro='1' u='r' c='emit_dqt'/>
<use f='qtbase-6.5.0/src/3rdparty/libjpeg/src/jcmarker.c' l='158' macro='1' u='r' c='emit_dqt'/>
<use f='qtbase-6.5.0/src/3rdparty/libjpeg/src/jcmarker.c' l='203' macro='1' u='r' c='emit_dht'/>
<use f='qtbase-6.5.0/src/3rdparty/libjpeg/src/jcmarker.c' l='203' macro='1' u='r' c='emit_dht'/>
<use f='qtbase-6.5.0/src/3rdparty/libjpeg/src/jcmarker.c' l='203' macro='1' u='r' c='emit_dht'/>
<use f='qtbase-6.5.0/src/3rdparty/libjpeg/src/jcmarker.c' l='300' macro='1' u='r' c='emit_sof'/>
<use f='qtbase-6.5.0/src/3rdparty/libjpeg/src/jcmarker.c' l='300' macro='1' u='r' c='emit_sof'/>
<use f='qtbase-6.5.0/src/3rdparty/libjpeg/src/jcmarker.c' l='300' macro='1' u='r' c='emit_sof'/>
<use f='qtbase-6.5.0/src/3rdparty/libjpeg/src/jcmarker.c' l='446' macro='1' u='r' c='write_marker_header'/>
<use f='qtbase-6.5.0/src/3rdparty/libjpeg/src/jcmarker.c' l='446' macro='1' u='r' c='write_marker_header'/>
<use f='qtbase-6.5.0/src/3rdparty/libjpeg/src/jcmarker.c' l='530' macro='1' u='r' c='write_frame_header'/>
<use f='qtbase-6.5.0/src/3rdparty/libjpeg/src/jcmarker.c' l='530' macro='1' u='r' c='write_frame_header'/>
<use f='qtbase-6.5.0/src/3rdparty/libjpeg/src/jcmaster.c' l='99' macro='1' u='r' c='initial_setup'/>
<use f='qtbase-6.5.0/src/3rdparty/libjpeg/src/jcmaster.c' l='99' macro='1' u='r' c='initial_setup'/>
<use f='qtbase-6.5.0/src/3rdparty/libjpeg/src/jcmaster.c' l='104' macro='1' u='r' c='initial_setup'/>
<use f='qtbase-6.5.0/src/3rdparty/libjpeg/src/jcmaster.c' l='104' macro='1' u='r' c='initial_setup'/>
<use f='qtbase-6.5.0/src/3rdparty/libjpeg/src/jcmaster.c' l='104' macro='1' u='r' c='initial_setup'/>
<use f='qtbase-6.5.0/src/3rdparty/libjpeg/src/jcmaster.c' l='110' macro='1' u='r' c='initial_setup'/>
<use f='qtbase-6.5.0/src/3rdparty/libjpeg/src/jcmaster.c' l='110' macro='1' u='r' c='initial_setup'/>
<use f='qtbase-6.5.0/src/3rdparty/libjpeg/src/jcmaster.c' l='114' macro='1' u='r' c='initial_setup'/>
<use f='qtbase-6.5.0/src/3rdparty/libjpeg/src/jcmaster.c' l='114' macro='1' u='r' c='initial_setup'/>
<use f='qtbase-6.5.0/src/3rdparty/libjpeg/src/jcmaster.c' l='114' macro='1' u='r' c='initial_setup'/>
<use f='qtbase-6.5.0/src/3rdparty/libjpeg/src/jcmaster.c' l='118' macro='1' u='r' c='initial_setup'/>
<use f='qtbase-6.5.0/src/3rdparty/libjpeg/src/jcmaster.c' l='118' macro='1' u='r' c='initial_setup'/>
<use f='qtbase-6.5.0/src/3rdparty/libjpeg/src/jcmaster.c' l='118' macro='1' u='r' c='initial_setup'/>
<use f='qtbase-6.5.0/src/3rdparty/libjpeg/src/jcmaster.c' l='118' macro='1' u='r' c='initial_setup'/>
<use f='qtbase-6.5.0/src/3rdparty/libjpeg/src/jcmaster.c' l='130' macro='1' u='r' c='initial_setup'/>
<use f='qtbase-6.5.0/src/3rdparty/libjpeg/src/jcmaster.c' l='130' macro='1' u='r' c='initial_setup'/>
<use f='qtbase-6.5.0/src/3rdparty/libjpeg/src/jcmaster.c' l='194' macro='1' u='r' c='validate_script'/>
<use f='qtbase-6.5.0/src/3rdparty/libjpeg/src/jcmaster.c' l='194' macro='1' u='r' c='validate_script'/>
<use f='qtbase-6.5.0/src/3rdparty/libjpeg/src/jcmaster.c' l='194' macro='1' u='r' c='validate_script'/>
<use f='qtbase-6.5.0/src/3rdparty/libjpeg/src/jcmaster.c' l='220' macro='1' u='r' c='validate_script'/>
<use f='qtbase-6.5.0/src/3rdparty/libjpeg/src/jcmaster.c' l='220' macro='1' u='r' c='validate_script'/>
<use f='qtbase-6.5.0/src/3rdparty/libjpeg/src/jcmaster.c' l='220' macro='1' u='r' c='validate_script'/>
<use f='qtbase-6.5.0/src/3rdparty/libjpeg/src/jcmaster.c' l='220' macro='1' u='r' c='validate_script'/>
<use f='qtbase-6.5.0/src/3rdparty/libjpeg/src/jcmaster.c' l='224' macro='1' u='r' c='validate_script'/>
<use f='qtbase-6.5.0/src/3rdparty/libjpeg/src/jcmaster.c' l='224' macro='1' u='r' c='validate_script'/>
<use f='qtbase-6.5.0/src/3rdparty/libjpeg/src/jcmaster.c' l='224' macro='1' u='r' c='validate_script'/>
<use f='qtbase-6.5.0/src/3rdparty/libjpeg/src/jcmaster.c' l='227' macro='1' u='r' c='validate_script'/>
<use f='qtbase-6.5.0/src/3rdparty/libjpeg/src/jcmaster.c' l='227' macro='1' u='r' c='validate_script'/>
<use f='qtbase-6.5.0/src/3rdparty/libjpeg/src/jcmaster.c' l='227' macro='1' u='r' c='validate_script'/>
<use f='qtbase-6.5.0/src/3rdparty/libjpeg/src/jcmaster.c' l='250' macro='1' u='r' c='validate_script'/>
<use f='qtbase-6.5.0/src/3rdparty/libjpeg/src/jcmaster.c' l='250' macro='1' u='r' c='validate_script'/>
<use f='qtbase-6.5.0/src/3rdparty/libjpeg/src/jcmaster.c' l='250' macro='1' u='r' c='validate_script'/>
<use f='qtbase-6.5.0/src/3rdparty/libjpeg/src/jcmaster.c' l='253' macro='1' u='r' c='validate_script'/>
<use f='qtbase-6.5.0/src/3rdparty/libjpeg/src/jcmaster.c' l='253' macro='1' u='r' c='validate_script'/>
<use f='qtbase-6.5.0/src/3rdparty/libjpeg/src/jcmaster.c' l='253' macro='1' u='r' c='validate_script'/>
<use f='qtbase-6.5.0/src/3rdparty/libjpeg/src/jcmaster.c' l='256' macro='1' u='r' c='validate_script'/>
<use f='qtbase-6.5.0/src/3rdparty/libjpeg/src/jcmaster.c' l='256' macro='1' u='r' c='validate_script'/>
<use f='qtbase-6.5.0/src/3rdparty/libjpeg/src/jcmaster.c' l='256' macro='1' u='r' c='validate_script'/>
<use f='qtbase-6.5.0/src/3rdparty/libjpeg/src/jcmaster.c' l='261' macro='1' u='r' c='validate_script'/>
<use f='qtbase-6.5.0/src/3rdparty/libjpeg/src/jcmaster.c' l='261' macro='1' u='r' c='validate_script'/>
<use f='qtbase-6.5.0/src/3rdparty/libjpeg/src/jcmaster.c' l='261' macro='1' u='r' c='validate_script'/>
<use f='qtbase-6.5.0/src/3rdparty/libjpeg/src/jcmaster.c' l='266' macro='1' u='r' c='validate_script'/>
<use f='qtbase-6.5.0/src/3rdparty/libjpeg/src/jcmaster.c' l='266' macro='1' u='r' c='validate_script'/>
<use f='qtbase-6.5.0/src/3rdparty/libjpeg/src/jcmaster.c' l='266' macro='1' u='r' c='validate_script'/>
<use f='qtbase-6.5.0/src/3rdparty/libjpeg/src/jcmaster.c' l='270' macro='1' u='r' c='validate_script'/>
<use f='qtbase-6.5.0/src/3rdparty/libjpeg/src/jcmaster.c' l='270' macro='1' u='r' c='validate_script'/>
<use f='qtbase-6.5.0/src/3rdparty/libjpeg/src/jcmaster.c' l='270' macro='1' u='r' c='validate_script'/>
<use f='qtbase-6.5.0/src/3rdparty/libjpeg/src/jcmaster.c' l='279' macro='1' u='r' c='validate_script'/>
<use f='qtbase-6.5.0/src/3rdparty/libjpeg/src/jcmaster.c' l='279' macro='1' u='r' c='validate_script'/>
<use f='qtbase-6.5.0/src/3rdparty/libjpeg/src/jcmaster.c' l='279' macro='1' u='r' c='validate_script'/>
<use f='qtbase-6.5.0/src/3rdparty/libjpeg/src/jcmaster.c' l='284' macro='1' u='r' c='validate_script'/>
<use f='qtbase-6.5.0/src/3rdparty/libjpeg/src/jcmaster.c' l='284' macro='1' u='r' c='validate_script'/>
<use f='qtbase-6.5.0/src/3rdparty/libjpeg/src/jcmaster.c' l='284' macro='1' u='r' c='validate_script'/>
<use f='qtbase-6.5.0/src/3rdparty/libjpeg/src/jcmaster.c' l='300' macro='1' u='r' c='validate_script'/>
<use f='qtbase-6.5.0/src/3rdparty/libjpeg/src/jcmaster.c' l='300' macro='1' u='r' c='validate_script'/>
<use f='qtbase-6.5.0/src/3rdparty/libjpeg/src/jcmaster.c' l='306' macro='1' u='r' c='validate_script'/>
<use f='qtbase-6.5.0/src/3rdparty/libjpeg/src/jcmaster.c' l='306' macro='1' u='r' c='validate_script'/>
<use f='qtbase-6.5.0/src/3rdparty/libjpeg/src/jcmaster.c' l='340' macro='1' u='r' c='select_scan_parameters'/>
<use f='qtbase-6.5.0/src/3rdparty/libjpeg/src/jcmaster.c' l='340' macro='1' u='r' c='select_scan_parameters'/>
<use f='qtbase-6.5.0/src/3rdparty/libjpeg/src/jcmaster.c' l='340' macro='1' u='r' c='select_scan_parameters'/>
<use f='qtbase-6.5.0/src/3rdparty/libjpeg/src/jcmaster.c' l='340' macro='1' u='r' c='select_scan_parameters'/>
<use f='qtbase-6.5.0/src/3rdparty/libjpeg/src/jcmaster.c' l='392' macro='1' u='r' c='per_scan_setup'/>
<use f='qtbase-6.5.0/src/3rdparty/libjpeg/src/jcmaster.c' l='392' macro='1' u='r' c='per_scan_setup'/>
<use f='qtbase-6.5.0/src/3rdparty/libjpeg/src/jcmaster.c' l='392' macro='1' u='r' c='per_scan_setup'/>
<use f='qtbase-6.5.0/src/3rdparty/libjpeg/src/jcmaster.c' l='392' macro='1' u='r' c='per_scan_setup'/>
<use f='qtbase-6.5.0/src/3rdparty/libjpeg/src/jcmaster.c' l='422' macro='1' u='r' c='per_scan_setup'/>
<use f='qtbase-6.5.0/src/3rdparty/libjpeg/src/jcmaster.c' l='422' macro='1' u='r' c='per_scan_setup'/>
<use f='qtbase-6.5.0/src/3rdparty/libjpeg/src/jcmaster.c' l='512' macro='1' u='r' c='prepare_for_pass'/>
<use f='qtbase-6.5.0/src/3rdparty/libjpeg/src/jcmaster.c' l='512' macro='1' u='r' c='prepare_for_pass'/>
<use f='qtbase-6.5.0/src/3rdparty/libjpeg/src/jcparam.c' l='43' macro='1' u='r' c='jpeg_add_quant_table'/>
<use f='qtbase-6.5.0/src/3rdparty/libjpeg/src/jcparam.c' l='43' macro='1' u='r' c='jpeg_add_quant_table'/>
<use f='qtbase-6.5.0/src/3rdparty/libjpeg/src/jcparam.c' l='43' macro='1' u='r' c='jpeg_add_quant_table'/>
<use f='qtbase-6.5.0/src/3rdparty/libjpeg/src/jcparam.c' l='46' macro='1' u='r' c='jpeg_add_quant_table'/>
<use f='qtbase-6.5.0/src/3rdparty/libjpeg/src/jcparam.c' l='46' macro='1' u='r' c='jpeg_add_quant_table'/>
<use f='qtbase-6.5.0/src/3rdparty/libjpeg/src/jcparam.c' l='46' macro='1' u='r' c='jpeg_add_quant_table'/>
<use f='qtbase-6.5.0/src/3rdparty/libjpeg/src/jcparam.c' l='188' macro='1' u='r' c='jpeg_set_defaults'/>
<use f='qtbase-6.5.0/src/3rdparty/libjpeg/src/jcparam.c' l='188' macro='1' u='r' c='jpeg_set_defaults'/>
<use f='qtbase-6.5.0/src/3rdparty/libjpeg/src/jcparam.c' l='188' macro='1' u='r' c='jpeg_set_defaults'/>
<use f='qtbase-6.5.0/src/3rdparty/libjpeg/src/jcparam.c' l='314' macro='1' u='r' c='jpeg_default_colorspace'/>
<use f='qtbase-6.5.0/src/3rdparty/libjpeg/src/jcparam.c' l='314' macro='1' u='r' c='jpeg_default_colorspace'/>
<use f='qtbase-6.5.0/src/3rdparty/libjpeg/src/jcparam.c' l='340' macro='1' u='r' c='jpeg_set_colorspace'/>
<use f='qtbase-6.5.0/src/3rdparty/libjpeg/src/jcparam.c' l='340' macro='1' u='r' c='jpeg_set_colorspace'/>
<use f='qtbase-6.5.0/src/3rdparty/libjpeg/src/jcparam.c' l='340' macro='1' u='r' c='jpeg_set_colorspace'/>
<use f='qtbase-6.5.0/src/3rdparty/libjpeg/src/jcparam.c' l='393' macro='1' u='r' c='jpeg_set_colorspace'/>
<use f='qtbase-6.5.0/src/3rdparty/libjpeg/src/jcparam.c' l='393' macro='1' u='r' c='jpeg_set_colorspace'/>
<use f='qtbase-6.5.0/src/3rdparty/libjpeg/src/jcparam.c' l='393' macro='1' u='r' c='jpeg_set_colorspace'/>
<use f='qtbase-6.5.0/src/3rdparty/libjpeg/src/jcparam.c' l='393' macro='1' u='r' c='jpeg_set_colorspace'/>
<use f='qtbase-6.5.0/src/3rdparty/libjpeg/src/jcparam.c' l='400' macro='1' u='r' c='jpeg_set_colorspace'/>
<use f='qtbase-6.5.0/src/3rdparty/libjpeg/src/jcparam.c' l='400' macro='1' u='r' c='jpeg_set_colorspace'/>
<use f='qtbase-6.5.0/src/3rdparty/libjpeg/src/jcparam.c' l='476' macro='1' u='r' c='jpeg_simple_progression'/>
<use f='qtbase-6.5.0/src/3rdparty/libjpeg/src/jcparam.c' l='476' macro='1' u='r' c='jpeg_simple_progression'/>
<use f='qtbase-6.5.0/src/3rdparty/libjpeg/src/jcparam.c' l='476' macro='1' u='r' c='jpeg_simple_progression'/>
<use f='qtbase-6.5.0/src/3rdparty/libjpeg/src/jcphuff.c' l='270' macro='1' u='r' c='start_pass_phuff'/>
<use f='qtbase-6.5.0/src/3rdparty/libjpeg/src/jcphuff.c' l='270' macro='1' u='r' c='start_pass_phuff'/>
<use f='qtbase-6.5.0/src/3rdparty/libjpeg/src/jcphuff.c' l='270' macro='1' u='r' c='start_pass_phuff'/>
<use f='qtbase-6.5.0/src/3rdparty/libjpeg/src/jcphuff.c' l='320' macro='1' u='r' c='dump_buffer'/>
<use f='qtbase-6.5.0/src/3rdparty/libjpeg/src/jcphuff.c' l='320' macro='1' u='r' c='dump_buffer'/>
<use f='qtbase-6.5.0/src/3rdparty/libjpeg/src/jcphuff.c' l='345' macro='1' u='r' c='emit_bits'/>
<use f='qtbase-6.5.0/src/3rdparty/libjpeg/src/jcphuff.c' l='345' macro='1' u='r' c='emit_bits'/>
<use f='qtbase-6.5.0/src/3rdparty/libjpeg/src/jcphuff.c' l='432' macro='1' u='r' c='emit_eobrun'/>
<use f='qtbase-6.5.0/src/3rdparty/libjpeg/src/jcphuff.c' l='432' macro='1' u='r' c='emit_eobrun'/>
<use f='qtbase-6.5.0/src/3rdparty/libjpeg/src/jcphuff.c' l='535' macro='1' u='r' c='encode_mcu_DC_first'/>
<use f='qtbase-6.5.0/src/3rdparty/libjpeg/src/jcphuff.c' l='535' macro='1' u='r' c='encode_mcu_DC_first'/>
<use f='qtbase-6.5.0/src/3rdparty/libjpeg/src/jcphuff.c' l='708' macro='1' u='r' c='encode_mcu_AC_first'/>
<use f='qtbase-6.5.0/src/3rdparty/libjpeg/src/jcphuff.c' l='708' macro='1' u='r' c='encode_mcu_AC_first'/>
<use f='qtbase-6.5.0/src/3rdparty/libjpeg/src/jcprepct.c' l='86' macro='1' u='r' c='start_pass_prep'/>
<use f='qtbase-6.5.0/src/3rdparty/libjpeg/src/jcprepct.c' l='86' macro='1' u='r' c='start_pass_prep'/>
<use f='qtbase-6.5.0/src/3rdparty/libjpeg/src/jcprepct.c' l='319' macro='1' u='r' c='jinit_c_prep_controller'/>
<use f='qtbase-6.5.0/src/3rdparty/libjpeg/src/jcprepct.c' l='319' macro='1' u='r' c='jinit_c_prep_controller'/>
<use f='qtbase-6.5.0/src/3rdparty/libjpeg/src/jcsample.c' l='470' macro='1' u='r' c='jinit_downsampler'/>
<use f='qtbase-6.5.0/src/3rdparty/libjpeg/src/jcsample.c' l='470' macro='1' u='r' c='jinit_downsampler'/>
<use f='qtbase-6.5.0/src/3rdparty/libjpeg/src/jcsample.c' l='515' macro='1' u='r' c='jinit_downsampler'/>
<use f='qtbase-6.5.0/src/3rdparty/libjpeg/src/jcsample.c' l='515' macro='1' u='r' c='jinit_downsampler'/>
<use f='qtbase-6.5.0/src/3rdparty/libjpeg/src/jcsample.c' l='520' macro='1' u='r' c='jinit_downsampler'/>
<use f='qtbase-6.5.0/src/3rdparty/libjpeg/src/jcsample.c' l='520' macro='1' u='r' c='jinit_downsampler'/>
<use f='qtbase-6.5.0/src/3rdparty/libjpeg/src/jctrans.c' l='46' macro='1' u='r' c='jpeg_write_coefficients'/>
<use f='qtbase-6.5.0/src/3rdparty/libjpeg/src/jctrans.c' l='46' macro='1' u='r' c='jpeg_write_coefficients'/>
<use f='qtbase-6.5.0/src/3rdparty/libjpeg/src/jctrans.c' l='46' macro='1' u='r' c='jpeg_write_coefficients'/>
<use f='qtbase-6.5.0/src/3rdparty/libjpeg/src/jctrans.c' l='50' u='r' c='jpeg_write_coefficients'/>
<use f='qtbase-6.5.0/src/3rdparty/libjpeg/src/jctrans.c' l='77' macro='1' u='r' c='jpeg_copy_critical_parameters'/>
<use f='qtbase-6.5.0/src/3rdparty/libjpeg/src/jctrans.c' l='77' macro='1' u='r' c='jpeg_copy_critical_parameters'/>
<use f='qtbase-6.5.0/src/3rdparty/libjpeg/src/jctrans.c' l='77' macro='1' u='r' c='jpeg_copy_critical_parameters'/>
<use f='qtbase-6.5.0/src/3rdparty/libjpeg/src/jctrans.c' l='113' macro='1' u='r' c='jpeg_copy_critical_parameters'/>
<use f='qtbase-6.5.0/src/3rdparty/libjpeg/src/jctrans.c' l='113' macro='1' u='r' c='jpeg_copy_critical_parameters'/>
<use f='qtbase-6.5.0/src/3rdparty/libjpeg/src/jctrans.c' l='113' macro='1' u='r' c='jpeg_copy_critical_parameters'/>
<use f='qtbase-6.5.0/src/3rdparty/libjpeg/src/jctrans.c' l='113' macro='1' u='r' c='jpeg_copy_critical_parameters'/>
<use f='qtbase-6.5.0/src/3rdparty/libjpeg/src/jctrans.c' l='128' macro='1' u='r' c='jpeg_copy_critical_parameters'/>
<use f='qtbase-6.5.0/src/3rdparty/libjpeg/src/jctrans.c' l='128' macro='1' u='r' c='jpeg_copy_critical_parameters'/>
<use f='qtbase-6.5.0/src/3rdparty/libjpeg/src/jctrans.c' l='128' macro='1' u='r' c='jpeg_copy_critical_parameters'/>
<use f='qtbase-6.5.0/src/3rdparty/libjpeg/src/jctrans.c' l='134' macro='1' u='r' c='jpeg_copy_critical_parameters'/>
<use f='qtbase-6.5.0/src/3rdparty/libjpeg/src/jctrans.c' l='134' macro='1' u='r' c='jpeg_copy_critical_parameters'/>
<use f='qtbase-6.5.0/src/3rdparty/libjpeg/src/jctrans.c' l='134' macro='1' u='r' c='jpeg_copy_critical_parameters'/>
<use f='qtbase-6.5.0/src/3rdparty/libjpeg/src/jctrans.c' l='273' macro='1' u='r' c='start_pass_coef'/>
<use f='qtbase-6.5.0/src/3rdparty/libjpeg/src/jctrans.c' l='273' macro='1' u='r' c='start_pass_coef'/>
<use f='qtbase-6.5.0/src/3rdparty/libjpeg/src/jdatadst.c' l='116' macro='1' u='r' c='empty_output_buffer'/>
<use f='qtbase-6.5.0/src/3rdparty/libjpeg/src/jdatadst.c' l='116' macro='1' u='r' c='empty_output_buffer'/>
<use f='qtbase-6.5.0/src/3rdparty/libjpeg/src/jdatadst.c' l='137' macro='1' u='r' c='empty_mem_output_buffer'/>
<use f='qtbase-6.5.0/src/3rdparty/libjpeg/src/jdatadst.c' l='137' macro='1' u='r' c='empty_mem_output_buffer'/>
<use f='qtbase-6.5.0/src/3rdparty/libjpeg/src/jdatadst.c' l='137' macro='1' u='r' c='empty_mem_output_buffer'/>
<use f='qtbase-6.5.0/src/3rdparty/libjpeg/src/jdatadst.c' l='174' macro='1' u='r' c='term_destination'/>
<use f='qtbase-6.5.0/src/3rdparty/libjpeg/src/jdatadst.c' l='174' macro='1' u='r' c='term_destination'/>
<use f='qtbase-6.5.0/src/3rdparty/libjpeg/src/jdatadst.c' l='179' macro='1' u='r' c='term_destination'/>
<use f='qtbase-6.5.0/src/3rdparty/libjpeg/src/jdatadst.c' l='179' macro='1' u='r' c='term_destination'/>
<use f='qtbase-6.5.0/src/3rdparty/libjpeg/src/jdatadst.c' l='219' macro='1' u='r' c='jpeg_stdio_dest'/>
<use f='qtbase-6.5.0/src/3rdparty/libjpeg/src/jdatadst.c' l='219' macro='1' u='r' c='jpeg_stdio_dest'/>
<use f='qtbase-6.5.0/src/3rdparty/libjpeg/src/jdatadst.c' l='252' macro='1' u='r' c='jpeg_mem_dest'/>
<use f='qtbase-6.5.0/src/3rdparty/libjpeg/src/jdatadst.c' l='252' macro='1' u='r' c='jpeg_mem_dest'/>
<use f='qtbase-6.5.0/src/3rdparty/libjpeg/src/jdatadst.c' l='265' macro='1' u='r' c='jpeg_mem_dest'/>
<use f='qtbase-6.5.0/src/3rdparty/libjpeg/src/jdatadst.c' l='265' macro='1' u='r' c='jpeg_mem_dest'/>
<use f='qtbase-6.5.0/src/3rdparty/libjpeg/src/jdatadst.c' l='280' macro='1' u='r' c='jpeg_mem_dest'/>
<use f='qtbase-6.5.0/src/3rdparty/libjpeg/src/jdatadst.c' l='280' macro='1' u='r' c='jpeg_mem_dest'/>
<use f='qtbase-6.5.0/src/3rdparty/libjpeg/src/jdatadst.c' l='280' macro='1' u='r' c='jpeg_mem_dest'/>
<use f='qtbase-6.5.0/src/plugins/imageformats/jpeg/qjpeghandler.cpp' l='422' u='r' c='_ZL22qt_empty_output_bufferP20jpeg_compress_struct'/>
<use f='qtbase-6.5.0/src/plugins/imageformats/jpeg/qjpeghandler.cpp' l='437' u='r' c='_ZL19qt_term_destinationP20jpeg_compress_struct'/>
<use f='qtbase-6.5.0/src/plugins/imageformats/jpeg/qjpeghandler.cpp' l='507' u='w' c='_ZL19do_write_jpeg_imageR20jpeg_compress_structPPhRK6QImageP9QIODeviceiRK7QStringbb'/>
