<dec f='qtbase-6.5.0/src/3rdparty/libjpeg/src/jpeglib.h' l='271' type='struct jpeg_error_mgr *'/>
<offset>0</offset>
<use f='qtbase-6.5.0/src/3rdparty/libjpeg/src/jdapimin.c' l='41' macro='1' u='r' c='jpeg_CreateDecompress'/>
<use f='qtbase-6.5.0/src/3rdparty/libjpeg/src/jdapimin.c' l='41' macro='1' u='r' c='jpeg_CreateDecompress'/>
<use f='qtbase-6.5.0/src/3rdparty/libjpeg/src/jdapimin.c' l='41' macro='1' u='r' c='jpeg_CreateDecompress'/>
<use f='qtbase-6.5.0/src/3rdparty/libjpeg/src/jdapimin.c' l='41' macro='1' u='r' c='jpeg_CreateDecompress'/>
<use f='qtbase-6.5.0/src/3rdparty/libjpeg/src/jdapimin.c' l='43' macro='1' u='r' c='jpeg_CreateDecompress'/>
<use f='qtbase-6.5.0/src/3rdparty/libjpeg/src/jdapimin.c' l='43' macro='1' u='r' c='jpeg_CreateDecompress'/>
<use f='qtbase-6.5.0/src/3rdparty/libjpeg/src/jdapimin.c' l='43' macro='1' u='r' c='jpeg_CreateDecompress'/>
<use f='qtbase-6.5.0/src/3rdparty/libjpeg/src/jdapimin.c' l='43' macro='1' u='r' c='jpeg_CreateDecompress'/>
<use f='qtbase-6.5.0/src/3rdparty/libjpeg/src/jdapimin.c' l='53' u='r' c='jpeg_CreateDecompress'/>
<use f='qtbase-6.5.0/src/3rdparty/libjpeg/src/jdapimin.c' l='56' u='w' c='jpeg_CreateDecompress'/>
<use f='qtbase-6.5.0/src/3rdparty/libjpeg/src/jdapimin.c' l='149' macro='1' u='r' c='default_decompress_parms'/>
<use f='qtbase-6.5.0/src/3rdparty/libjpeg/src/jdapimin.c' l='149' macro='1' u='r' c='default_decompress_parms'/>
<use f='qtbase-6.5.0/src/3rdparty/libjpeg/src/jdapimin.c' l='149' macro='1' u='r' c='default_decompress_parms'/>
<use f='qtbase-6.5.0/src/3rdparty/libjpeg/src/jdapimin.c' l='164' macro='1' u='r' c='default_decompress_parms'/>
<use f='qtbase-6.5.0/src/3rdparty/libjpeg/src/jdapimin.c' l='164' macro='1' u='r' c='default_decompress_parms'/>
<use f='qtbase-6.5.0/src/3rdparty/libjpeg/src/jdapimin.c' l='164' macro='1' u='r' c='default_decompress_parms'/>
<use f='qtbase-6.5.0/src/3rdparty/libjpeg/src/jdapimin.c' l='182' macro='1' u='r' c='default_decompress_parms'/>
<use f='qtbase-6.5.0/src/3rdparty/libjpeg/src/jdapimin.c' l='182' macro='1' u='r' c='default_decompress_parms'/>
<use f='qtbase-6.5.0/src/3rdparty/libjpeg/src/jdapimin.c' l='182' macro='1' u='r' c='default_decompress_parms'/>
<use f='qtbase-6.5.0/src/3rdparty/libjpeg/src/jdapimin.c' l='259' macro='1' u='r' c='jpeg_read_header'/>
<use f='qtbase-6.5.0/src/3rdparty/libjpeg/src/jdapimin.c' l='259' macro='1' u='r' c='jpeg_read_header'/>
<use f='qtbase-6.5.0/src/3rdparty/libjpeg/src/jdapimin.c' l='259' macro='1' u='r' c='jpeg_read_header'/>
<use f='qtbase-6.5.0/src/3rdparty/libjpeg/src/jdapimin.c' l='269' macro='1' u='r' c='jpeg_read_header'/>
<use f='qtbase-6.5.0/src/3rdparty/libjpeg/src/jdapimin.c' l='269' macro='1' u='r' c='jpeg_read_header'/>
<use f='qtbase-6.5.0/src/3rdparty/libjpeg/src/jdapimin.c' l='335' macro='1' u='r' c='jpeg_consume_input'/>
<use f='qtbase-6.5.0/src/3rdparty/libjpeg/src/jdapimin.c' l='335' macro='1' u='r' c='jpeg_consume_input'/>
<use f='qtbase-6.5.0/src/3rdparty/libjpeg/src/jdapimin.c' l='335' macro='1' u='r' c='jpeg_consume_input'/>
<use f='qtbase-6.5.0/src/3rdparty/libjpeg/src/jdapimin.c' l='351' macro='1' u='r' c='jpeg_input_complete'/>
<use f='qtbase-6.5.0/src/3rdparty/libjpeg/src/jdapimin.c' l='351' macro='1' u='r' c='jpeg_input_complete'/>
<use f='qtbase-6.5.0/src/3rdparty/libjpeg/src/jdapimin.c' l='351' macro='1' u='r' c='jpeg_input_complete'/>
<use f='qtbase-6.5.0/src/3rdparty/libjpeg/src/jdapimin.c' l='366' macro='1' u='r' c='jpeg_has_multiple_scans'/>
<use f='qtbase-6.5.0/src/3rdparty/libjpeg/src/jdapimin.c' l='366' macro='1' u='r' c='jpeg_has_multiple_scans'/>
<use f='qtbase-6.5.0/src/3rdparty/libjpeg/src/jdapimin.c' l='366' macro='1' u='r' c='jpeg_has_multiple_scans'/>
<use f='qtbase-6.5.0/src/3rdparty/libjpeg/src/jdapimin.c' l='387' macro='1' u='r' c='jpeg_finish_decompress'/>
<use f='qtbase-6.5.0/src/3rdparty/libjpeg/src/jdapimin.c' l='387' macro='1' u='r' c='jpeg_finish_decompress'/>
<use f='qtbase-6.5.0/src/3rdparty/libjpeg/src/jdapimin.c' l='395' macro='1' u='r' c='jpeg_finish_decompress'/>
<use f='qtbase-6.5.0/src/3rdparty/libjpeg/src/jdapimin.c' l='395' macro='1' u='r' c='jpeg_finish_decompress'/>
<use f='qtbase-6.5.0/src/3rdparty/libjpeg/src/jdapimin.c' l='395' macro='1' u='r' c='jpeg_finish_decompress'/>
<use f='qtbase-6.5.0/src/3rdparty/libjpeg/src/jdapistd.c' l='87' macro='1' u='r' c='jpeg_start_decompress'/>
<use f='qtbase-6.5.0/src/3rdparty/libjpeg/src/jdapistd.c' l='87' macro='1' u='r' c='jpeg_start_decompress'/>
<use f='qtbase-6.5.0/src/3rdparty/libjpeg/src/jdapistd.c' l='87' macro='1' u='r' c='jpeg_start_decompress'/>
<use f='qtbase-6.5.0/src/3rdparty/libjpeg/src/jdapistd.c' l='168' macro='1' u='r' c='jpeg_crop_scanline'/>
<use f='qtbase-6.5.0/src/3rdparty/libjpeg/src/jdapistd.c' l='168' macro='1' u='r' c='jpeg_crop_scanline'/>
<use f='qtbase-6.5.0/src/3rdparty/libjpeg/src/jdapistd.c' l='168' macro='1' u='r' c='jpeg_crop_scanline'/>
<use f='qtbase-6.5.0/src/3rdparty/libjpeg/src/jdapistd.c' l='171' macro='1' u='r' c='jpeg_crop_scanline'/>
<use f='qtbase-6.5.0/src/3rdparty/libjpeg/src/jdapistd.c' l='171' macro='1' u='r' c='jpeg_crop_scanline'/>
<use f='qtbase-6.5.0/src/3rdparty/libjpeg/src/jdapistd.c' l='175' macro='1' u='r' c='jpeg_crop_scanline'/>
<use f='qtbase-6.5.0/src/3rdparty/libjpeg/src/jdapistd.c' l='175' macro='1' u='r' c='jpeg_crop_scanline'/>
<use f='qtbase-6.5.0/src/3rdparty/libjpeg/src/jdapistd.c' l='283' macro='1' u='r' c='jpeg_read_scanlines'/>
<use f='qtbase-6.5.0/src/3rdparty/libjpeg/src/jdapistd.c' l='283' macro='1' u='r' c='jpeg_read_scanlines'/>
<use f='qtbase-6.5.0/src/3rdparty/libjpeg/src/jdapistd.c' l='283' macro='1' u='r' c='jpeg_read_scanlines'/>
<use f='qtbase-6.5.0/src/3rdparty/libjpeg/src/jdapistd.c' l='285' macro='1' u='r' c='jpeg_read_scanlines'/>
<use f='qtbase-6.5.0/src/3rdparty/libjpeg/src/jdapistd.c' l='285' macro='1' u='r' c='jpeg_read_scanlines'/>
<use f='qtbase-6.5.0/src/3rdparty/libjpeg/src/jdapistd.c' l='430' macro='1' u='r' c='jpeg_skip_scanlines'/>
<use f='qtbase-6.5.0/src/3rdparty/libjpeg/src/jdapistd.c' l='430' macro='1' u='r' c='jpeg_skip_scanlines'/>
<use f='qtbase-6.5.0/src/3rdparty/libjpeg/src/jdapistd.c' l='433' macro='1' u='r' c='jpeg_skip_scanlines'/>
<use f='qtbase-6.5.0/src/3rdparty/libjpeg/src/jdapistd.c' l='433' macro='1' u='r' c='jpeg_skip_scanlines'/>
<use f='qtbase-6.5.0/src/3rdparty/libjpeg/src/jdapistd.c' l='433' macro='1' u='r' c='jpeg_skip_scanlines'/>
<use f='qtbase-6.5.0/src/3rdparty/libjpeg/src/jdapistd.c' l='606' macro='1' u='r' c='jpeg_read_raw_data'/>
<use f='qtbase-6.5.0/src/3rdparty/libjpeg/src/jdapistd.c' l='606' macro='1' u='r' c='jpeg_read_raw_data'/>
<use f='qtbase-6.5.0/src/3rdparty/libjpeg/src/jdapistd.c' l='606' macro='1' u='r' c='jpeg_read_raw_data'/>
<use f='qtbase-6.5.0/src/3rdparty/libjpeg/src/jdapistd.c' l='608' macro='1' u='r' c='jpeg_read_raw_data'/>
<use f='qtbase-6.5.0/src/3rdparty/libjpeg/src/jdapistd.c' l='608' macro='1' u='r' c='jpeg_read_raw_data'/>
<use f='qtbase-6.5.0/src/3rdparty/libjpeg/src/jdapistd.c' l='622' macro='1' u='r' c='jpeg_read_raw_data'/>
<use f='qtbase-6.5.0/src/3rdparty/libjpeg/src/jdapistd.c' l='622' macro='1' u='r' c='jpeg_read_raw_data'/>
<use f='qtbase-6.5.0/src/3rdparty/libjpeg/src/jdapistd.c' l='647' macro='1' u='r' c='jpeg_start_output'/>
<use f='qtbase-6.5.0/src/3rdparty/libjpeg/src/jdapistd.c' l='647' macro='1' u='r' c='jpeg_start_output'/>
<use f='qtbase-6.5.0/src/3rdparty/libjpeg/src/jdapistd.c' l='647' macro='1' u='r' c='jpeg_start_output'/>
<use f='qtbase-6.5.0/src/3rdparty/libjpeg/src/jdapistd.c' l='677' macro='1' u='r' c='jpeg_finish_output'/>
<use f='qtbase-6.5.0/src/3rdparty/libjpeg/src/jdapistd.c' l='677' macro='1' u='r' c='jpeg_finish_output'/>
<use f='qtbase-6.5.0/src/3rdparty/libjpeg/src/jdapistd.c' l='677' macro='1' u='r' c='jpeg_finish_output'/>
<use f='qtbase-6.5.0/src/3rdparty/libjpeg/src/jdarith.c' l='81' macro='1' u='r' c='get_byte'/>
<use f='qtbase-6.5.0/src/3rdparty/libjpeg/src/jdarith.c' l='81' macro='1' u='r' c='get_byte'/>
<use f='qtbase-6.5.0/src/3rdparty/libjpeg/src/jdarith.c' l='207' macro='1' u='r' c='process_restart'/>
<use f='qtbase-6.5.0/src/3rdparty/libjpeg/src/jdarith.c' l='207' macro='1' u='r' c='process_restart'/>
<use f='qtbase-6.5.0/src/3rdparty/libjpeg/src/jdarith.c' l='292' macro='1' u='r' c='decode_mcu_DC_first'/>
<use f='qtbase-6.5.0/src/3rdparty/libjpeg/src/jdarith.c' l='292' macro='1' u='r' c='decode_mcu_DC_first'/>
<use f='qtbase-6.5.0/src/3rdparty/libjpeg/src/jdarith.c' l='359' macro='1' u='r' c='decode_mcu_AC_first'/>
<use f='qtbase-6.5.0/src/3rdparty/libjpeg/src/jdarith.c' l='359' macro='1' u='r' c='decode_mcu_AC_first'/>
<use f='qtbase-6.5.0/src/3rdparty/libjpeg/src/jdarith.c' l='376' macro='1' u='r' c='decode_mcu_AC_first'/>
<use f='qtbase-6.5.0/src/3rdparty/libjpeg/src/jdarith.c' l='376' macro='1' u='r' c='decode_mcu_AC_first'/>
<use f='qtbase-6.5.0/src/3rdparty/libjpeg/src/jdarith.c' l='489' macro='1' u='r' c='decode_mcu_AC_refine'/>
<use f='qtbase-6.5.0/src/3rdparty/libjpeg/src/jdarith.c' l='489' macro='1' u='r' c='decode_mcu_AC_refine'/>
<use f='qtbase-6.5.0/src/3rdparty/libjpeg/src/jdarith.c' l='550' macro='1' u='r' c='decode_mcu'/>
<use f='qtbase-6.5.0/src/3rdparty/libjpeg/src/jdarith.c' l='550' macro='1' u='r' c='decode_mcu'/>
<use f='qtbase-6.5.0/src/3rdparty/libjpeg/src/jdarith.c' l='587' macro='1' u='r' c='decode_mcu'/>
<use f='qtbase-6.5.0/src/3rdparty/libjpeg/src/jdarith.c' l='587' macro='1' u='r' c='decode_mcu'/>
<use f='qtbase-6.5.0/src/3rdparty/libjpeg/src/jdarith.c' l='604' macro='1' u='r' c='decode_mcu'/>
<use f='qtbase-6.5.0/src/3rdparty/libjpeg/src/jdarith.c' l='604' macro='1' u='r' c='decode_mcu'/>
<use f='qtbase-6.5.0/src/3rdparty/libjpeg/src/jdarith.c' l='658' macro='1' u='r' c='start_pass'/>
<use f='qtbase-6.5.0/src/3rdparty/libjpeg/src/jdarith.c' l='658' macro='1' u='r' c='start_pass'/>
<use f='qtbase-6.5.0/src/3rdparty/libjpeg/src/jdarith.c' l='658' macro='1' u='r' c='start_pass'/>
<use f='qtbase-6.5.0/src/3rdparty/libjpeg/src/jdarith.c' l='658' macro='1' u='r' c='start_pass'/>
<use f='qtbase-6.5.0/src/3rdparty/libjpeg/src/jdarith.c' l='658' macro='1' u='r' c='start_pass'/>
<use f='qtbase-6.5.0/src/3rdparty/libjpeg/src/jdarith.c' l='658' macro='1' u='r' c='start_pass'/>
<use f='qtbase-6.5.0/src/3rdparty/libjpeg/src/jdarith.c' l='671' macro='1' u='r' c='start_pass'/>
<use f='qtbase-6.5.0/src/3rdparty/libjpeg/src/jdarith.c' l='671' macro='1' u='r' c='start_pass'/>
<use f='qtbase-6.5.0/src/3rdparty/libjpeg/src/jdarith.c' l='671' macro='1' u='r' c='start_pass'/>
<use f='qtbase-6.5.0/src/3rdparty/libjpeg/src/jdarith.c' l='671' macro='1' u='r' c='start_pass'/>
<use f='qtbase-6.5.0/src/3rdparty/libjpeg/src/jdarith.c' l='681' macro='1' u='r' c='start_pass'/>
<use f='qtbase-6.5.0/src/3rdparty/libjpeg/src/jdarith.c' l='681' macro='1' u='r' c='start_pass'/>
<use f='qtbase-6.5.0/src/3rdparty/libjpeg/src/jdarith.c' l='681' macro='1' u='r' c='start_pass'/>
<use f='qtbase-6.5.0/src/3rdparty/libjpeg/src/jdarith.c' l='681' macro='1' u='r' c='start_pass'/>
<use f='qtbase-6.5.0/src/3rdparty/libjpeg/src/jdarith.c' l='703' macro='1' u='r' c='start_pass'/>
<use f='qtbase-6.5.0/src/3rdparty/libjpeg/src/jdarith.c' l='703' macro='1' u='r' c='start_pass'/>
<use f='qtbase-6.5.0/src/3rdparty/libjpeg/src/jdarith.c' l='714' macro='1' u='r' c='start_pass'/>
<use f='qtbase-6.5.0/src/3rdparty/libjpeg/src/jdarith.c' l='714' macro='1' u='r' c='start_pass'/>
<use f='qtbase-6.5.0/src/3rdparty/libjpeg/src/jdarith.c' l='714' macro='1' u='r' c='start_pass'/>
<use f='qtbase-6.5.0/src/3rdparty/libjpeg/src/jdarith.c' l='726' macro='1' u='r' c='start_pass'/>
<use f='qtbase-6.5.0/src/3rdparty/libjpeg/src/jdarith.c' l='726' macro='1' u='r' c='start_pass'/>
<use f='qtbase-6.5.0/src/3rdparty/libjpeg/src/jdarith.c' l='726' macro='1' u='r' c='start_pass'/>
<use f='qtbase-6.5.0/src/3rdparty/libjpeg/src/jdatasrc.c' l='111' macro='1' u='r' c='fill_input_buffer'/>
<use f='qtbase-6.5.0/src/3rdparty/libjpeg/src/jdatasrc.c' l='111' macro='1' u='r' c='fill_input_buffer'/>
<use f='qtbase-6.5.0/src/3rdparty/libjpeg/src/jdatasrc.c' l='112' macro='1' u='r' c='fill_input_buffer'/>
<use f='qtbase-6.5.0/src/3rdparty/libjpeg/src/jdatasrc.c' l='112' macro='1' u='r' c='fill_input_buffer'/>
<use f='qtbase-6.5.0/src/3rdparty/libjpeg/src/jdatasrc.c' l='138' macro='1' u='r' c='fill_mem_input_buffer'/>
<use f='qtbase-6.5.0/src/3rdparty/libjpeg/src/jdatasrc.c' l='138' macro='1' u='r' c='fill_mem_input_buffer'/>
<use f='qtbase-6.5.0/src/3rdparty/libjpeg/src/jdatasrc.c' l='241' macro='1' u='r' c='jpeg_stdio_src'/>
<use f='qtbase-6.5.0/src/3rdparty/libjpeg/src/jdatasrc.c' l='241' macro='1' u='r' c='jpeg_stdio_src'/>
<use f='qtbase-6.5.0/src/3rdparty/libjpeg/src/jdatasrc.c' l='269' macro='1' u='r' c='jpeg_mem_src'/>
<use f='qtbase-6.5.0/src/3rdparty/libjpeg/src/jdatasrc.c' l='269' macro='1' u='r' c='jpeg_mem_src'/>
<use f='qtbase-6.5.0/src/3rdparty/libjpeg/src/jdatasrc.c' l='283' macro='1' u='r' c='jpeg_mem_src'/>
<use f='qtbase-6.5.0/src/3rdparty/libjpeg/src/jdatasrc.c' l='283' macro='1' u='r' c='jpeg_mem_src'/>
<use f='qtbase-6.5.0/src/3rdparty/libjpeg/src/jdcolor.c' l='751' macro='1' u='r' c='jinit_color_deconverter'/>
<use f='qtbase-6.5.0/src/3rdparty/libjpeg/src/jdcolor.c' l='751' macro='1' u='r' c='jinit_color_deconverter'/>
<use f='qtbase-6.5.0/src/3rdparty/libjpeg/src/jdcolor.c' l='757' macro='1' u='r' c='jinit_color_deconverter'/>
<use f='qtbase-6.5.0/src/3rdparty/libjpeg/src/jdcolor.c' l='757' macro='1' u='r' c='jinit_color_deconverter'/>
<use f='qtbase-6.5.0/src/3rdparty/libjpeg/src/jdcolor.c' l='763' macro='1' u='r' c='jinit_color_deconverter'/>
<use f='qtbase-6.5.0/src/3rdparty/libjpeg/src/jdcolor.c' l='763' macro='1' u='r' c='jinit_color_deconverter'/>
<use f='qtbase-6.5.0/src/3rdparty/libjpeg/src/jdcolor.c' l='768' macro='1' u='r' c='jinit_color_deconverter'/>
<use f='qtbase-6.5.0/src/3rdparty/libjpeg/src/jdcolor.c' l='768' macro='1' u='r' c='jinit_color_deconverter'/>
<use f='qtbase-6.5.0/src/3rdparty/libjpeg/src/jdcolor.c' l='790' macro='1' u='r' c='jinit_color_deconverter'/>
<use f='qtbase-6.5.0/src/3rdparty/libjpeg/src/jdcolor.c' l='790' macro='1' u='r' c='jinit_color_deconverter'/>
<use f='qtbase-6.5.0/src/3rdparty/libjpeg/src/jdcolor.c' l='823' macro='1' u='r' c='jinit_color_deconverter'/>
<use f='qtbase-6.5.0/src/3rdparty/libjpeg/src/jdcolor.c' l='823' macro='1' u='r' c='jinit_color_deconverter'/>
<use f='qtbase-6.5.0/src/3rdparty/libjpeg/src/jdcolor.c' l='841' macro='1' u='r' c='jinit_color_deconverter'/>
<use f='qtbase-6.5.0/src/3rdparty/libjpeg/src/jdcolor.c' l='841' macro='1' u='r' c='jinit_color_deconverter'/>
<use f='qtbase-6.5.0/src/3rdparty/libjpeg/src/jdcolor.c' l='852' macro='1' u='r' c='jinit_color_deconverter'/>
<use f='qtbase-6.5.0/src/3rdparty/libjpeg/src/jdcolor.c' l='852' macro='1' u='r' c='jinit_color_deconverter'/>
<use f='qtbase-6.5.0/src/3rdparty/libjpeg/src/jdcolor.c' l='864' macro='1' u='r' c='jinit_color_deconverter'/>
<use f='qtbase-6.5.0/src/3rdparty/libjpeg/src/jdcolor.c' l='864' macro='1' u='r' c='jinit_color_deconverter'/>
<use f='qtbase-6.5.0/src/3rdparty/libjpeg/src/jdcolor.c' l='873' macro='1' u='r' c='jinit_color_deconverter'/>
<use f='qtbase-6.5.0/src/3rdparty/libjpeg/src/jdcolor.c' l='873' macro='1' u='r' c='jinit_color_deconverter'/>
<use f='qtbase-6.5.0/src/3rdparty/libjpeg/src/jddctmgr.c' l='181' macro='1' u='r' c='start_pass'/>
<use f='qtbase-6.5.0/src/3rdparty/libjpeg/src/jddctmgr.c' l='181' macro='1' u='r' c='start_pass'/>
<use f='qtbase-6.5.0/src/3rdparty/libjpeg/src/jddctmgr.c' l='225' macro='1' u='r' c='start_pass'/>
<use f='qtbase-6.5.0/src/3rdparty/libjpeg/src/jddctmgr.c' l='225' macro='1' u='r' c='start_pass'/>
<use f='qtbase-6.5.0/src/3rdparty/libjpeg/src/jddctmgr.c' l='225' macro='1' u='r' c='start_pass'/>
<use f='qtbase-6.5.0/src/3rdparty/libjpeg/src/jddctmgr.c' l='318' macro='1' u='r' c='start_pass'/>
<use f='qtbase-6.5.0/src/3rdparty/libjpeg/src/jddctmgr.c' l='318' macro='1' u='r' c='start_pass'/>
<use f='qtbase-6.5.0/src/3rdparty/libjpeg/src/jdhuff.c' l='90' macro='1' u='r' c='start_pass_huff_decoder'/>
<use f='qtbase-6.5.0/src/3rdparty/libjpeg/src/jdhuff.c' l='90' macro='1' u='r' c='start_pass_huff_decoder'/>
<use f='qtbase-6.5.0/src/3rdparty/libjpeg/src/jdhuff.c' l='158' macro='1' u='r' c='jpeg_make_d_derived_tbl'/>
<use f='qtbase-6.5.0/src/3rdparty/libjpeg/src/jdhuff.c' l='158' macro='1' u='r' c='jpeg_make_d_derived_tbl'/>
<use f='qtbase-6.5.0/src/3rdparty/libjpeg/src/jdhuff.c' l='158' macro='1' u='r' c='jpeg_make_d_derived_tbl'/>
<use f='qtbase-6.5.0/src/3rdparty/libjpeg/src/jdhuff.c' l='162' macro='1' u='r' c='jpeg_make_d_derived_tbl'/>
<use f='qtbase-6.5.0/src/3rdparty/libjpeg/src/jdhuff.c' l='162' macro='1' u='r' c='jpeg_make_d_derived_tbl'/>
<use f='qtbase-6.5.0/src/3rdparty/libjpeg/src/jdhuff.c' l='162' macro='1' u='r' c='jpeg_make_d_derived_tbl'/>
<use f='qtbase-6.5.0/src/3rdparty/libjpeg/src/jdhuff.c' l='178' macro='1' u='r' c='jpeg_make_d_derived_tbl'/>
<use f='qtbase-6.5.0/src/3rdparty/libjpeg/src/jdhuff.c' l='178' macro='1' u='r' c='jpeg_make_d_derived_tbl'/>
<use f='qtbase-6.5.0/src/3rdparty/libjpeg/src/jdhuff.c' l='200' macro='1' u='r' c='jpeg_make_d_derived_tbl'/>
<use f='qtbase-6.5.0/src/3rdparty/libjpeg/src/jdhuff.c' l='200' macro='1' u='r' c='jpeg_make_d_derived_tbl'/>
<use f='qtbase-6.5.0/src/3rdparty/libjpeg/src/jdhuff.c' l='256' macro='1' u='r' c='jpeg_make_d_derived_tbl'/>
<use f='qtbase-6.5.0/src/3rdparty/libjpeg/src/jdhuff.c' l='256' macro='1' u='r' c='jpeg_make_d_derived_tbl'/>
<use f='qtbase-6.5.0/src/3rdparty/libjpeg/src/jdhuff.c' l='366' macro='1' u='r' c='jpeg_fill_bit_buffer'/>
<use f='qtbase-6.5.0/src/3rdparty/libjpeg/src/jdhuff.c' l='366' macro='1' u='r' c='jpeg_fill_bit_buffer'/>
<use f='qtbase-6.5.0/src/3rdparty/libjpeg/src/jdhuff.c' l='464' macro='1' u='r' c='jpeg_huff_decode'/>
<use f='qtbase-6.5.0/src/3rdparty/libjpeg/src/jdhuff.c' l='464' macro='1' u='r' c='jpeg_huff_decode'/>
<use f='qtbase-6.5.0/src/3rdparty/libjpeg/src/jdinput.c' l='53' macro='1' u='r' c='initial_setup'/>
<use f='qtbase-6.5.0/src/3rdparty/libjpeg/src/jdinput.c' l='53' macro='1' u='r' c='initial_setup'/>
<use f='qtbase-6.5.0/src/3rdparty/libjpeg/src/jdinput.c' l='53' macro='1' u='r' c='initial_setup'/>
<use f='qtbase-6.5.0/src/3rdparty/libjpeg/src/jdinput.c' l='57' macro='1' u='r' c='initial_setup'/>
<use f='qtbase-6.5.0/src/3rdparty/libjpeg/src/jdinput.c' l='57' macro='1' u='r' c='initial_setup'/>
<use f='qtbase-6.5.0/src/3rdparty/libjpeg/src/jdinput.c' l='57' macro='1' u='r' c='initial_setup'/>
<use f='qtbase-6.5.0/src/3rdparty/libjpeg/src/jdinput.c' l='61' macro='1' u='r' c='initial_setup'/>
<use f='qtbase-6.5.0/src/3rdparty/libjpeg/src/jdinput.c' l='61' macro='1' u='r' c='initial_setup'/>
<use f='qtbase-6.5.0/src/3rdparty/libjpeg/src/jdinput.c' l='61' macro='1' u='r' c='initial_setup'/>
<use f='qtbase-6.5.0/src/3rdparty/libjpeg/src/jdinput.c' l='61' macro='1' u='r' c='initial_setup'/>
<use f='qtbase-6.5.0/src/3rdparty/libjpeg/src/jdinput.c' l='73' macro='1' u='r' c='initial_setup'/>
<use f='qtbase-6.5.0/src/3rdparty/libjpeg/src/jdinput.c' l='73' macro='1' u='r' c='initial_setup'/>
<use f='qtbase-6.5.0/src/3rdparty/libjpeg/src/jdinput.c' l='184' macro='1' u='r' c='per_scan_setup'/>
<use f='qtbase-6.5.0/src/3rdparty/libjpeg/src/jdinput.c' l='184' macro='1' u='r' c='per_scan_setup'/>
<use f='qtbase-6.5.0/src/3rdparty/libjpeg/src/jdinput.c' l='184' macro='1' u='r' c='per_scan_setup'/>
<use f='qtbase-6.5.0/src/3rdparty/libjpeg/src/jdinput.c' l='184' macro='1' u='r' c='per_scan_setup'/>
<use f='qtbase-6.5.0/src/3rdparty/libjpeg/src/jdinput.c' l='215' macro='1' u='r' c='per_scan_setup'/>
<use f='qtbase-6.5.0/src/3rdparty/libjpeg/src/jdinput.c' l='215' macro='1' u='r' c='per_scan_setup'/>
<use f='qtbase-6.5.0/src/3rdparty/libjpeg/src/jdinput.c' l='262' macro='1' u='r' c='latch_quant_tables'/>
<use f='qtbase-6.5.0/src/3rdparty/libjpeg/src/jdinput.c' l='262' macro='1' u='r' c='latch_quant_tables'/>
<use f='qtbase-6.5.0/src/3rdparty/libjpeg/src/jdinput.c' l='262' macro='1' u='r' c='latch_quant_tables'/>
<use f='qtbase-6.5.0/src/3rdparty/libjpeg/src/jdinput.c' l='336' macro='1' u='r' c='consume_markers'/>
<use f='qtbase-6.5.0/src/3rdparty/libjpeg/src/jdinput.c' l='336' macro='1' u='r' c='consume_markers'/>
<use f='qtbase-6.5.0/src/3rdparty/libjpeg/src/jdinput.c' l='344' macro='1' u='r' c='consume_markers'/>
<use f='qtbase-6.5.0/src/3rdparty/libjpeg/src/jdinput.c' l='344' macro='1' u='r' c='consume_markers'/>
<use f='qtbase-6.5.0/src/3rdparty/libjpeg/src/jdinput.c' l='375' u='r' c='reset_input_controller'/>
<use f='qtbase-6.5.0/src/3rdparty/libjpeg/src/jdmainct.c' l='280' macro='1' u='r' c='start_pass_main'/>
<use f='qtbase-6.5.0/src/3rdparty/libjpeg/src/jdmainct.c' l='280' macro='1' u='r' c='start_pass_main'/>
<use f='qtbase-6.5.0/src/3rdparty/libjpeg/src/jdmainct.c' l='437' macro='1' u='r' c='jinit_d_main_controller'/>
<use f='qtbase-6.5.0/src/3rdparty/libjpeg/src/jdmainct.c' l='437' macro='1' u='r' c='jinit_d_main_controller'/>
<use f='qtbase-6.5.0/src/3rdparty/libjpeg/src/jdmainct.c' l='444' macro='1' u='r' c='jinit_d_main_controller'/>
<use f='qtbase-6.5.0/src/3rdparty/libjpeg/src/jdmainct.c' l='444' macro='1' u='r' c='jinit_d_main_controller'/>
<use f='qtbase-6.5.0/src/3rdparty/libjpeg/src/jdmarker.c' l='205' macro='1' u='r' c='get_soi'/>
<use f='qtbase-6.5.0/src/3rdparty/libjpeg/src/jdmarker.c' l='205' macro='1' u='r' c='get_soi'/>
<use f='qtbase-6.5.0/src/3rdparty/libjpeg/src/jdmarker.c' l='208' macro='1' u='r' c='get_soi'/>
<use f='qtbase-6.5.0/src/3rdparty/libjpeg/src/jdmarker.c' l='208' macro='1' u='r' c='get_soi'/>
<use f='qtbase-6.5.0/src/3rdparty/libjpeg/src/jdmarker.c' l='260' macro='1' u='r' c='get_sof'/>
<use f='qtbase-6.5.0/src/3rdparty/libjpeg/src/jdmarker.c' l='260' macro='1' u='r' c='get_sof'/>
<use f='qtbase-6.5.0/src/3rdparty/libjpeg/src/jdmarker.c' l='260' macro='1' u='r' c='get_sof'/>
<use f='qtbase-6.5.0/src/3rdparty/libjpeg/src/jdmarker.c' l='265' macro='1' u='r' c='get_sof'/>
<use f='qtbase-6.5.0/src/3rdparty/libjpeg/src/jdmarker.c' l='265' macro='1' u='r' c='get_sof'/>
<use f='qtbase-6.5.0/src/3rdparty/libjpeg/src/jdmarker.c' l='272' macro='1' u='r' c='get_sof'/>
<use f='qtbase-6.5.0/src/3rdparty/libjpeg/src/jdmarker.c' l='272' macro='1' u='r' c='get_sof'/>
<use f='qtbase-6.5.0/src/3rdparty/libjpeg/src/jdmarker.c' l='275' macro='1' u='r' c='get_sof'/>
<use f='qtbase-6.5.0/src/3rdparty/libjpeg/src/jdmarker.c' l='275' macro='1' u='r' c='get_sof'/>
<use f='qtbase-6.5.0/src/3rdparty/libjpeg/src/jdmarker.c' l='291' macro='1' u='r' c='get_sof'/>
<use f='qtbase-6.5.0/src/3rdparty/libjpeg/src/jdmarker.c' l='291' macro='1' u='r' c='get_sof'/>
<use f='qtbase-6.5.0/src/3rdparty/libjpeg/src/jdmarker.c' l='291' macro='1' u='r' c='get_sof'/>
<use f='qtbase-6.5.0/src/3rdparty/libjpeg/src/jdmarker.c' l='313' macro='1' u='r' c='get_sos'/>
<use f='qtbase-6.5.0/src/3rdparty/libjpeg/src/jdmarker.c' l='313' macro='1' u='r' c='get_sos'/>
<use f='qtbase-6.5.0/src/3rdparty/libjpeg/src/jdmarker.c' l='319' macro='1' u='r' c='get_sos'/>
<use f='qtbase-6.5.0/src/3rdparty/libjpeg/src/jdmarker.c' l='319' macro='1' u='r' c='get_sos'/>
<use f='qtbase-6.5.0/src/3rdparty/libjpeg/src/jdmarker.c' l='319' macro='1' u='r' c='get_sos'/>
<use f='qtbase-6.5.0/src/3rdparty/libjpeg/src/jdmarker.c' l='322' macro='1' u='r' c='get_sos'/>
<use f='qtbase-6.5.0/src/3rdparty/libjpeg/src/jdmarker.c' l='322' macro='1' u='r' c='get_sos'/>
<use f='qtbase-6.5.0/src/3rdparty/libjpeg/src/jdmarker.c' l='342' macro='1' u='r' c='get_sos'/>
<use f='qtbase-6.5.0/src/3rdparty/libjpeg/src/jdmarker.c' l='342' macro='1' u='r' c='get_sos'/>
<use f='qtbase-6.5.0/src/3rdparty/libjpeg/src/jdmarker.c' l='342' macro='1' u='r' c='get_sos'/>
<use f='qtbase-6.5.0/src/3rdparty/libjpeg/src/jdmarker.c' l='350' macro='1' u='r' c='get_sos'/>
<use f='qtbase-6.5.0/src/3rdparty/libjpeg/src/jdmarker.c' l='350' macro='1' u='r' c='get_sos'/>
<use f='qtbase-6.5.0/src/3rdparty/libjpeg/src/jdmarker.c' l='350' macro='1' u='r' c='get_sos'/>
<use f='qtbase-6.5.0/src/3rdparty/libjpeg/src/jdmarker.c' l='356' macro='1' u='r' c='get_sos'/>
<use f='qtbase-6.5.0/src/3rdparty/libjpeg/src/jdmarker.c' l='356' macro='1' u='r' c='get_sos'/>
<use f='qtbase-6.5.0/src/3rdparty/libjpeg/src/jdmarker.c' l='356' macro='1' u='r' c='get_sos'/>
<use f='qtbase-6.5.0/src/3rdparty/libjpeg/src/jdmarker.c' l='370' macro='1' u='r' c='get_sos'/>
<use f='qtbase-6.5.0/src/3rdparty/libjpeg/src/jdmarker.c' l='370' macro='1' u='r' c='get_sos'/>
<use f='qtbase-6.5.0/src/3rdparty/libjpeg/src/jdmarker.c' l='370' macro='1' u='r' c='get_sos'/>
<use f='qtbase-6.5.0/src/3rdparty/libjpeg/src/jdmarker.c' l='403' macro='1' u='r' c='get_dac'/>
<use f='qtbase-6.5.0/src/3rdparty/libjpeg/src/jdmarker.c' l='403' macro='1' u='r' c='get_dac'/>
<use f='qtbase-6.5.0/src/3rdparty/libjpeg/src/jdmarker.c' l='403' macro='1' u='r' c='get_dac'/>
<use f='qtbase-6.5.0/src/3rdparty/libjpeg/src/jdmarker.c' l='403' macro='1' u='r' c='get_dac'/>
<use f='qtbase-6.5.0/src/3rdparty/libjpeg/src/jdmarker.c' l='406' macro='1' u='r' c='get_dac'/>
<use f='qtbase-6.5.0/src/3rdparty/libjpeg/src/jdmarker.c' l='406' macro='1' u='r' c='get_dac'/>
<use f='qtbase-6.5.0/src/3rdparty/libjpeg/src/jdmarker.c' l='406' macro='1' u='r' c='get_dac'/>
<use f='qtbase-6.5.0/src/3rdparty/libjpeg/src/jdmarker.c' l='414' macro='1' u='r' c='get_dac'/>
<use f='qtbase-6.5.0/src/3rdparty/libjpeg/src/jdmarker.c' l='414' macro='1' u='r' c='get_dac'/>
<use f='qtbase-6.5.0/src/3rdparty/libjpeg/src/jdmarker.c' l='414' macro='1' u='r' c='get_dac'/>
<use f='qtbase-6.5.0/src/3rdparty/libjpeg/src/jdmarker.c' l='419' macro='1' u='r' c='get_dac'/>
<use f='qtbase-6.5.0/src/3rdparty/libjpeg/src/jdmarker.c' l='419' macro='1' u='r' c='get_dac'/>
<use f='qtbase-6.5.0/src/3rdparty/libjpeg/src/jdmarker.c' l='449' macro='1' u='r' c='get_dht'/>
<use f='qtbase-6.5.0/src/3rdparty/libjpeg/src/jdmarker.c' l='449' macro='1' u='r' c='get_dht'/>
<use f='qtbase-6.5.0/src/3rdparty/libjpeg/src/jdmarker.c' l='449' macro='1' u='r' c='get_dht'/>
<use f='qtbase-6.5.0/src/3rdparty/libjpeg/src/jdmarker.c' l='460' macro='1' u='r' c='get_dht'/>
<use f='qtbase-6.5.0/src/3rdparty/libjpeg/src/jdmarker.c' l='460' macro='1' u='r' c='get_dht'/>
<use f='qtbase-6.5.0/src/3rdparty/libjpeg/src/jdmarker.c' l='460' macro='1' u='r' c='get_dht'/>
<use f='qtbase-6.5.0/src/3rdparty/libjpeg/src/jdmarker.c' l='463' macro='1' u='r' c='get_dht'/>
<use f='qtbase-6.5.0/src/3rdparty/libjpeg/src/jdmarker.c' l='463' macro='1' u='r' c='get_dht'/>
<use f='qtbase-6.5.0/src/3rdparty/libjpeg/src/jdmarker.c' l='463' macro='1' u='r' c='get_dht'/>
<use f='qtbase-6.5.0/src/3rdparty/libjpeg/src/jdmarker.c' l='471' macro='1' u='r' c='get_dht'/>
<use f='qtbase-6.5.0/src/3rdparty/libjpeg/src/jdmarker.c' l='471' macro='1' u='r' c='get_dht'/>
<use f='qtbase-6.5.0/src/3rdparty/libjpeg/src/jdmarker.c' l='483' macro='1' u='r' c='get_dht'/>
<use f='qtbase-6.5.0/src/3rdparty/libjpeg/src/jdmarker.c' l='483' macro='1' u='r' c='get_dht'/>
<use f='qtbase-6.5.0/src/3rdparty/libjpeg/src/jdmarker.c' l='483' macro='1' u='r' c='get_dht'/>
<use f='qtbase-6.5.0/src/3rdparty/libjpeg/src/jdmarker.c' l='487' macro='1' u='r' c='get_dht'/>
<use f='qtbase-6.5.0/src/3rdparty/libjpeg/src/jdmarker.c' l='487' macro='1' u='r' c='get_dht'/>
<use f='qtbase-6.5.0/src/3rdparty/libjpeg/src/jdmarker.c' l='487' macro='1' u='r' c='get_dht'/>
<use f='qtbase-6.5.0/src/3rdparty/libjpeg/src/jdmarker.c' l='499' macro='1' u='r' c='get_dht'/>
<use f='qtbase-6.5.0/src/3rdparty/libjpeg/src/jdmarker.c' l='499' macro='1' u='r' c='get_dht'/>
<use f='qtbase-6.5.0/src/3rdparty/libjpeg/src/jdmarker.c' l='524' macro='1' u='r' c='get_dqt'/>
<use f='qtbase-6.5.0/src/3rdparty/libjpeg/src/jdmarker.c' l='524' macro='1' u='r' c='get_dqt'/>
<use f='qtbase-6.5.0/src/3rdparty/libjpeg/src/jdmarker.c' l='524' macro='1' u='r' c='get_dqt'/>
<use f='qtbase-6.5.0/src/3rdparty/libjpeg/src/jdmarker.c' l='524' macro='1' u='r' c='get_dqt'/>
<use f='qtbase-6.5.0/src/3rdparty/libjpeg/src/jdmarker.c' l='527' macro='1' u='r' c='get_dqt'/>
<use f='qtbase-6.5.0/src/3rdparty/libjpeg/src/jdmarker.c' l='527' macro='1' u='r' c='get_dqt'/>
<use f='qtbase-6.5.0/src/3rdparty/libjpeg/src/jdmarker.c' l='527' macro='1' u='r' c='get_dqt'/>
<use f='qtbase-6.5.0/src/3rdparty/libjpeg/src/jdmarker.c' l='542' u='r' c='get_dqt'/>
<use f='qtbase-6.5.0/src/3rdparty/libjpeg/src/jdmarker.c' l='544' macro='1' u='r' c='get_dqt'/>
<use f='qtbase-6.5.0/src/3rdparty/libjpeg/src/jdmarker.c' l='544' macro='1' u='r' c='get_dqt'/>
<use f='qtbase-6.5.0/src/3rdparty/libjpeg/src/jdmarker.c' l='544' macro='1' u='r' c='get_dqt'/>
<use f='qtbase-6.5.0/src/3rdparty/libjpeg/src/jdmarker.c' l='557' macro='1' u='r' c='get_dqt'/>
<use f='qtbase-6.5.0/src/3rdparty/libjpeg/src/jdmarker.c' l='557' macro='1' u='r' c='get_dqt'/>
<use f='qtbase-6.5.0/src/3rdparty/libjpeg/src/jdmarker.c' l='575' macro='1' u='r' c='get_dri'/>
<use f='qtbase-6.5.0/src/3rdparty/libjpeg/src/jdmarker.c' l='575' macro='1' u='r' c='get_dri'/>
<use f='qtbase-6.5.0/src/3rdparty/libjpeg/src/jdmarker.c' l='579' macro='1' u='r' c='get_dri'/>
<use f='qtbase-6.5.0/src/3rdparty/libjpeg/src/jdmarker.c' l='579' macro='1' u='r' c='get_dri'/>
<use f='qtbase-6.5.0/src/3rdparty/libjpeg/src/jdmarker.c' l='579' macro='1' u='r' c='get_dri'/>
<use f='qtbase-6.5.0/src/3rdparty/libjpeg/src/jdmarker.c' l='630' macro='1' u='r' c='examine_app0'/>
<use f='qtbase-6.5.0/src/3rdparty/libjpeg/src/jdmarker.c' l='630' macro='1' u='r' c='examine_app0'/>
<use f='qtbase-6.5.0/src/3rdparty/libjpeg/src/jdmarker.c' l='630' macro='1' u='r' c='examine_app0'/>
<use f='qtbase-6.5.0/src/3rdparty/libjpeg/src/jdmarker.c' l='630' macro='1' u='r' c='examine_app0'/>
<use f='qtbase-6.5.0/src/3rdparty/libjpeg/src/jdmarker.c' l='633' macro='1' u='r' c='examine_app0'/>
<use f='qtbase-6.5.0/src/3rdparty/libjpeg/src/jdmarker.c' l='633' macro='1' u='r' c='examine_app0'/>
<use f='qtbase-6.5.0/src/3rdparty/libjpeg/src/jdmarker.c' l='633' macro='1' u='r' c='examine_app0'/>
<use f='qtbase-6.5.0/src/3rdparty/libjpeg/src/jdmarker.c' l='638' macro='1' u='r' c='examine_app0'/>
<use f='qtbase-6.5.0/src/3rdparty/libjpeg/src/jdmarker.c' l='638' macro='1' u='r' c='examine_app0'/>
<use f='qtbase-6.5.0/src/3rdparty/libjpeg/src/jdmarker.c' l='638' macro='1' u='r' c='examine_app0'/>
<use f='qtbase-6.5.0/src/3rdparty/libjpeg/src/jdmarker.c' l='638' macro='1' u='r' c='examine_app0'/>
<use f='qtbase-6.5.0/src/3rdparty/libjpeg/src/jdmarker.c' l='641' macro='1' u='r' c='examine_app0'/>
<use f='qtbase-6.5.0/src/3rdparty/libjpeg/src/jdmarker.c' l='641' macro='1' u='r' c='examine_app0'/>
<use f='qtbase-6.5.0/src/3rdparty/libjpeg/src/jdmarker.c' l='641' macro='1' u='r' c='examine_app0'/>
<use f='qtbase-6.5.0/src/3rdparty/libjpeg/src/jdmarker.c' l='654' macro='1' u='r' c='examine_app0'/>
<use f='qtbase-6.5.0/src/3rdparty/libjpeg/src/jdmarker.c' l='654' macro='1' u='r' c='examine_app0'/>
<use f='qtbase-6.5.0/src/3rdparty/libjpeg/src/jdmarker.c' l='654' macro='1' u='r' c='examine_app0'/>
<use f='qtbase-6.5.0/src/3rdparty/libjpeg/src/jdmarker.c' l='657' macro='1' u='r' c='examine_app0'/>
<use f='qtbase-6.5.0/src/3rdparty/libjpeg/src/jdmarker.c' l='657' macro='1' u='r' c='examine_app0'/>
<use f='qtbase-6.5.0/src/3rdparty/libjpeg/src/jdmarker.c' l='657' macro='1' u='r' c='examine_app0'/>
<use f='qtbase-6.5.0/src/3rdparty/libjpeg/src/jdmarker.c' l='660' macro='1' u='r' c='examine_app0'/>
<use f='qtbase-6.5.0/src/3rdparty/libjpeg/src/jdmarker.c' l='660' macro='1' u='r' c='examine_app0'/>
<use f='qtbase-6.5.0/src/3rdparty/libjpeg/src/jdmarker.c' l='660' macro='1' u='r' c='examine_app0'/>
<use f='qtbase-6.5.0/src/3rdparty/libjpeg/src/jdmarker.c' l='663' macro='1' u='r' c='examine_app0'/>
<use f='qtbase-6.5.0/src/3rdparty/libjpeg/src/jdmarker.c' l='663' macro='1' u='r' c='examine_app0'/>
<use f='qtbase-6.5.0/src/3rdparty/libjpeg/src/jdmarker.c' l='663' macro='1' u='r' c='examine_app0'/>
<use f='qtbase-6.5.0/src/3rdparty/libjpeg/src/jdmarker.c' l='663' macro='1' u='r' c='examine_app0'/>
<use f='qtbase-6.5.0/src/3rdparty/libjpeg/src/jdmarker.c' l='668' macro='1' u='r' c='examine_app0'/>
<use f='qtbase-6.5.0/src/3rdparty/libjpeg/src/jdmarker.c' l='668' macro='1' u='r' c='examine_app0'/>
<use f='qtbase-6.5.0/src/3rdparty/libjpeg/src/jdmarker.c' l='668' macro='1' u='r' c='examine_app0'/>
<use f='qtbase-6.5.0/src/3rdparty/libjpeg/src/jdmarker.c' l='694' macro='1' u='r' c='examine_app14'/>
<use f='qtbase-6.5.0/src/3rdparty/libjpeg/src/jdmarker.c' l='694' macro='1' u='r' c='examine_app14'/>
<use f='qtbase-6.5.0/src/3rdparty/libjpeg/src/jdmarker.c' l='694' macro='1' u='r' c='examine_app14'/>
<use f='qtbase-6.5.0/src/3rdparty/libjpeg/src/jdmarker.c' l='699' macro='1' u='r' c='examine_app14'/>
<use f='qtbase-6.5.0/src/3rdparty/libjpeg/src/jdmarker.c' l='699' macro='1' u='r' c='examine_app14'/>
<use f='qtbase-6.5.0/src/3rdparty/libjpeg/src/jdmarker.c' l='699' macro='1' u='r' c='examine_app14'/>
<use f='qtbase-6.5.0/src/3rdparty/libjpeg/src/jdmarker.c' l='737' macro='1' u='r' c='get_interesting_appn'/>
<use f='qtbase-6.5.0/src/3rdparty/libjpeg/src/jdmarker.c' l='737' macro='1' u='r' c='get_interesting_appn'/>
<use f='qtbase-6.5.0/src/3rdparty/libjpeg/src/jdmarker.c' l='737' macro='1' u='r' c='get_interesting_appn'/>
<use f='qtbase-6.5.0/src/3rdparty/libjpeg/src/jdmarker.c' l='842' macro='1' u='r' c='save_marker'/>
<use f='qtbase-6.5.0/src/3rdparty/libjpeg/src/jdmarker.c' l='842' macro='1' u='r' c='save_marker'/>
<use f='qtbase-6.5.0/src/3rdparty/libjpeg/src/jdmarker.c' l='842' macro='1' u='r' c='save_marker'/>
<use f='qtbase-6.5.0/src/3rdparty/libjpeg/src/jdmarker.c' l='842' macro='1' u='r' c='save_marker'/>
<use f='qtbase-6.5.0/src/3rdparty/libjpeg/src/jdmarker.c' l='868' macro='1' u='r' c='skip_variable'/>
<use f='qtbase-6.5.0/src/3rdparty/libjpeg/src/jdmarker.c' l='868' macro='1' u='r' c='skip_variable'/>
<use f='qtbase-6.5.0/src/3rdparty/libjpeg/src/jdmarker.c' l='868' macro='1' u='r' c='skip_variable'/>
<use f='qtbase-6.5.0/src/3rdparty/libjpeg/src/jdmarker.c' l='868' macro='1' u='r' c='skip_variable'/>
<use f='qtbase-6.5.0/src/3rdparty/libjpeg/src/jdmarker.c' l='923' macro='1' u='r' c='next_marker'/>
<use f='qtbase-6.5.0/src/3rdparty/libjpeg/src/jdmarker.c' l='923' macro='1' u='r' c='next_marker'/>
<use f='qtbase-6.5.0/src/3rdparty/libjpeg/src/jdmarker.c' l='923' macro='1' u='r' c='next_marker'/>
<use f='qtbase-6.5.0/src/3rdparty/libjpeg/src/jdmarker.c' l='923' macro='1' u='r' c='next_marker'/>
<use f='qtbase-6.5.0/src/3rdparty/libjpeg/src/jdmarker.c' l='949' macro='1' u='r' c='first_marker'/>
<use f='qtbase-6.5.0/src/3rdparty/libjpeg/src/jdmarker.c' l='949' macro='1' u='r' c='first_marker'/>
<use f='qtbase-6.5.0/src/3rdparty/libjpeg/src/jdmarker.c' l='949' macro='1' u='r' c='first_marker'/>
<use f='qtbase-6.5.0/src/3rdparty/libjpeg/src/jdmarker.c' l='949' macro='1' u='r' c='first_marker'/>
<use f='qtbase-6.5.0/src/3rdparty/libjpeg/src/jdmarker.c' l='1022' macro='1' u='r' c='read_markers'/>
<use f='qtbase-6.5.0/src/3rdparty/libjpeg/src/jdmarker.c' l='1022' macro='1' u='r' c='read_markers'/>
<use f='qtbase-6.5.0/src/3rdparty/libjpeg/src/jdmarker.c' l='1022' macro='1' u='r' c='read_markers'/>
<use f='qtbase-6.5.0/src/3rdparty/libjpeg/src/jdmarker.c' l='1032' macro='1' u='r' c='read_markers'/>
<use f='qtbase-6.5.0/src/3rdparty/libjpeg/src/jdmarker.c' l='1032' macro='1' u='r' c='read_markers'/>
<use f='qtbase-6.5.0/src/3rdparty/libjpeg/src/jdmarker.c' l='1091' macro='1' u='r' c='read_markers'/>
<use f='qtbase-6.5.0/src/3rdparty/libjpeg/src/jdmarker.c' l='1091' macro='1' u='r' c='read_markers'/>
<use f='qtbase-6.5.0/src/3rdparty/libjpeg/src/jdmarker.c' l='1091' macro='1' u='r' c='read_markers'/>
<use f='qtbase-6.5.0/src/3rdparty/libjpeg/src/jdmarker.c' l='1105' macro='1' u='r' c='read_markers'/>
<use f='qtbase-6.5.0/src/3rdparty/libjpeg/src/jdmarker.c' l='1105' macro='1' u='r' c='read_markers'/>
<use f='qtbase-6.5.0/src/3rdparty/libjpeg/src/jdmarker.c' l='1105' macro='1' u='r' c='read_markers'/>
<use f='qtbase-6.5.0/src/3rdparty/libjpeg/src/jdmarker.c' l='1139' macro='1' u='r' c='read_restart_marker'/>
<use f='qtbase-6.5.0/src/3rdparty/libjpeg/src/jdmarker.c' l='1139' macro='1' u='r' c='read_restart_marker'/>
<use f='qtbase-6.5.0/src/3rdparty/libjpeg/src/jdmarker.c' l='1139' macro='1' u='r' c='read_restart_marker'/>
<use f='qtbase-6.5.0/src/3rdparty/libjpeg/src/jdmarker.c' l='1212' macro='1' u='r' c='jpeg_resync_to_restart'/>
<use f='qtbase-6.5.0/src/3rdparty/libjpeg/src/jdmarker.c' l='1212' macro='1' u='r' c='jpeg_resync_to_restart'/>
<use f='qtbase-6.5.0/src/3rdparty/libjpeg/src/jdmarker.c' l='1212' macro='1' u='r' c='jpeg_resync_to_restart'/>
<use f='qtbase-6.5.0/src/3rdparty/libjpeg/src/jdmarker.c' l='1212' macro='1' u='r' c='jpeg_resync_to_restart'/>
<use f='qtbase-6.5.0/src/3rdparty/libjpeg/src/jdmarker.c' l='1230' macro='1' u='r' c='jpeg_resync_to_restart'/>
<use f='qtbase-6.5.0/src/3rdparty/libjpeg/src/jdmarker.c' l='1230' macro='1' u='r' c='jpeg_resync_to_restart'/>
<use f='qtbase-6.5.0/src/3rdparty/libjpeg/src/jdmarker.c' l='1230' macro='1' u='r' c='jpeg_resync_to_restart'/>
<use f='qtbase-6.5.0/src/3rdparty/libjpeg/src/jdmarker.c' l='1230' macro='1' u='r' c='jpeg_resync_to_restart'/>
<use f='qtbase-6.5.0/src/3rdparty/libjpeg/src/jdmarker.c' l='1352' macro='1' u='r' c='jpeg_save_markers'/>
<use f='qtbase-6.5.0/src/3rdparty/libjpeg/src/jdmarker.c' l='1352' macro='1' u='r' c='jpeg_save_markers'/>
<use f='qtbase-6.5.0/src/3rdparty/libjpeg/src/jdmarker.c' l='1352' macro='1' u='r' c='jpeg_save_markers'/>
<use f='qtbase-6.5.0/src/3rdparty/libjpeg/src/jdmarker.c' l='1373' macro='1' u='r' c='jpeg_set_marker_processor'/>
<use f='qtbase-6.5.0/src/3rdparty/libjpeg/src/jdmarker.c' l='1373' macro='1' u='r' c='jpeg_set_marker_processor'/>
<use f='qtbase-6.5.0/src/3rdparty/libjpeg/src/jdmarker.c' l='1373' macro='1' u='r' c='jpeg_set_marker_processor'/>
<use f='qtbase-6.5.0/src/3rdparty/libjpeg/src/jdmaster.c' l='269' macro='1' u='r' c='jpeg_calc_output_dimensions'/>
<use f='qtbase-6.5.0/src/3rdparty/libjpeg/src/jdmaster.c' l='269' macro='1' u='r' c='jpeg_calc_output_dimensions'/>
<use f='qtbase-6.5.0/src/3rdparty/libjpeg/src/jdmaster.c' l='269' macro='1' u='r' c='jpeg_calc_output_dimensions'/>
<use f='qtbase-6.5.0/src/3rdparty/libjpeg/src/jdmaster.c' l='464' macro='1' u='r' c='master_selection'/>
<use f='qtbase-6.5.0/src/3rdparty/libjpeg/src/jdmaster.c' l='464' macro='1' u='r' c='master_selection'/>
<use f='qtbase-6.5.0/src/3rdparty/libjpeg/src/jdmaster.c' l='481' macro='1' u='r' c='master_selection'/>
<use f='qtbase-6.5.0/src/3rdparty/libjpeg/src/jdmaster.c' l='481' macro='1' u='r' c='master_selection'/>
<use f='qtbase-6.5.0/src/3rdparty/libjpeg/src/jdmaster.c' l='633' macro='1' u='r' c='prepare_for_output_pass'/>
<use f='qtbase-6.5.0/src/3rdparty/libjpeg/src/jdmaster.c' l='633' macro='1' u='r' c='prepare_for_output_pass'/>
<use f='qtbase-6.5.0/src/3rdparty/libjpeg/src/jdmaster.c' l='693' macro='1' u='r' c='jpeg_new_colormap'/>
<use f='qtbase-6.5.0/src/3rdparty/libjpeg/src/jdmaster.c' l='693' macro='1' u='r' c='jpeg_new_colormap'/>
<use f='qtbase-6.5.0/src/3rdparty/libjpeg/src/jdmaster.c' l='693' macro='1' u='r' c='jpeg_new_colormap'/>
<use f='qtbase-6.5.0/src/3rdparty/libjpeg/src/jdmaster.c' l='703' macro='1' u='r' c='jpeg_new_colormap'/>
<use f='qtbase-6.5.0/src/3rdparty/libjpeg/src/jdmaster.c' l='703' macro='1' u='r' c='jpeg_new_colormap'/>
<use f='qtbase-6.5.0/src/3rdparty/libjpeg/src/jdphuff.c' l='118' macro='1' u='r' c='start_pass_phuff_decoder'/>
<use f='qtbase-6.5.0/src/3rdparty/libjpeg/src/jdphuff.c' l='118' macro='1' u='r' c='start_pass_phuff_decoder'/>
<use f='qtbase-6.5.0/src/3rdparty/libjpeg/src/jdphuff.c' l='118' macro='1' u='r' c='start_pass_phuff_decoder'/>
<use f='qtbase-6.5.0/src/3rdparty/libjpeg/src/jdphuff.c' l='118' macro='1' u='r' c='start_pass_phuff_decoder'/>
<use f='qtbase-6.5.0/src/3rdparty/libjpeg/src/jdphuff.c' l='118' macro='1' u='r' c='start_pass_phuff_decoder'/>
<use f='qtbase-6.5.0/src/3rdparty/libjpeg/src/jdphuff.c' l='118' macro='1' u='r' c='start_pass_phuff_decoder'/>
<use f='qtbase-6.5.0/src/3rdparty/libjpeg/src/jdphuff.c' l='129' macro='1' u='r' c='start_pass_phuff_decoder'/>
<use f='qtbase-6.5.0/src/3rdparty/libjpeg/src/jdphuff.c' l='129' macro='1' u='r' c='start_pass_phuff_decoder'/>
<use f='qtbase-6.5.0/src/3rdparty/libjpeg/src/jdphuff.c' l='129' macro='1' u='r' c='start_pass_phuff_decoder'/>
<use f='qtbase-6.5.0/src/3rdparty/libjpeg/src/jdphuff.c' l='129' macro='1' u='r' c='start_pass_phuff_decoder'/>
<use f='qtbase-6.5.0/src/3rdparty/libjpeg/src/jdphuff.c' l='139' macro='1' u='r' c='start_pass_phuff_decoder'/>
<use f='qtbase-6.5.0/src/3rdparty/libjpeg/src/jdphuff.c' l='139' macro='1' u='r' c='start_pass_phuff_decoder'/>
<use f='qtbase-6.5.0/src/3rdparty/libjpeg/src/jdphuff.c' l='139' macro='1' u='r' c='start_pass_phuff_decoder'/>
<use f='qtbase-6.5.0/src/3rdparty/libjpeg/src/jdphuff.c' l='139' macro='1' u='r' c='start_pass_phuff_decoder'/>
<use f='qtbase-6.5.0/src/3rdparty/libjpeg/src/jdphuff.c' l='338' macro='1' u='r' c='decode_mcu_DC_first'/>
<use f='qtbase-6.5.0/src/3rdparty/libjpeg/src/jdphuff.c' l='338' macro='1' u='r' c='decode_mcu_DC_first'/>
<use f='qtbase-6.5.0/src/3rdparty/libjpeg/src/jdphuff.c' l='552' macro='1' u='r' c='decode_mcu_AC_refine'/>
<use f='qtbase-6.5.0/src/3rdparty/libjpeg/src/jdphuff.c' l='552' macro='1' u='r' c='decode_mcu_AC_refine'/>
<use f='qtbase-6.5.0/src/3rdparty/libjpeg/src/jdpostct.c' l='108' macro='1' u='r' c='start_pass_dpost'/>
<use f='qtbase-6.5.0/src/3rdparty/libjpeg/src/jdpostct.c' l='108' macro='1' u='r' c='start_pass_dpost'/>
<use f='qtbase-6.5.0/src/3rdparty/libjpeg/src/jdpostct.c' l='114' macro='1' u='r' c='start_pass_dpost'/>
<use f='qtbase-6.5.0/src/3rdparty/libjpeg/src/jdpostct.c' l='114' macro='1' u='r' c='start_pass_dpost'/>
<use f='qtbase-6.5.0/src/3rdparty/libjpeg/src/jdpostct.c' l='119' macro='1' u='r' c='start_pass_dpost'/>
<use f='qtbase-6.5.0/src/3rdparty/libjpeg/src/jdpostct.c' l='119' macro='1' u='r' c='start_pass_dpost'/>
<use f='qtbase-6.5.0/src/3rdparty/libjpeg/src/jdsample.c' l='433' macro='1' u='r' c='jinit_upsampler'/>
<use f='qtbase-6.5.0/src/3rdparty/libjpeg/src/jdsample.c' l='433' macro='1' u='r' c='jinit_upsampler'/>
<use f='qtbase-6.5.0/src/3rdparty/libjpeg/src/jdsample.c' l='515' macro='1' u='r' c='jinit_upsampler'/>
<use f='qtbase-6.5.0/src/3rdparty/libjpeg/src/jdsample.c' l='515' macro='1' u='r' c='jinit_upsampler'/>
<use f='qtbase-6.5.0/src/3rdparty/libjpeg/src/jdtrans.c' l='90' macro='1' u='r' c='jpeg_read_coefficients'/>
<use f='qtbase-6.5.0/src/3rdparty/libjpeg/src/jdtrans.c' l='90' macro='1' u='r' c='jpeg_read_coefficients'/>
<use f='qtbase-6.5.0/src/3rdparty/libjpeg/src/jdtrans.c' l='90' macro='1' u='r' c='jpeg_read_coefficients'/>
<use f='qtbase-6.5.0/src/3rdparty/libjpeg/src/jquant1.c' l='215' macro='1' u='r' c='select_ncolors'/>
<use f='qtbase-6.5.0/src/3rdparty/libjpeg/src/jquant1.c' l='215' macro='1' u='r' c='select_ncolors'/>
<use f='qtbase-6.5.0/src/3rdparty/libjpeg/src/jquant1.c' l='215' macro='1' u='r' c='select_ncolors'/>
<use f='qtbase-6.5.0/src/3rdparty/libjpeg/src/jquant1.c' l='289' macro='1' u='r' c='create_colormap'/>
<use f='qtbase-6.5.0/src/3rdparty/libjpeg/src/jquant1.c' l='289' macro='1' u='r' c='create_colormap'/>
<use f='qtbase-6.5.0/src/3rdparty/libjpeg/src/jquant1.c' l='289' macro='1' u='r' c='create_colormap'/>
<use f='qtbase-6.5.0/src/3rdparty/libjpeg/src/jquant1.c' l='293' macro='1' u='r' c='create_colormap'/>
<use f='qtbase-6.5.0/src/3rdparty/libjpeg/src/jquant1.c' l='293' macro='1' u='r' c='create_colormap'/>
<use f='qtbase-6.5.0/src/3rdparty/libjpeg/src/jquant1.c' l='293' macro='1' u='r' c='create_colormap'/>
<use f='qtbase-6.5.0/src/3rdparty/libjpeg/src/jquant1.c' l='787' macro='1' u='r' c='start_pass_1_quant'/>
<use f='qtbase-6.5.0/src/3rdparty/libjpeg/src/jquant1.c' l='787' macro='1' u='r' c='start_pass_1_quant'/>
<use f='qtbase-6.5.0/src/3rdparty/libjpeg/src/jquant1.c' l='812' macro='1' u='r' c='new_color_map_1_quant'/>
<use f='qtbase-6.5.0/src/3rdparty/libjpeg/src/jquant1.c' l='812' macro='1' u='r' c='new_color_map_1_quant'/>
<use f='qtbase-6.5.0/src/3rdparty/libjpeg/src/jquant1.c' l='837' macro='1' u='r' c='jinit_1pass_quantizer'/>
<use f='qtbase-6.5.0/src/3rdparty/libjpeg/src/jquant1.c' l='837' macro='1' u='r' c='jinit_1pass_quantizer'/>
<use f='qtbase-6.5.0/src/3rdparty/libjpeg/src/jquant1.c' l='837' macro='1' u='r' c='jinit_1pass_quantizer'/>
<use f='qtbase-6.5.0/src/3rdparty/libjpeg/src/jquant1.c' l='840' macro='1' u='r' c='jinit_1pass_quantizer'/>
<use f='qtbase-6.5.0/src/3rdparty/libjpeg/src/jquant1.c' l='840' macro='1' u='r' c='jinit_1pass_quantizer'/>
<use f='qtbase-6.5.0/src/3rdparty/libjpeg/src/jquant1.c' l='840' macro='1' u='r' c='jinit_1pass_quantizer'/>
<use f='qtbase-6.5.0/src/3rdparty/libjpeg/src/jquant2.c' l='544' macro='1' u='r' c='select_colors'/>
<use f='qtbase-6.5.0/src/3rdparty/libjpeg/src/jquant2.c' l='544' macro='1' u='r' c='select_colors'/>
<use f='qtbase-6.5.0/src/3rdparty/libjpeg/src/jquant2.c' l='544' macro='1' u='r' c='select_colors'/>
<use f='qtbase-6.5.0/src/3rdparty/libjpeg/src/jquant2.c' l='1168' macro='1' u='r' c='start_pass_2_quant'/>
<use f='qtbase-6.5.0/src/3rdparty/libjpeg/src/jquant2.c' l='1168' macro='1' u='r' c='start_pass_2_quant'/>
<use f='qtbase-6.5.0/src/3rdparty/libjpeg/src/jquant2.c' l='1168' macro='1' u='r' c='start_pass_2_quant'/>
<use f='qtbase-6.5.0/src/3rdparty/libjpeg/src/jquant2.c' l='1170' macro='1' u='r' c='start_pass_2_quant'/>
<use f='qtbase-6.5.0/src/3rdparty/libjpeg/src/jquant2.c' l='1170' macro='1' u='r' c='start_pass_2_quant'/>
<use f='qtbase-6.5.0/src/3rdparty/libjpeg/src/jquant2.c' l='1170' macro='1' u='r' c='start_pass_2_quant'/>
<use f='qtbase-6.5.0/src/3rdparty/libjpeg/src/jquant2.c' l='1234' macro='1' u='r' c='jinit_2pass_quantizer'/>
<use f='qtbase-6.5.0/src/3rdparty/libjpeg/src/jquant2.c' l='1234' macro='1' u='r' c='jinit_2pass_quantizer'/>
<use f='qtbase-6.5.0/src/3rdparty/libjpeg/src/jquant2.c' l='1255' macro='1' u='r' c='jinit_2pass_quantizer'/>
<use f='qtbase-6.5.0/src/3rdparty/libjpeg/src/jquant2.c' l='1255' macro='1' u='r' c='jinit_2pass_quantizer'/>
<use f='qtbase-6.5.0/src/3rdparty/libjpeg/src/jquant2.c' l='1255' macro='1' u='r' c='jinit_2pass_quantizer'/>
<use f='qtbase-6.5.0/src/3rdparty/libjpeg/src/jquant2.c' l='1258' macro='1' u='r' c='jinit_2pass_quantizer'/>
<use f='qtbase-6.5.0/src/3rdparty/libjpeg/src/jquant2.c' l='1258' macro='1' u='r' c='jinit_2pass_quantizer'/>
<use f='qtbase-6.5.0/src/3rdparty/libjpeg/src/jquant2.c' l='1258' macro='1' u='r' c='jinit_2pass_quantizer'/>
<use f='qtbase-6.5.0/src/plugins/imageformats/jpeg/qjpeghandler.cpp' l='899' u='w' c='_ZN19QJpegHandlerPrivate14readJpegHeaderEP9QIODevice'/>
