<dec f='qtbase-6.5.0/qmake/option.h' l='142' type='QFile'/>
<doc f='qtbase-6.5.0/qmake/option.h' l='141'>//all modes</doc>
<use f='qtbase-6.5.0/qmake/generators/makefile.cpp' l='1010' u='a' c='_ZN17MakefileGenerator20writeProjectMakefileEv'/>
<use f='qtbase-6.5.0/qmake/generators/makefile.cpp' l='1051' u='m' c='_ZN17MakefileGenerator20writeProjectMakefileEv'/>
<use f='qtbase-6.5.0/qmake/generators/makefile.cpp' l='1067' u='a' c='_ZN17MakefileGenerator5writeEv'/>
<use f='qtbase-6.5.0/qmake/generators/makefile.cpp' l='1071' u='m' c='_ZN17MakefileGenerator5writeEv'/>
<use f='qtbase-6.5.0/qmake/generators/makefile.cpp' l='1073' u='m' c='_ZN17MakefileGenerator5writeEv'/>
<use f='qtbase-6.5.0/qmake/generators/makefile.cpp' l='1074' u='m' c='_ZN17MakefileGenerator5writeEv'/>
<use f='qtbase-6.5.0/qmake/generators/makefile.cpp' l='2283' u='m' c='_ZN17MakefileGenerator13fullBuildArgsEv'/>
<use f='qtbase-6.5.0/qmake/generators/makefile.cpp' l='2308' u='m' c='_ZN17MakefileGenerator11writeHeaderER11QTextStream'/>
<use f='qtbase-6.5.0/qmake/generators/makefile.cpp' l='2659' u='m' c='_ZN17MakefileGenerator15writeSubTargetsER11QTextStream5QListIPNS_9SubTargetEEi'/>
<use f='qtbase-6.5.0/qmake/generators/makefile.cpp' l='2771' u='m' c='_ZN17MakefileGenerator14writeMakeQmakeER11QTextStreamb'/>
<use f='qtbase-6.5.0/qmake/generators/metamakefile.cpp' l='76' u='m' c='_ZN27BuildsMetaMakefileGenerator4initEv'/>
<use f='qtbase-6.5.0/qmake/generators/metamakefile.cpp' l='128' u='m' c='_ZN27BuildsMetaMakefileGenerator5writeEv'/>
<use f='qtbase-6.5.0/qmake/generators/metamakefile.cpp' l='130' u='m' c='_ZN27BuildsMetaMakefileGenerator5writeEv'/>
<use f='qtbase-6.5.0/qmake/generators/metamakefile.cpp' l='139' u='m' c='_ZN27BuildsMetaMakefileGenerator5writeEv'/>
<use f='qtbase-6.5.0/qmake/generators/metamakefile.cpp' l='140' u='m' c='_ZN27BuildsMetaMakefileGenerator5writeEv'/>
<use f='qtbase-6.5.0/qmake/generators/metamakefile.cpp' l='141' u='m' c='_ZN27BuildsMetaMakefileGenerator5writeEv'/>
<use f='qtbase-6.5.0/qmake/generators/metamakefile.cpp' l='143' u='m' c='_ZN27BuildsMetaMakefileGenerator5writeEv'/>
<use f='qtbase-6.5.0/qmake/generators/metamakefile.cpp' l='146' u='m' c='_ZN27BuildsMetaMakefileGenerator5writeEv'/>
<use f='qtbase-6.5.0/qmake/generators/metamakefile.cpp' l='148' u='m' c='_ZN27BuildsMetaMakefileGenerator5writeEv'/>
<use f='qtbase-6.5.0/qmake/generators/metamakefile.cpp' l='155' u='a' c='_ZN27BuildsMetaMakefileGenerator5writeEv'/>
<use f='qtbase-6.5.0/qmake/generators/metamakefile.cpp' l='157' u='m' c='_ZN27BuildsMetaMakefileGenerator5writeEv'/>
<use f='qtbase-6.5.0/qmake/generators/metamakefile.cpp' l='158' u='m' c='_ZN27BuildsMetaMakefileGenerator5writeEv'/>
<use f='qtbase-6.5.0/qmake/generators/metamakefile.cpp' l='179' u='m' c='_ZN27BuildsMetaMakefileGenerator5writeEv'/>
<use f='qtbase-6.5.0/qmake/generators/metamakefile.cpp' l='181' u='m' c='_ZN27BuildsMetaMakefileGenerator5writeEv'/>
<use f='qtbase-6.5.0/qmake/generators/metamakefile.cpp' l='298' u='m' c='_ZN28SubdirsMetaMakefileGenerator4initEv'/>
<use f='qtbase-6.5.0/qmake/generators/metamakefile.cpp' l='358' u='m' c='_ZN28SubdirsMetaMakefileGenerator4initEv'/>
<use f='qtbase-6.5.0/qmake/generators/metamakefile.cpp' l='359' u='m' c='_ZN28SubdirsMetaMakefileGenerator4initEv'/>
<use f='qtbase-6.5.0/qmake/generators/metamakefile.cpp' l='364' u='m' c='_ZN28SubdirsMetaMakefileGenerator4initEv'/>
<use f='qtbase-6.5.0/qmake/generators/metamakefile.cpp' l='370' u='m' c='_ZN28SubdirsMetaMakefileGenerator4initEv'/>
<use f='qtbase-6.5.0/qmake/generators/metamakefile.cpp' l='378' u='m' c='_ZN28SubdirsMetaMakefileGenerator4initEv'/>
<use f='qtbase-6.5.0/qmake/generators/metamakefile.cpp' l='378' u='r' c='_ZN28SubdirsMetaMakefileGenerator4initEv'/>
<use f='qtbase-6.5.0/qmake/generators/metamakefile.cpp' l='379' u='m' c='_ZN28SubdirsMetaMakefileGenerator4initEv'/>
<use f='qtbase-6.5.0/qmake/generators/metamakefile.cpp' l='393' u='m' c='_ZN28SubdirsMetaMakefileGenerator5writeEv'/>
<use f='qtbase-6.5.0/qmake/generators/metamakefile.cpp' l='398' u='m' c='_ZN28SubdirsMetaMakefileGenerator5writeEv'/>
<use f='qtbase-6.5.0/qmake/generators/metamakefile.cpp' l='403' u='m' c='_ZN28SubdirsMetaMakefileGenerator5writeEv'/>
<use f='qtbase-6.5.0/qmake/generators/metamakefile.cpp' l='409' u='m' c='_ZN28SubdirsMetaMakefileGenerator5writeEv'/>
<use f='qtbase-6.5.0/qmake/generators/projectgenerator.cpp' l='118' u='m' c='_ZN16ProjectGenerator4initEv'/>
<use f='qtbase-6.5.0/qmake/generators/projectgenerator.cpp' l='177' u='m' c='_ZN16ProjectGenerator4initEv'/>
<use f='qtbase-6.5.0/qmake/generators/unix/unixmake2.cpp' l='375' u='m' c='_ZN21UnixMakefileGenerator14writeMakePartsER11QTextStream'/>
<use f='qtbase-6.5.0/qmake/generators/unix/unixmake2.cpp' l='1052' u='m' c='_ZN21UnixMakefileGenerator14writeMakePartsER11QTextStream'/>
<use f='qtbase-6.5.0/qmake/generators/win32/mingw_make.cpp' l='239' u='m' c='_ZN22MingwMakefileGenerator19writeBuildRulesPartER11QTextStream'/>
<use f='qtbase-6.5.0/qmake/generators/win32/msbuild_objectmodel.cpp' l='514' u='m' c='_ZN16VCXProjectWriter5writeER9XmlOutputR21VCProjectSingleConfig'/>
<use f='qtbase-6.5.0/qmake/generators/win32/msbuild_objectmodel.cpp' l='753' u='m' c='_ZN16VCXProjectWriter5writeER9XmlOutputR9VCProject'/>
<use f='qtbase-6.5.0/qmake/generators/win32/msvc_nmake.cpp' l='373' u='m' c='_ZN22NmakeMakefileGenerator19writeBuildRulesPartER11QTextStream'/>
<use f='qtbase-6.5.0/qmake/generators/win32/msvc_vcproj.cpp' l='133' u='a' c='_ZN15VcprojGenerator20writeProjectMakefileEv'/>
<use f='qtbase-6.5.0/qmake/generators/win32/winmakefile.cpp' l='525' u='m' c='_ZN22Win32MakefileGenerator15writeCleanPartsER11QTextStream'/>
<use f='qtbase-6.5.0/qmake/main.cpp' l='467' u='m' c='_Z8runQMakeiPPc'/>
<use f='qtbase-6.5.0/qmake/main.cpp' l='467' u='m' c='_Z8runQMakeiPPc'/>
<use f='qtbase-6.5.0/qmake/main.cpp' l='470' u='r' c='_Z8runQMakeiPPc'/>
<use f='qtbase-6.5.0/qmake/main.cpp' l='482' u='m' c='_Z8runQMakeiPPc'/>
<def f='qtbase-6.5.0/qmake/option.cpp' l='57' type='QFile'/>
<use f='qtbase-6.5.0/qmake/option.cpp' l='180' u='m' c='_ZN6Option16parseCommandLineER5QListI7QStringER23QMakeCmdLineParserState'/>
