<use f='qtbase-6.5.0/src/tools/uic/uic.h' l='42' u='a' c='_ZN3Uic6outputEv'/>
<dec f='qtbase-6.5.0/src/tools/uic/uic.h' l='79' type='QTextStream &amp;'/>
<offset>64</offset>
<use f='qtbase-6.5.0/src/tools/uic/uic.cpp' l='29' u='w' c='_ZN3UicC1EP6Driver'/>
<use f='qtbase-6.5.0/src/tools/uic/uic.cpp' l='91' u='m' c='_ZNK3Uic23writeCopyrightHeaderCppEPK5DomUI'/>
<use f='qtbase-6.5.0/src/tools/uic/uic.cpp' l='93' u='m' c='_ZNK3Uic23writeCopyrightHeaderCppEPK5DomUI'/>
<use f='qtbase-6.5.0/src/tools/uic/uic.cpp' l='94' u='m' c='_ZNK3Uic23writeCopyrightHeaderCppEPK5DomUI'/>
<use f='qtbase-6.5.0/src/tools/uic/uic.cpp' l='95' u='m' c='_ZNK3Uic23writeCopyrightHeaderCppEPK5DomUI'/>
<use f='qtbase-6.5.0/src/tools/uic/uic.cpp' l='96' u='m' c='_ZNK3Uic23writeCopyrightHeaderCppEPK5DomUI'/>
<use f='qtbase-6.5.0/src/tools/uic/uic.cpp' l='97' u='m' c='_ZNK3Uic23writeCopyrightHeaderCppEPK5DomUI'/>
<use f='qtbase-6.5.0/src/tools/uic/uic.cpp' l='98' u='m' c='_ZNK3Uic23writeCopyrightHeaderCppEPK5DomUI'/>
<use f='qtbase-6.5.0/src/tools/uic/uic.cpp' l='99' u='m' c='_ZNK3Uic23writeCopyrightHeaderCppEPK5DomUI'/>
<use f='qtbase-6.5.0/src/tools/uic/uic.cpp' l='125' u='a' c='_ZNK3Uic26writeCopyrightHeaderPythonEPK5DomUI'/>
<use f='qtbase-6.5.0/src/tools/uic/uic.cpp' l='129' u='m' c='_ZNK3Uic26writeCopyrightHeaderPythonEPK5DomUI'/>
<use f='qtbase-6.5.0/src/tools/uic/uic.cpp' l='130' u='m' c='_ZNK3Uic26writeCopyrightHeaderPythonEPK5DomUI'/>
<use f='qtbase-6.5.0/src/tools/uic/uic.cpp' l='132' u='m' c='_ZNK3Uic26writeCopyrightHeaderPythonEPK5DomUI'/>
<use f='qtbase-6.5.0/src/tools/uic/uic.cpp' l='134' u='m' c='_ZNK3Uic26writeCopyrightHeaderPythonEPK5DomUI'/>
<use f='qtbase-6.5.0/src/tools/uic/uic.cpp' l='137' u='a' c='_ZNK3Uic26writeCopyrightHeaderPythonEPK5DomUI'/>
<use f='qtbase-6.5.0/src/tools/uic/uic.cpp' l='227' u='m' c='_ZN3Uic5writeEP5DomUI'/>
<use f='qtbase-6.5.0/src/tools/uic/uic.cpp' l='242' u='m' c='_ZN3Uic5writeEP5DomUI'/>
<use f='qtbase-6.5.0/src/tools/uic/uic.cpp' l='281' u='m' c='_ZN3Uic26writeHeaderProtectionStartEv'/>
<use f='qtbase-6.5.0/src/tools/uic/uic.cpp' l='288' u='m' c='_ZN3Uic24writeHeaderProtectionEndEv'/>
